2025-05-18T01:07:06.306318Z  INFO tailwindcss_oxide::scanner: Provided sources:
2025-05-18T01:07:06.306370Z  INFO tailwindcss_oxide::scanner: Source: PublicSourceEntry { base: "/Users/williamwallacepro/Windsurf/TravelAIgentSvelte/TravelerAIgent-Svelte", pattern: "**/*", negated: false }
2025-05-18T01:07:06.306407Z  INFO tailwindcss_oxide::scanner: Optimized sources:
2025-05-18T01:07:06.306411Z  INFO tailwindcss_oxide::scanner: Source: Auto { base: "/Users/williamwallacepro/Windsurf/TravelAIgentSvelte/TravelerAIgent-Svelte" }
2025-05-18T01:07:06.307114Z  INFO scan_sources: tailwindcss_oxide::scanner: enter
2025-05-18T01:07:06.307623Z  INFO scan_sources: tailwindcss_oxide::scanner: Discovering "/Users/williamwallacepro/Windsurf/TravelAIgentSvelte/TravelerAIgent-Svelte/Documentation"
2025-05-18T01:07:06.307717Z  INFO scan_sources: tailwindcss_oxide::scanner: Discovering "/Users/williamwallacepro/Windsurf/TravelAIgentSvelte/TravelerAIgent-Svelte/Documentation/Implemented"
2025-05-18T01:07:06.307752Z  INFO scan_sources: tailwindcss_oxide::scanner: Discovering "/Users/williamwallacepro/Windsurf/TravelAIgentSvelte/TravelerAIgent-Svelte/Documentation/Implemented/enhancedresponsivedesignfortablets.md"
2025-05-18T01:07:06.307774Z  INFO scan_sources: tailwindcss_oxide::scanner: Discovering "/Users/williamwallacepro/Windsurf/TravelAIgentSvelte/TravelerAIgent-Svelte/Documentation/assistedtripcreation.md"
2025-05-18T01:07:06.307849Z  INFO scan_sources: tailwindcss_oxide::scanner: Discovering "/Users/williamwallacepro/Windsurf/TravelAIgentSvelte/TravelerAIgent-Svelte/Documentation/ImplementationDesignandDetails"
2025-05-18T01:07:06.307871Z  INFO scan_sources: tailwindcss_oxide::scanner: Discovering "/Users/williamwallacepro/Windsurf/TravelAIgentSvelte/TravelerAIgent-Svelte/Documentation/ImplementationDesignandDetails/AI-TripRecommendations.md"
2025-05-18T01:07:06.307887Z  INFO scan_sources: tailwindcss_oxide::scanner: Discovering "/Users/williamwallacepro/Windsurf/TravelAIgentSvelte/TravelerAIgent-Svelte/Documentation/ImplementationDesignandDetails/CurrentChecklistRequirementsImplementations.md"
2025-05-18T01:07:06.307964Z  INFO scan_sources: tailwindcss_oxide::scanner: Discovering "/Users/williamwallacepro/Windsurf/TravelAIgentSvelte/TravelerAIgent-Svelte/Documentation/Svelte Conversion"
2025-05-18T01:07:06.307987Z  INFO scan_sources: tailwindcss_oxide::scanner: Discovering "/Users/williamwallacepro/Windsurf/TravelAIgentSvelte/TravelerAIgent-Svelte/Documentation/Svelte Conversion/Svelte Conversion Cascade Assessment.md"
2025-05-18T01:07:06.308002Z  INFO scan_sources: tailwindcss_oxide::scanner: Discovering "/Users/williamwallacepro/Windsurf/TravelAIgentSvelte/TravelerAIgent-Svelte/Documentation/Svelte Conversion/Conversion Implementation Steps.md"
2025-05-18T01:07:06.308081Z  INFO scan_sources: tailwindcss_oxide::scanner: Discovering "/Users/williamwallacepro/Windsurf/TravelAIgentSvelte/TravelerAIgent-Svelte/Documentation/Testing"
2025-05-18T01:07:06.308101Z  INFO scan_sources: tailwindcss_oxide::scanner: Discovering "/Users/williamwallacepro/Windsurf/TravelAIgentSvelte/TravelerAIgent-Svelte/Documentation/Testing/Mobile vs Desktop"
2025-05-18T01:07:06.308123Z  INFO scan_sources: tailwindcss_oxide::scanner: Discovering "/Users/williamwallacepro/Windsurf/TravelAIgentSvelte/TravelerAIgent-Svelte/Documentation/implementationofreviews.md"
2025-05-18T01:07:06.308193Z  INFO scan_sources: tailwindcss_oxide::scanner: Discovering "/Users/williamwallacepro/Windsurf/TravelAIgentSvelte/TravelerAIgent-Svelte/Documentation/FutureFeatures"
2025-05-18T01:07:06.308213Z  INFO scan_sources: tailwindcss_oxide::scanner: Discovering "/Users/williamwallacepro/Windsurf/TravelAIgentSvelte/TravelerAIgent-Svelte/Documentation/FutureFeatures/searchingsocialmedia.md"
2025-05-18T01:07:06.308225Z  INFO scan_sources: tailwindcss_oxide::scanner: Discovering "/Users/williamwallacepro/Windsurf/TravelAIgentSvelte/TravelerAIgent-Svelte/Documentation/FutureFeatures/PersonalizedTravelAdvisor.md"
2025-05-18T01:07:06.308236Z  INFO scan_sources: tailwindcss_oxide::scanner: Discovering "/Users/williamwallacepro/Windsurf/TravelAIgentSvelte/TravelerAIgent-Svelte/Documentation/FutureFeatures/augmentedrealitydestinationpreview.md"
2025-05-18T01:07:06.308255Z  INFO scan_sources: tailwindcss_oxide::scanner: Discovering "/Users/williamwallacepro/Windsurf/TravelAIgentSvelte/TravelerAIgent-Svelte/Documentation/FutureFeatures/interactivetripmemoryscrapbookwithAI-generatedcaptions.md"
2025-05-18T01:07:06.308335Z  INFO scan_sources: tailwindcss_oxide::scanner: Discovering "/Users/williamwallacepro/Windsurf/TravelAIgentSvelte/TravelerAIgent-Svelte/Documentation/ImplementationDesignandDetail"
2025-05-18T01:07:06.308357Z  INFO scan_sources: tailwindcss_oxide::scanner: Discovering "/Users/williamwallacepro/Windsurf/TravelAIgentSvelte/TravelerAIgent-Svelte/Documentation/ImplementationDesignandDetail/BudgetHeatmap.md"
2025-05-18T01:07:06.308367Z  INFO scan_sources: tailwindcss_oxide::scanner: Discovering "/Users/williamwallacepro/Windsurf/TravelAIgentSvelte/TravelerAIgent-Svelte/Documentation/ImplementationDesignandDetail/OnboardingTutorial.md"
2025-05-18T01:07:06.308386Z  INFO scan_sources: tailwindcss_oxide::scanner: Discovering "/Users/williamwallacepro/Windsurf/TravelAIgentSvelte/TravelerAIgent-Svelte/svelte.config.js"
2025-05-18T01:07:06.308394Z  INFO scan_sources: tailwindcss_oxide::scanner: Discovering "/Users/williamwallacepro/Windsurf/TravelAIgentSvelte/TravelerAIgent-Svelte/tailwind.config.js"
2025-05-18T01:07:06.308402Z  INFO scan_sources: tailwindcss_oxide::scanner: Discovering "/Users/williamwallacepro/Windsurf/TravelAIgentSvelte/TravelerAIgent-Svelte/LICENSE"
2025-05-18T01:07:06.308496Z  INFO scan_sources: tailwindcss_oxide::scanner: Discovering "/Users/williamwallacepro/Windsurf/TravelAIgentSvelte/TravelerAIgent-Svelte/vitest-setup-client.ts"
2025-05-18T01:07:06.308504Z  INFO scan_sources: tailwindcss_oxide::scanner: Discovering "/Users/williamwallacepro/Windsurf/TravelAIgentSvelte/TravelerAIgent-Svelte/.npmrc"
2025-05-18T01:07:06.308512Z  INFO scan_sources: tailwindcss_oxide::scanner: Discovering "/Users/williamwallacepro/Windsurf/TravelAIgentSvelte/TravelerAIgent-Svelte/.prettierignore"
2025-05-18T01:07:06.308519Z  INFO scan_sources: tailwindcss_oxide::scanner: Discovering "/Users/williamwallacepro/Windsurf/TravelAIgentSvelte/TravelerAIgent-Svelte/README.md"
2025-05-18T01:07:06.308526Z  INFO scan_sources: tailwindcss_oxide::scanner: Discovering "/Users/williamwallacepro/Windsurf/TravelAIgentSvelte/TravelerAIgent-Svelte/TravelerAIgent-Svelte.code-workspace"
2025-05-18T01:07:06.308544Z  INFO scan_sources: tailwindcss_oxide::scanner: Discovering "/Users/williamwallacepro/Windsurf/TravelAIgentSvelte/TravelerAIgent-Svelte/package.json"
2025-05-18T01:07:06.308616Z  INFO scan_sources: tailwindcss_oxide::scanner: Discovering "/Users/williamwallacepro/Windsurf/TravelAIgentSvelte/TravelerAIgent-Svelte/static"
2025-05-18T01:07:06.308697Z  INFO scan_sources: tailwindcss_oxide::scanner: Discovering "/Users/williamwallacepro/Windsurf/TravelAIgentSvelte/TravelerAIgent-Svelte/static/Documentation"
2025-05-18T01:07:06.308781Z  INFO scan_sources: tailwindcss_oxide::scanner: Discovering "/Users/williamwallacepro/Windsurf/TravelAIgentSvelte/TravelerAIgent-Svelte/static/Documentation/Implemented"
2025-05-18T01:07:06.308802Z  INFO scan_sources: tailwindcss_oxide::scanner: Discovering "/Users/williamwallacepro/Windsurf/TravelAIgentSvelte/TravelerAIgent-Svelte/static/Documentation/Implemented/enhancedresponsivedesignfortablets.md"
2025-05-18T01:07:06.308819Z  INFO scan_sources: tailwindcss_oxide::scanner: Discovering "/Users/williamwallacepro/Windsurf/TravelAIgentSvelte/TravelerAIgent-Svelte/static/Documentation/assistedtripcreation.md"
2025-05-18T01:07:06.308896Z  INFO scan_sources: tailwindcss_oxide::scanner: Discovering "/Users/williamwallacepro/Windsurf/TravelAIgentSvelte/TravelerAIgent-Svelte/static/Documentation/ImplementationDesignandDetails"
2025-05-18T01:07:06.308916Z  INFO scan_sources: tailwindcss_oxide::scanner: Discovering "/Users/williamwallacepro/Windsurf/TravelAIgentSvelte/TravelerAIgent-Svelte/static/Documentation/ImplementationDesignandDetails/AI-TripRecommendations.md"
2025-05-18T01:07:06.308932Z  INFO scan_sources: tailwindcss_oxide::scanner: Discovering "/Users/williamwallacepro/Windsurf/TravelAIgentSvelte/TravelerAIgent-Svelte/static/Documentation/ImplementationDesignandDetails/CurrentChecklistRequirementsImplementations.md"
2025-05-18T01:07:06.309012Z  INFO scan_sources: tailwindcss_oxide::scanner: Discovering "/Users/williamwallacepro/Windsurf/TravelAIgentSvelte/TravelerAIgent-Svelte/static/Documentation/Svelte Conversion"
2025-05-18T01:07:06.309031Z  INFO scan_sources: tailwindcss_oxide::scanner: Discovering "/Users/williamwallacepro/Windsurf/TravelAIgentSvelte/TravelerAIgent-Svelte/static/Documentation/Svelte Conversion/Svelte Conversion Cascade Assessment.md"
2025-05-18T01:07:06.309044Z  INFO scan_sources: tailwindcss_oxide::scanner: Discovering "/Users/williamwallacepro/Windsurf/TravelAIgentSvelte/TravelerAIgent-Svelte/static/Documentation/Svelte Conversion/Conversion Implementation Steps.md"
2025-05-18T01:07:06.309124Z  INFO scan_sources: tailwindcss_oxide::scanner: Discovering "/Users/williamwallacepro/Windsurf/TravelAIgentSvelte/TravelerAIgent-Svelte/static/Documentation/Testing"
2025-05-18T01:07:06.309142Z  INFO scan_sources: tailwindcss_oxide::scanner: Discovering "/Users/williamwallacepro/Windsurf/TravelAIgentSvelte/TravelerAIgent-Svelte/static/Documentation/Testing/Mobile vs Desktop"
2025-05-18T01:07:06.309160Z  INFO scan_sources: tailwindcss_oxide::scanner: Discovering "/Users/williamwallacepro/Windsurf/TravelAIgentSvelte/TravelerAIgent-Svelte/static/Documentation/implementationofreviews.md"
2025-05-18T01:07:06.309228Z  INFO scan_sources: tailwindcss_oxide::scanner: Discovering "/Users/williamwallacepro/Windsurf/TravelAIgentSvelte/TravelerAIgent-Svelte/static/Documentation/FutureFeatures"
2025-05-18T01:07:06.309250Z  INFO scan_sources: tailwindcss_oxide::scanner: Discovering "/Users/williamwallacepro/Windsurf/TravelAIgentSvelte/TravelerAIgent-Svelte/static/Documentation/FutureFeatures/searchingsocialmedia.md"
2025-05-18T01:07:06.309260Z  INFO scan_sources: tailwindcss_oxide::scanner: Discovering "/Users/williamwallacepro/Windsurf/TravelAIgentSvelte/TravelerAIgent-Svelte/static/Documentation/FutureFeatures/PersonalizedTravelAdvisor.md"
2025-05-18T01:07:06.309270Z  INFO scan_sources: tailwindcss_oxide::scanner: Discovering "/Users/williamwallacepro/Windsurf/TravelAIgentSvelte/TravelerAIgent-Svelte/static/Documentation/FutureFeatures/augmentedrealitydestinationpreview.md"
2025-05-18T01:07:06.309280Z  INFO scan_sources: tailwindcss_oxide::scanner: Discovering "/Users/williamwallacepro/Windsurf/TravelAIgentSvelte/TravelerAIgent-Svelte/static/Documentation/FutureFeatures/interactivetripmemoryscrapbookwithAI-generatedcaptions.md"
2025-05-18T01:07:06.309352Z  INFO scan_sources: tailwindcss_oxide::scanner: Discovering "/Users/williamwallacepro/Windsurf/TravelAIgentSvelte/TravelerAIgent-Svelte/static/Documentation/ImplementationDesignandDetail"
2025-05-18T01:07:06.309371Z  INFO scan_sources: tailwindcss_oxide::scanner: Discovering "/Users/williamwallacepro/Windsurf/TravelAIgentSvelte/TravelerAIgent-Svelte/static/Documentation/ImplementationDesignandDetail/BudgetHeatmap.md"
2025-05-18T01:07:06.309383Z  INFO scan_sources: tailwindcss_oxide::scanner: Discovering "/Users/williamwallacepro/Windsurf/TravelAIgentSvelte/TravelerAIgent-Svelte/static/Documentation/ImplementationDesignandDetail/OnboardingTutorial.md"
2025-05-18T01:07:06.309412Z  INFO scan_sources: tailwindcss_oxide::scanner: Discovering "/Users/williamwallacepro/Windsurf/TravelAIgentSvelte/TravelerAIgent-Svelte/.prettierrc"
2025-05-18T01:07:06.309422Z  INFO scan_sources: tailwindcss_oxide::scanner: Discovering "/Users/williamwallacepro/Windsurf/TravelAIgentSvelte/TravelerAIgent-Svelte/components.json"
2025-05-18T01:07:06.309431Z  INFO scan_sources: tailwindcss_oxide::scanner: Discovering "/Users/williamwallacepro/Windsurf/TravelAIgentSvelte/TravelerAIgent-Svelte/tsconfig.json"
2025-05-18T01:07:06.309525Z  INFO scan_sources: tailwindcss_oxide::scanner: Discovering "/Users/williamwallacepro/Windsurf/TravelAIgentSvelte/TravelerAIgent-Svelte/playwright.config.ts"
2025-05-18T01:07:06.309538Z  INFO scan_sources: tailwindcss_oxide::scanner: Discovering "/Users/williamwallacepro/Windsurf/TravelAIgentSvelte/TravelerAIgent-Svelte/eslint.config.js"
2025-05-18T01:07:06.309549Z  INFO scan_sources: tailwindcss_oxide::scanner: Discovering "/Users/williamwallacepro/Windsurf/TravelAIgentSvelte/TravelerAIgent-Svelte/.env.example"
2025-05-18T01:07:06.309557Z  INFO scan_sources: tailwindcss_oxide::scanner: Discovering "/Users/williamwallacepro/Windsurf/TravelAIgentSvelte/TravelerAIgent-Svelte/drizzle.config.ts"
2025-05-18T01:07:06.309566Z  INFO scan_sources: tailwindcss_oxide::scanner: Discovering "/Users/williamwallacepro/Windsurf/TravelAIgentSvelte/TravelerAIgent-Svelte/vite.config.ts"
2025-05-18T01:07:06.309702Z  INFO scan_sources: tailwindcss_oxide::scanner: Discovering "/Users/williamwallacepro/Windsurf/TravelAIgentSvelte/TravelerAIgent-Svelte/e2e"
2025-05-18T01:07:06.309719Z  INFO scan_sources: tailwindcss_oxide::scanner: Discovering "/Users/williamwallacepro/Windsurf/TravelAIgentSvelte/TravelerAIgent-Svelte/e2e/demo.test.ts"
2025-05-18T01:07:06.309734Z  INFO scan_sources: tailwindcss_oxide::scanner: Discovering "/Users/williamwallacepro/Windsurf/TravelAIgentSvelte/TravelerAIgent-Svelte/postcss.config.js"
2025-05-18T01:07:06.309797Z  INFO scan_sources: tailwindcss_oxide::scanner: Discovering "/Users/williamwallacepro/Windsurf/TravelAIgentSvelte/TravelerAIgent-Svelte/src"
2025-05-18T01:07:06.309817Z  INFO scan_sources: tailwindcss_oxide::scanner: Discovering "/Users/williamwallacepro/Windsurf/TravelAIgentSvelte/TravelerAIgent-Svelte/src/demo.spec.ts"
2025-05-18T01:07:06.309825Z  INFO scan_sources: tailwindcss_oxide::scanner: Discovering "/Users/williamwallacepro/Windsurf/TravelAIgentSvelte/TravelerAIgent-Svelte/src/app.d.ts"
2025-05-18T01:07:06.309831Z  INFO scan_sources: tailwindcss_oxide::scanner: Discovering "/Users/williamwallacepro/Windsurf/TravelAIgentSvelte/TravelerAIgent-Svelte/src/app.css"
2025-05-18T01:07:06.309839Z  INFO scan_sources: tailwindcss_oxide::scanner: Discovering "/Users/williamwallacepro/Windsurf/TravelAIgentSvelte/TravelerAIgent-Svelte/src/hooks.client.ts"
2025-05-18T01:07:06.309905Z  INFO scan_sources: tailwindcss_oxide::scanner: Discovering "/Users/williamwallacepro/Windsurf/TravelAIgentSvelte/TravelerAIgent-Svelte/src/lib"
2025-05-18T01:07:06.309980Z  INFO scan_sources: tailwindcss_oxide::scanner: Discovering "/Users/williamwallacepro/Windsurf/TravelAIgentSvelte/TravelerAIgent-Svelte/src/lib/auth"
2025-05-18T01:07:06.310006Z  INFO scan_sources: tailwindcss_oxide::scanner: Discovering "/Users/williamwallacepro/Windsurf/TravelAIgentSvelte/TravelerAIgent-Svelte/src/lib/utils.ts"
2025-05-18T01:07:06.310073Z  INFO scan_sources: tailwindcss_oxide::scanner: Discovering "/Users/williamwallacepro/Windsurf/TravelAIgentSvelte/TravelerAIgent-Svelte/src/lib/server"
2025-05-18T01:07:06.310148Z  INFO scan_sources: tailwindcss_oxide::scanner: Discovering "/Users/williamwallacepro/Windsurf/TravelAIgentSvelte/TravelerAIgent-Svelte/src/lib/server/db"
2025-05-18T01:07:06.310164Z  INFO scan_sources: tailwindcss_oxide::scanner: Discovering "/Users/williamwallacepro/Windsurf/TravelAIgentSvelte/TravelerAIgent-Svelte/src/lib/server/db/schema.ts"
2025-05-18T01:07:06.310175Z  INFO scan_sources: tailwindcss_oxide::scanner: Discovering "/Users/williamwallacepro/Windsurf/TravelAIgentSvelte/TravelerAIgent-Svelte/src/lib/server/db/index.ts"
2025-05-18T01:07:06.310189Z  INFO scan_sources: tailwindcss_oxide::scanner: Discovering "/Users/williamwallacepro/Windsurf/TravelAIgentSvelte/TravelerAIgent-Svelte/src/lib/server/auth.ts"
2025-05-18T01:07:06.310262Z  INFO scan_sources: tailwindcss_oxide::scanner: Discovering "/Users/williamwallacepro/Windsurf/TravelAIgentSvelte/TravelerAIgent-Svelte/src/lib/components"
2025-05-18T01:07:06.310339Z  INFO scan_sources: tailwindcss_oxide::scanner: Discovering "/Users/williamwallacepro/Windsurf/TravelAIgentSvelte/TravelerAIgent-Svelte/src/lib/components/ui"
2025-05-18T01:07:06.310437Z  INFO scan_sources: tailwindcss_oxide::scanner: Discovering "/Users/williamwallacepro/Windsurf/TravelAIgentSvelte/TravelerAIgent-Svelte/src/lib/components/ui/form"
2025-05-18T01:07:06.310466Z  INFO scan_sources: tailwindcss_oxide::scanner: Discovering "/Users/williamwallacepro/Windsurf/TravelAIgentSvelte/TravelerAIgent-Svelte/src/lib/components/ui/form/form-label.svelte"
2025-05-18T01:07:06.310478Z  INFO scan_sources: tailwindcss_oxide::scanner: Discovering "/Users/williamwallacepro/Windsurf/TravelAIgentSvelte/TravelerAIgent-Svelte/src/lib/components/ui/form/form-fieldset.svelte"
2025-05-18T01:07:06.310487Z  INFO scan_sources: tailwindcss_oxide::scanner: Discovering "/Users/williamwallacepro/Windsurf/TravelAIgentSvelte/TravelerAIgent-Svelte/src/lib/components/ui/form/form-button.svelte"
2025-05-18T01:07:06.310495Z  INFO scan_sources: tailwindcss_oxide::scanner: Discovering "/Users/williamwallacepro/Windsurf/TravelAIgentSvelte/TravelerAIgent-Svelte/src/lib/components/ui/form/form-field-errors.svelte"
2025-05-18T01:07:06.310503Z  INFO scan_sources: tailwindcss_oxide::scanner: Discovering "/Users/williamwallacepro/Windsurf/TravelAIgentSvelte/TravelerAIgent-Svelte/src/lib/components/ui/form/form-description.svelte"
2025-05-18T01:07:06.310511Z  INFO scan_sources: tailwindcss_oxide::scanner: Discovering "/Users/williamwallacepro/Windsurf/TravelAIgentSvelte/TravelerAIgent-Svelte/src/lib/components/ui/form/form-field.svelte"
2025-05-18T01:07:06.310518Z  INFO scan_sources: tailwindcss_oxide::scanner: Discovering "/Users/williamwallacepro/Windsurf/TravelAIgentSvelte/TravelerAIgent-Svelte/src/lib/components/ui/form/index.ts"
2025-05-18T01:07:06.310526Z  INFO scan_sources: tailwindcss_oxide::scanner: Discovering "/Users/williamwallacepro/Windsurf/TravelAIgentSvelte/TravelerAIgent-Svelte/src/lib/components/ui/form/form-element-field.svelte"
2025-05-18T01:07:06.310534Z  INFO scan_sources: tailwindcss_oxide::scanner: Discovering "/Users/williamwallacepro/Windsurf/TravelAIgentSvelte/TravelerAIgent-Svelte/src/lib/components/ui/form/form-legend.svelte"
2025-05-18T01:07:06.310609Z  INFO scan_sources: tailwindcss_oxide::scanner: Discovering "/Users/williamwallacepro/Windsurf/TravelAIgentSvelte/TravelerAIgent-Svelte/src/lib/components/ui/card"
2025-05-18T01:07:06.310631Z  INFO scan_sources: tailwindcss_oxide::scanner: Discovering "/Users/williamwallacepro/Windsurf/TravelAIgentSvelte/TravelerAIgent-Svelte/src/lib/components/ui/card/card-title.svelte"
2025-05-18T01:07:06.310639Z  INFO scan_sources: tailwindcss_oxide::scanner: Discovering "/Users/williamwallacepro/Windsurf/TravelAIgentSvelte/TravelerAIgent-Svelte/src/lib/components/ui/card/card-header.svelte"
2025-05-18T01:07:06.310647Z  INFO scan_sources: tailwindcss_oxide::scanner: Discovering "/Users/williamwallacepro/Windsurf/TravelAIgentSvelte/TravelerAIgent-Svelte/src/lib/components/ui/card/card-description.svelte"
2025-05-18T01:07:06.310655Z  INFO scan_sources: tailwindcss_oxide::scanner: Discovering "/Users/williamwallacepro/Windsurf/TravelAIgentSvelte/TravelerAIgent-Svelte/src/lib/components/ui/card/card.svelte"
2025-05-18T01:07:06.310662Z  INFO scan_sources: tailwindcss_oxide::scanner: Discovering "/Users/williamwallacepro/Windsurf/TravelAIgentSvelte/TravelerAIgent-Svelte/src/lib/components/ui/card/index.ts"
2025-05-18T01:07:06.310673Z  INFO scan_sources: tailwindcss_oxide::scanner: Discovering "/Users/williamwallacepro/Windsurf/TravelAIgentSvelte/TravelerAIgent-Svelte/src/lib/components/ui/card/card-content.svelte"
2025-05-18T01:07:06.310681Z  INFO scan_sources: tailwindcss_oxide::scanner: Discovering "/Users/williamwallacepro/Windsurf/TravelAIgentSvelte/TravelerAIgent-Svelte/src/lib/components/ui/card/card-footer.svelte"
2025-05-18T01:07:06.310764Z  INFO scan_sources: tailwindcss_oxide::scanner: Discovering "/Users/williamwallacepro/Windsurf/TravelAIgentSvelte/TravelerAIgent-Svelte/src/lib/components/ui/input"
2025-05-18T01:07:06.310786Z  INFO scan_sources: tailwindcss_oxide::scanner: Discovering "/Users/williamwallacepro/Windsurf/TravelAIgentSvelte/TravelerAIgent-Svelte/src/lib/components/ui/input/input.svelte"
2025-05-18T01:07:06.310797Z  INFO scan_sources: tailwindcss_oxide::scanner: Discovering "/Users/williamwallacepro/Windsurf/TravelAIgentSvelte/TravelerAIgent-Svelte/src/lib/components/ui/input/index.ts"
2025-05-18T01:07:06.310895Z  INFO scan_sources: tailwindcss_oxide::scanner: Discovering "/Users/williamwallacepro/Windsurf/TravelAIgentSvelte/TravelerAIgent-Svelte/src/lib/components/ui/alert"
2025-05-18T01:07:06.310917Z  INFO scan_sources: tailwindcss_oxide::scanner: Discovering "/Users/williamwallacepro/Windsurf/TravelAIgentSvelte/TravelerAIgent-Svelte/src/lib/components/ui/alert/alert-description.svelte"
2025-05-18T01:07:06.310925Z  INFO scan_sources: tailwindcss_oxide::scanner: Discovering "/Users/williamwallacepro/Windsurf/TravelAIgentSvelte/TravelerAIgent-Svelte/src/lib/components/ui/alert/alert-title.svelte"
2025-05-18T01:07:06.310933Z  INFO scan_sources: tailwindcss_oxide::scanner: Discovering "/Users/williamwallacepro/Windsurf/TravelAIgentSvelte/TravelerAIgent-Svelte/src/lib/components/ui/alert/index.ts"
2025-05-18T01:07:06.310941Z  INFO scan_sources: tailwindcss_oxide::scanner: Discovering "/Users/williamwallacepro/Windsurf/TravelAIgentSvelte/TravelerAIgent-Svelte/src/lib/components/ui/alert/alert.svelte"
2025-05-18T01:07:06.310996Z  INFO scan_sources: tailwindcss_oxide::scanner: Discovering "/Users/williamwallacepro/Windsurf/TravelAIgentSvelte/TravelerAIgent-Svelte/src/lib/components/ui/skeleton"
2025-05-18T01:07:06.311014Z  INFO scan_sources: tailwindcss_oxide::scanner: Discovering "/Users/williamwallacepro/Windsurf/TravelAIgentSvelte/TravelerAIgent-Svelte/src/lib/components/ui/skeleton/skeleton.svelte"
2025-05-18T01:07:06.311021Z  INFO scan_sources: tailwindcss_oxide::scanner: Discovering "/Users/williamwallacepro/Windsurf/TravelAIgentSvelte/TravelerAIgent-Svelte/src/lib/components/ui/skeleton/index.ts"
2025-05-18T01:07:06.311076Z  INFO scan_sources: tailwindcss_oxide::scanner: Discovering "/Users/williamwallacepro/Windsurf/TravelAIgentSvelte/TravelerAIgent-Svelte/src/lib/components/ui/separator"
2025-05-18T01:07:06.311092Z  INFO scan_sources: tailwindcss_oxide::scanner: Discovering "/Users/williamwallacepro/Windsurf/TravelAIgentSvelte/TravelerAIgent-Svelte/src/lib/components/ui/separator/separator.svelte"
2025-05-18T01:07:06.311099Z  INFO scan_sources: tailwindcss_oxide::scanner: Discovering "/Users/williamwallacepro/Windsurf/TravelAIgentSvelte/TravelerAIgent-Svelte/src/lib/components/ui/separator/index.ts"
2025-05-18T01:07:06.311166Z  INFO scan_sources: tailwindcss_oxide::scanner: Discovering "/Users/williamwallacepro/Windsurf/TravelAIgentSvelte/TravelerAIgent-Svelte/src/lib/components/ui/label"
2025-05-18T01:07:06.311182Z  INFO scan_sources: tailwindcss_oxide::scanner: Discovering "/Users/williamwallacepro/Windsurf/TravelAIgentSvelte/TravelerAIgent-Svelte/src/lib/components/ui/label/index.ts"
2025-05-18T01:07:06.311188Z  INFO scan_sources: tailwindcss_oxide::scanner: Discovering "/Users/williamwallacepro/Windsurf/TravelAIgentSvelte/TravelerAIgent-Svelte/src/lib/components/ui/label/label.svelte"
2025-05-18T01:07:06.311246Z  INFO scan_sources: tailwindcss_oxide::scanner: Discovering "/Users/williamwallacepro/Windsurf/TravelAIgentSvelte/TravelerAIgent-Svelte/src/lib/components/ui/dropdown-menu"
2025-05-18T01:07:06.311266Z  INFO scan_sources: tailwindcss_oxide::scanner: Discovering "/Users/williamwallacepro/Windsurf/TravelAIgentSvelte/TravelerAIgent-Svelte/src/lib/components/ui/dropdown-menu/dropdown-separator.svelte"
2025-05-18T01:07:06.311274Z  INFO scan_sources: tailwindcss_oxide::scanner: Discovering "/Users/williamwallacepro/Windsurf/TravelAIgentSvelte/TravelerAIgent-Svelte/src/lib/components/ui/dropdown-menu/dropdown-label.svelte"
2025-05-18T01:07:06.311281Z  INFO scan_sources: tailwindcss_oxide::scanner: Discovering "/Users/williamwallacepro/Windsurf/TravelAIgentSvelte/TravelerAIgent-Svelte/src/lib/components/ui/dropdown-menu/dropdown-content.svelte"
2025-05-18T01:07:06.311288Z  INFO scan_sources: tailwindcss_oxide::scanner: Discovering "/Users/williamwallacepro/Windsurf/TravelAIgentSvelte/TravelerAIgent-Svelte/src/lib/components/ui/dropdown-menu/dropdown-item.svelte"
2025-05-18T01:07:06.311300Z  INFO scan_sources: tailwindcss_oxide::scanner: Discovering "/Users/williamwallacepro/Windsurf/TravelAIgentSvelte/TravelerAIgent-Svelte/src/lib/components/ui/dropdown-menu/index.ts"
2025-05-18T01:07:06.311308Z  INFO scan_sources: tailwindcss_oxide::scanner: Discovering "/Users/williamwallacepro/Windsurf/TravelAIgentSvelte/TravelerAIgent-Svelte/src/lib/components/ui/dropdown-menu/dropdown-trigger.svelte"
2025-05-18T01:07:06.311369Z  INFO scan_sources: tailwindcss_oxide::scanner: Discovering "/Users/williamwallacepro/Windsurf/TravelAIgentSvelte/TravelerAIgent-Svelte/src/lib/components/ui/dialog"
2025-05-18T01:07:06.311388Z  INFO scan_sources: tailwindcss_oxide::scanner: Discovering "/Users/williamwallacepro/Windsurf/TravelAIgentSvelte/TravelerAIgent-Svelte/src/lib/components/ui/dialog/dialog-description.svelte"
2025-05-18T01:07:06.311396Z  INFO scan_sources: tailwindcss_oxide::scanner: Discovering "/Users/williamwallacepro/Windsurf/TravelAIgentSvelte/TravelerAIgent-Svelte/src/lib/components/ui/dialog/dialog-portal.svelte"
2025-05-18T01:07:06.311403Z  INFO scan_sources: tailwindcss_oxide::scanner: Discovering "/Users/williamwallacepro/Windsurf/TravelAIgentSvelte/TravelerAIgent-Svelte/src/lib/components/ui/dialog/dialog-title.svelte"
2025-05-18T01:07:06.311410Z  INFO scan_sources: tailwindcss_oxide::scanner: Discovering "/Users/williamwallacepro/Windsurf/TravelAIgentSvelte/TravelerAIgent-Svelte/src/lib/components/ui/dialog/dialog-footer.svelte"
2025-05-18T01:07:06.311418Z  INFO scan_sources: tailwindcss_oxide::scanner: Discovering "/Users/williamwallacepro/Windsurf/TravelAIgentSvelte/TravelerAIgent-Svelte/src/lib/components/ui/dialog/dialog-content.svelte"
2025-05-18T01:07:06.311425Z  INFO scan_sources: tailwindcss_oxide::scanner: Discovering "/Users/williamwallacepro/Windsurf/TravelAIgentSvelte/TravelerAIgent-Svelte/src/lib/components/ui/dialog/index.ts"
2025-05-18T01:07:06.311432Z  INFO scan_sources: tailwindcss_oxide::scanner: Discovering "/Users/williamwallacepro/Windsurf/TravelAIgentSvelte/TravelerAIgent-Svelte/src/lib/components/ui/dialog/dialog-header.svelte"
2025-05-18T01:07:06.311439Z  INFO scan_sources: tailwindcss_oxide::scanner: Discovering "/Users/williamwallacepro/Windsurf/TravelAIgentSvelte/TravelerAIgent-Svelte/src/lib/components/ui/dialog/dialog-overlay.svelte"
2025-05-18T01:07:06.311502Z  INFO scan_sources: tailwindcss_oxide::scanner: Discovering "/Users/williamwallacepro/Windsurf/TravelAIgentSvelte/TravelerAIgent-Svelte/src/lib/components/ui/textarea"
2025-05-18T01:07:06.311519Z  INFO scan_sources: tailwindcss_oxide::scanner: Discovering "/Users/williamwallacepro/Windsurf/TravelAIgentSvelte/TravelerAIgent-Svelte/src/lib/components/ui/textarea/textarea.svelte"
2025-05-18T01:07:06.311526Z  INFO scan_sources: tailwindcss_oxide::scanner: Discovering "/Users/williamwallacepro/Windsurf/TravelAIgentSvelte/TravelerAIgent-Svelte/src/lib/components/ui/textarea/index.ts"
2025-05-18T01:07:06.311581Z  INFO scan_sources: tailwindcss_oxide::scanner: Discovering "/Users/williamwallacepro/Windsurf/TravelAIgentSvelte/TravelerAIgent-Svelte/src/lib/components/ui/button"
2025-05-18T01:07:06.311597Z  INFO scan_sources: tailwindcss_oxide::scanner: Discovering "/Users/williamwallacepro/Windsurf/TravelAIgentSvelte/TravelerAIgent-Svelte/src/lib/components/ui/button/button.svelte"
2025-05-18T01:07:06.311604Z  INFO scan_sources: tailwindcss_oxide::scanner: Discovering "/Users/williamwallacepro/Windsurf/TravelAIgentSvelte/TravelerAIgent-Svelte/src/lib/components/ui/button/index.ts"
2025-05-18T01:07:06.311663Z  INFO scan_sources: tailwindcss_oxide::scanner: Discovering "/Users/williamwallacepro/Windsurf/TravelAIgentSvelte/TravelerAIgent-Svelte/src/lib/components/ui/select"
2025-05-18T01:07:06.311681Z  INFO scan_sources: tailwindcss_oxide::scanner: Discovering "/Users/williamwallacepro/Windsurf/TravelAIgentSvelte/TravelerAIgent-Svelte/src/lib/components/ui/select/select-separator.svelte"
2025-05-18T01:07:06.311693Z  INFO scan_sources: tailwindcss_oxide::scanner: Discovering "/Users/williamwallacepro/Windsurf/TravelAIgentSvelte/TravelerAIgent-Svelte/src/lib/components/ui/select/select-label.svelte"
2025-05-18T01:07:06.311701Z  INFO scan_sources: tailwindcss_oxide::scanner: Discovering "/Users/williamwallacepro/Windsurf/TravelAIgentSvelte/TravelerAIgent-Svelte/src/lib/components/ui/select/select-item.svelte"
2025-05-18T01:07:06.311708Z  INFO scan_sources: tailwindcss_oxide::scanner: Discovering "/Users/williamwallacepro/Windsurf/TravelAIgentSvelte/TravelerAIgent-Svelte/src/lib/components/ui/select/select-content.svelte"
2025-05-18T01:07:06.311715Z  INFO scan_sources: tailwindcss_oxide::scanner: Discovering "/Users/williamwallacepro/Windsurf/TravelAIgentSvelte/TravelerAIgent-Svelte/src/lib/components/ui/select/select-trigger.svelte"
2025-05-18T01:07:06.311725Z  INFO scan_sources: tailwindcss_oxide::scanner: Discovering "/Users/williamwallacepro/Windsurf/TravelAIgentSvelte/TravelerAIgent-Svelte/src/lib/components/ui/select/index.ts"
2025-05-18T01:07:06.311782Z  INFO scan_sources: tailwindcss_oxide::scanner: Discovering "/Users/williamwallacepro/Windsurf/TravelAIgentSvelte/TravelerAIgent-Svelte/src/lib/components/ui/sheet"
2025-05-18T01:07:06.311802Z  INFO scan_sources: tailwindcss_oxide::scanner: Discovering "/Users/williamwallacepro/Windsurf/TravelAIgentSvelte/TravelerAIgent-Svelte/src/lib/components/ui/sheet/sheet-content.svelte"
2025-05-18T01:07:06.311809Z  INFO scan_sources: tailwindcss_oxide::scanner: Discovering "/Users/williamwallacepro/Windsurf/TravelAIgentSvelte/TravelerAIgent-Svelte/src/lib/components/ui/sheet/sheet-footer.svelte"
2025-05-18T01:07:06.311816Z  INFO scan_sources: tailwindcss_oxide::scanner: Discovering "/Users/williamwallacepro/Windsurf/TravelAIgentSvelte/TravelerAIgent-Svelte/src/lib/components/ui/sheet/sheet-portal.svelte"
2025-05-18T01:07:06.311823Z  INFO scan_sources: tailwindcss_oxide::scanner: Discovering "/Users/williamwallacepro/Windsurf/TravelAIgentSvelte/TravelerAIgent-Svelte/src/lib/components/ui/sheet/sheet-overlay.svelte"
2025-05-18T01:07:06.311830Z  INFO scan_sources: tailwindcss_oxide::scanner: Discovering "/Users/williamwallacepro/Windsurf/TravelAIgentSvelte/TravelerAIgent-Svelte/src/lib/components/ui/sheet/sheet-header.svelte"
2025-05-18T01:07:06.311845Z  INFO scan_sources: tailwindcss_oxide::scanner: Discovering "/Users/williamwallacepro/Windsurf/TravelAIgentSvelte/TravelerAIgent-Svelte/src/lib/components/ui/sheet/sheet-title.svelte"
2025-05-18T01:07:06.311852Z  INFO scan_sources: tailwindcss_oxide::scanner: Discovering "/Users/williamwallacepro/Windsurf/TravelAIgentSvelte/TravelerAIgent-Svelte/src/lib/components/ui/sheet/index.ts"
2025-05-18T01:07:06.311859Z  INFO scan_sources: tailwindcss_oxide::scanner: Discovering "/Users/williamwallacepro/Windsurf/TravelAIgentSvelte/TravelerAIgent-Svelte/src/lib/components/ui/sheet/sheet-description.svelte"
2025-05-18T01:07:06.311926Z  INFO scan_sources: tailwindcss_oxide::scanner: Discovering "/Users/williamwallacepro/Windsurf/TravelAIgentSvelte/TravelerAIgent-Svelte/src/lib/components/layout"
2025-05-18T01:07:06.311947Z  INFO scan_sources: tailwindcss_oxide::scanner: Discovering "/Users/williamwallacepro/Windsurf/TravelAIgentSvelte/TravelerAIgent-Svelte/src/lib/components/layout/Header.svelte"
2025-05-18T01:07:06.311954Z  INFO scan_sources: tailwindcss_oxide::scanner: Discovering "/Users/williamwallacepro/Windsurf/TravelAIgentSvelte/TravelerAIgent-Svelte/src/lib/components/layout/Footer.svelte"
2025-05-18T01:07:06.312029Z  INFO scan_sources: tailwindcss_oxide::scanner: Discovering "/Users/williamwallacepro/Windsurf/TravelAIgentSvelte/TravelerAIgent-Svelte/src/lib/components/theme-toggle"
2025-05-18T01:07:06.312045Z  INFO scan_sources: tailwindcss_oxide::scanner: Discovering "/Users/williamwallacepro/Windsurf/TravelAIgentSvelte/TravelerAIgent-Svelte/src/lib/components/theme-toggle/index.ts"
2025-05-18T01:07:06.312052Z  INFO scan_sources: tailwindcss_oxide::scanner: Discovering "/Users/williamwallacepro/Windsurf/TravelAIgentSvelte/TravelerAIgent-Svelte/src/lib/components/theme-toggle/theme-toggle.svelte"
2025-05-18T01:07:06.312075Z  INFO scan_sources: tailwindcss_oxide::scanner: Discovering "/Users/williamwallacepro/Windsurf/TravelAIgentSvelte/TravelerAIgent-Svelte/src/lib/index.ts"
2025-05-18T01:07:06.312090Z  INFO scan_sources: tailwindcss_oxide::scanner: Discovering "/Users/williamwallacepro/Windsurf/TravelAIgentSvelte/TravelerAIgent-Svelte/src/app.html"
2025-05-18T01:07:06.312097Z  INFO scan_sources: tailwindcss_oxide::scanner: Discovering "/Users/williamwallacepro/Windsurf/TravelAIgentSvelte/TravelerAIgent-Svelte/src/hooks.server.ts"
2025-05-18T01:07:06.312166Z  INFO scan_sources: tailwindcss_oxide::scanner: Discovering "/Users/williamwallacepro/Windsurf/TravelAIgentSvelte/TravelerAIgent-Svelte/src/routes"
2025-05-18T01:07:06.312184Z  INFO scan_sources: tailwindcss_oxide::scanner: Discovering "/Users/williamwallacepro/Windsurf/TravelAIgentSvelte/TravelerAIgent-Svelte/src/routes/+page.svelte"
2025-05-18T01:07:06.312250Z  INFO scan_sources: tailwindcss_oxide::scanner: Discovering "/Users/williamwallacepro/Windsurf/TravelAIgentSvelte/TravelerAIgent-Svelte/src/routes/auth"
2025-05-18T01:07:06.312326Z  INFO scan_sources: tailwindcss_oxide::scanner: Discovering "/Users/williamwallacepro/Windsurf/TravelAIgentSvelte/TravelerAIgent-Svelte/src/routes/auth/signin"
2025-05-18T01:07:06.312342Z  INFO scan_sources: tailwindcss_oxide::scanner: Discovering "/Users/williamwallacepro/Windsurf/TravelAIgentSvelte/TravelerAIgent-Svelte/src/routes/auth/signin/+page.server.ts"
2025-05-18T01:07:06.312353Z  INFO scan_sources: tailwindcss_oxide::scanner: Discovering "/Users/williamwallacepro/Windsurf/TravelAIgentSvelte/TravelerAIgent-Svelte/src/routes/auth/signin/+page.svelte"
2025-05-18T01:07:06.312418Z  INFO scan_sources: tailwindcss_oxide::scanner: Discovering "/Users/williamwallacepro/Windsurf/TravelAIgentSvelte/TravelerAIgent-Svelte/src/routes/auth/signin/github"
2025-05-18T01:07:06.312435Z  INFO scan_sources: tailwindcss_oxide::scanner: Discovering "/Users/williamwallacepro/Windsurf/TravelAIgentSvelte/TravelerAIgent-Svelte/src/routes/auth/signin/github/+server.ts"
2025-05-18T01:07:06.312512Z  INFO scan_sources: tailwindcss_oxide::scanner: Discovering "/Users/williamwallacepro/Windsurf/TravelAIgentSvelte/TravelerAIgent-Svelte/src/routes/auth/callback"
2025-05-18T01:07:06.312589Z  INFO scan_sources: tailwindcss_oxide::scanner: Discovering "/Users/williamwallacepro/Windsurf/TravelAIgentSvelte/TravelerAIgent-Svelte/src/routes/auth/callback/[provider]"
2025-05-18T01:07:06.312613Z  INFO scan_sources: tailwindcss_oxide::scanner: Discovering "/Users/williamwallacepro/Windsurf/TravelAIgentSvelte/TravelerAIgent-Svelte/src/routes/auth/callback/[provider]/+server.ts"
2025-05-18T01:07:06.312638Z  INFO scan_sources: tailwindcss_oxide::scanner: Discovering "/Users/williamwallacepro/Windsurf/TravelAIgentSvelte/TravelerAIgent-Svelte/src/routes/page.svelte.test.ts"
2025-05-18T01:07:06.312646Z  INFO scan_sources: tailwindcss_oxide::scanner: Discovering "/Users/williamwallacepro/Windsurf/TravelAIgentSvelte/TravelerAIgent-Svelte/src/routes/+layout.server.ts"
2025-05-18T01:07:06.312717Z  INFO scan_sources: tailwindcss_oxide::scanner: Discovering "/Users/williamwallacepro/Windsurf/TravelAIgentSvelte/TravelerAIgent-Svelte/src/routes/trips"
2025-05-18T01:07:06.312739Z  INFO scan_sources: tailwindcss_oxide::scanner: Discovering "/Users/williamwallacepro/Windsurf/TravelAIgentSvelte/TravelerAIgent-Svelte/src/routes/trips/+page.server.ts"
2025-05-18T01:07:06.312774Z  INFO scan_sources: tailwindcss_oxide::scanner: Discovering "/Users/williamwallacepro/Windsurf/TravelAIgentSvelte/TravelerAIgent-Svelte/src/routes/trips/+page.svelte"
2025-05-18T01:07:06.312803Z  INFO scan_sources: tailwindcss_oxide::scanner: Discovering "/Users/williamwallacepro/Windsurf/TravelAIgentSvelte/TravelerAIgent-Svelte/src/routes/+layout.svelte"
2025-05-18T01:07:06.312853Z  INFO scan_sources: tailwindcss_oxide::scanner: exit
2025-05-18T01:07:06.312858Z  INFO extract_candidates: tailwindcss_oxide::scanner: enter
2025-05-18T01:07:06.312862Z  INFO extract_candidates:read_all_files: tailwindcss_oxide::scanner: enter
2025-05-18T01:07:06.312875Z  INFO extract_candidates:read_all_files: tailwindcss_oxide::scanner: Reading 131 file(s)
2025-05-18T01:07:06.313344Z  INFO tailwindcss_oxide::scanner: Reading "/Users/williamwallacepro/Windsurf/TravelAIgentSvelte/TravelerAIgent-Svelte/vite.config.ts"
2025-05-18T01:07:06.313494Z  INFO tailwindcss_oxide::scanner: Reading "/Users/williamwallacepro/Windsurf/TravelAIgentSvelte/TravelerAIgent-Svelte/postcss.config.js"
2025-05-18T01:07:06.313568Z  INFO tailwindcss_oxide::scanner: Reading "/Users/williamwallacepro/Windsurf/TravelAIgentSvelte/TravelerAIgent-Svelte/eslint.config.js"
2025-05-18T01:07:06.313568Z  INFO tailwindcss_oxide::scanner: Reading "/Users/williamwallacepro/Windsurf/TravelAIgentSvelte/TravelerAIgent-Svelte/LICENSE"
2025-05-18T01:07:06.313663Z  INFO tailwindcss_oxide::scanner: Reading "/Users/williamwallacepro/Windsurf/TravelAIgentSvelte/TravelerAIgent-Svelte/drizzle.config.ts"
2025-05-18T01:07:06.313586Z  INFO tailwindcss_oxide::scanner: Reading "/Users/williamwallacepro/Windsurf/TravelAIgentSvelte/TravelerAIgent-Svelte/Documentation/Implemented/enhancedresponsivedesignfortablets.md"
2025-05-18T01:07:06.313584Z  INFO tailwindcss_oxide::scanner: Reading "/Users/williamwallacepro/Windsurf/TravelAIgentSvelte/TravelerAIgent-Svelte/e2e/demo.test.ts"
2025-05-18T01:07:06.313765Z  INFO tailwindcss_oxide::scanner: Reading "/Users/williamwallacepro/Windsurf/TravelAIgentSvelte/TravelerAIgent-Svelte/src/lib/components/ui/card/card-description.svelte"
2025-05-18T01:07:06.313782Z  INFO tailwindcss_oxide::scanner: Reading "/Users/williamwallacepro/Windsurf/TravelAIgentSvelte/TravelerAIgent-Svelte/Documentation/FutureFeatures/searchingsocialmedia.md"
2025-05-18T01:07:06.313791Z  INFO tailwindcss_oxide::scanner: Reading "/Users/williamwallacepro/Windsurf/TravelAIgentSvelte/TravelerAIgent-Svelte/.env.example"
2025-05-18T01:07:06.313831Z  INFO tailwindcss_oxide::scanner: Reading "/Users/williamwallacepro/Windsurf/TravelAIgentSvelte/TravelerAIgent-Svelte/playwright.config.ts"
2025-05-18T01:07:06.313831Z  INFO tailwindcss_oxide::scanner: Reading "/Users/williamwallacepro/Windsurf/TravelAIgentSvelte/TravelerAIgent-Svelte/src/demo.spec.ts"
2025-05-18T01:07:06.313912Z  INFO tailwindcss_oxide::scanner: Reading "/Users/williamwallacepro/Windsurf/TravelAIgentSvelte/TravelerAIgent-Svelte/src/lib/components/ui/button/button.svelte"
2025-05-18T01:07:06.313921Z  INFO tailwindcss_oxide::scanner: Reading "/Users/williamwallacepro/Windsurf/TravelAIgentSvelte/TravelerAIgent-Svelte/src/lib/components/ui/form/index.ts"
2025-05-18T01:07:06.313879Z  INFO tailwindcss_oxide::scanner: Reading "/Users/williamwallacepro/Windsurf/TravelAIgentSvelte/TravelerAIgent-Svelte/src/lib/components/layout/Header.svelte"
2025-05-18T01:07:06.313831Z  INFO tailwindcss_oxide::scanner: Reading "/Users/williamwallacepro/Windsurf/TravelAIgentSvelte/TravelerAIgent-Svelte/static/Documentation/FutureFeatures/PersonalizedTravelAdvisor.md"
2025-05-18T01:07:06.313988Z  INFO tailwindcss_oxide::scanner: Reading "/Users/williamwallacepro/Windsurf/TravelAIgentSvelte/TravelerAIgent-Svelte/src/app.d.ts"
2025-05-18T01:07:06.314046Z  INFO tailwindcss_oxide::scanner: Reading "/Users/williamwallacepro/Windsurf/TravelAIgentSvelte/TravelerAIgent-Svelte/src/lib/components/ui/form/form-button.svelte"
2025-05-18T01:07:06.314071Z  INFO tailwindcss_oxide::scanner: Reading "/Users/williamwallacepro/Windsurf/TravelAIgentSvelte/TravelerAIgent-Svelte/vitest-setup-client.ts"
2025-05-18T01:07:06.314092Z  INFO tailwindcss_oxide::scanner: Reading "/Users/williamwallacepro/Windsurf/TravelAIgentSvelte/TravelerAIgent-Svelte/Documentation/Svelte Conversion/Svelte Conversion Cascade Assessment.md"
2025-05-18T01:07:06.314258Z  INFO tailwindcss_oxide::scanner: Reading "/Users/williamwallacepro/Windsurf/TravelAIgentSvelte/TravelerAIgent-Svelte/src/lib/components/ui/button/index.ts"
2025-05-18T01:07:06.314329Z  INFO tailwindcss_oxide::scanner: Reading "/Users/williamwallacepro/Windsurf/TravelAIgentSvelte/TravelerAIgent-Svelte/.npmrc"
2025-05-18T01:07:06.314479Z  INFO tailwindcss_oxide::scanner: Reading "/Users/williamwallacepro/Windsurf/TravelAIgentSvelte/TravelerAIgent-Svelte/src/lib/components/ui/form/form-element-field.svelte"
2025-05-18T01:07:06.314489Z  INFO tailwindcss_oxide::scanner: Reading "/Users/williamwallacepro/Windsurf/TravelAIgentSvelte/TravelerAIgent-Svelte/static/Documentation/Svelte Conversion/Conversion Implementation Steps.md"
2025-05-18T01:07:06.314498Z  INFO tailwindcss_oxide::scanner: Reading "/Users/williamwallacepro/Windsurf/TravelAIgentSvelte/TravelerAIgent-Svelte/static/Documentation/FutureFeatures/augmentedrealitydestinationpreview.md"
2025-05-18T01:07:06.314514Z  INFO tailwindcss_oxide::scanner: Reading "/Users/williamwallacepro/Windsurf/TravelAIgentSvelte/TravelerAIgent-Svelte/Documentation/assistedtripcreation.md"
2025-05-18T01:07:06.314583Z  INFO tailwindcss_oxide::scanner: Reading "/Users/williamwallacepro/Windsurf/TravelAIgentSvelte/TravelerAIgent-Svelte/static/Documentation/assistedtripcreation.md"
2025-05-18T01:07:06.314589Z  INFO tailwindcss_oxide::scanner: Reading "/Users/williamwallacepro/Windsurf/TravelAIgentSvelte/TravelerAIgent-Svelte/src/lib/components/ui/card/card.svelte"
2025-05-18T01:07:06.314604Z  INFO tailwindcss_oxide::scanner: Reading "/Users/williamwallacepro/Windsurf/TravelAIgentSvelte/TravelerAIgent-Svelte/src/hooks.client.ts"
2025-05-18T01:07:06.314730Z  INFO tailwindcss_oxide::scanner: Reading "/Users/williamwallacepro/Windsurf/TravelAIgentSvelte/TravelerAIgent-Svelte/src/lib/components/ui/select/select-separator.svelte"
2025-05-18T01:07:06.314795Z  INFO tailwindcss_oxide::scanner: Reading "/Users/williamwallacepro/Windsurf/TravelAIgentSvelte/TravelerAIgent-Svelte/.prettierignore"
2025-05-18T01:07:06.315010Z  INFO tailwindcss_oxide::scanner: Reading "/Users/williamwallacepro/Windsurf/TravelAIgentSvelte/TravelerAIgent-Svelte/src/lib/server/db/index.ts"
2025-05-18T01:07:06.315017Z  INFO tailwindcss_oxide::scanner: Reading "/Users/williamwallacepro/Windsurf/TravelAIgentSvelte/TravelerAIgent-Svelte/src/lib/components/layout/Footer.svelte"
2025-05-18T01:07:06.315028Z  INFO tailwindcss_oxide::scanner: Reading "/Users/williamwallacepro/Windsurf/TravelAIgentSvelte/TravelerAIgent-Svelte/src/lib/components/ui/form/form-field-errors.svelte"
2025-05-18T01:07:06.315037Z  INFO tailwindcss_oxide::scanner: Reading "/Users/williamwallacepro/Windsurf/TravelAIgentSvelte/TravelerAIgent-Svelte/static/Documentation/FutureFeatures/interactivetripmemoryscrapbookwithAI-generatedcaptions.md"
2025-05-18T01:07:06.315049Z  INFO tailwindcss_oxide::scanner: Reading "/Users/williamwallacepro/Windsurf/TravelAIgentSvelte/TravelerAIgent-Svelte/src/lib/utils.ts"
2025-05-18T01:07:06.315089Z  INFO tailwindcss_oxide::scanner: Reading "/Users/williamwallacepro/Windsurf/TravelAIgentSvelte/TravelerAIgent-Svelte/README.md"
2025-05-18T01:07:06.315049Z  INFO tailwindcss_oxide::scanner: Reading "/Users/williamwallacepro/Windsurf/TravelAIgentSvelte/TravelerAIgent-Svelte/Documentation/ImplementationDesignandDetails/AI-TripRecommendations.md"
2025-05-18T01:07:06.315093Z  INFO tailwindcss_oxide::scanner: Reading "/Users/williamwallacepro/Windsurf/TravelAIgentSvelte/TravelerAIgent-Svelte/src/lib/components/ui/select/select-label.svelte"
2025-05-18T01:07:06.315119Z  INFO tailwindcss_oxide::scanner: Reading "/Users/williamwallacepro/Windsurf/TravelAIgentSvelte/TravelerAIgent-Svelte/Documentation/Svelte Conversion/Conversion Implementation Steps.md"
2025-05-18T01:07:06.315132Z  INFO tailwindcss_oxide::scanner: Reading "/Users/williamwallacepro/Windsurf/TravelAIgentSvelte/TravelerAIgent-Svelte/src/lib/components/ui/form/form-legend.svelte"
2025-05-18T01:07:06.315143Z  INFO tailwindcss_oxide::scanner: Reading "/Users/williamwallacepro/Windsurf/TravelAIgentSvelte/TravelerAIgent-Svelte/static/Documentation/ImplementationDesignandDetails/AI-TripRecommendations.md"
2025-05-18T01:07:06.315135Z  INFO tailwindcss_oxide::scanner: Reading "/Users/williamwallacepro/Windsurf/TravelAIgentSvelte/TravelerAIgent-Svelte/static/Documentation/Testing/Mobile vs Desktop"
2025-05-18T01:07:06.315163Z  INFO tailwindcss_oxide::scanner: Reading "/Users/williamwallacepro/Windsurf/TravelAIgentSvelte/TravelerAIgent-Svelte/src/lib/components/ui/card/index.ts"
2025-05-18T01:07:06.315012Z  INFO tailwindcss_oxide::scanner: Reading "/Users/williamwallacepro/Windsurf/TravelAIgentSvelte/TravelerAIgent-Svelte/Documentation/FutureFeatures/PersonalizedTravelAdvisor.md"
2025-05-18T01:07:06.315221Z  INFO tailwindcss_oxide::scanner: Reading "/Users/williamwallacepro/Windsurf/TravelAIgentSvelte/TravelerAIgent-Svelte/src/lib/server/db/schema.ts"
2025-05-18T01:07:06.315422Z  INFO tailwindcss_oxide::scanner: Reading "/Users/williamwallacepro/Windsurf/TravelAIgentSvelte/TravelerAIgent-Svelte/Documentation/Testing/Mobile vs Desktop"
2025-05-18T01:07:06.315476Z  INFO tailwindcss_oxide::scanner: Reading "/Users/williamwallacepro/Windsurf/TravelAIgentSvelte/TravelerAIgent-Svelte/Documentation/FutureFeatures/augmentedrealitydestinationpreview.md"
2025-05-18T01:07:06.315486Z  INFO tailwindcss_oxide::scanner: Reading "/Users/williamwallacepro/Windsurf/TravelAIgentSvelte/TravelerAIgent-Svelte/src/lib/components/ui/form/form-field.svelte"
2025-05-18T01:07:06.315605Z  INFO tailwindcss_oxide::scanner: Reading "/Users/williamwallacepro/Windsurf/TravelAIgentSvelte/TravelerAIgent-Svelte/Documentation/implementationofreviews.md"
2025-05-18T01:07:06.315750Z  INFO tailwindcss_oxide::scanner: Reading "/Users/williamwallacepro/Windsurf/TravelAIgentSvelte/TravelerAIgent-Svelte/static/Documentation/FutureFeatures/searchingsocialmedia.md"
2025-05-18T01:07:06.315758Z  INFO tailwindcss_oxide::scanner: Reading "/Users/williamwallacepro/Windsurf/TravelAIgentSvelte/TravelerAIgent-Svelte/Documentation/FutureFeatures/interactivetripmemoryscrapbookwithAI-generatedcaptions.md"
2025-05-18T01:07:06.315813Z  INFO tailwindcss_oxide::scanner: Reading "/Users/williamwallacepro/Windsurf/TravelAIgentSvelte/TravelerAIgent-Svelte/src/lib/server/auth.ts"
2025-05-18T01:07:06.315832Z  INFO tailwindcss_oxide::scanner: Reading "/Users/williamwallacepro/Windsurf/TravelAIgentSvelte/TravelerAIgent-Svelte/Documentation/ImplementationDesignandDetail/BudgetHeatmap.md"
2025-05-18T01:07:06.315843Z  INFO tailwindcss_oxide::scanner: Reading "/Users/williamwallacepro/Windsurf/TravelAIgentSvelte/TravelerAIgent-Svelte/TravelerAIgent-Svelte.code-workspace"
2025-05-18T01:07:06.315857Z  INFO tailwindcss_oxide::scanner: Reading "/Users/williamwallacepro/Windsurf/TravelAIgentSvelte/TravelerAIgent-Svelte/svelte.config.js"
2025-05-18T01:07:06.315858Z  INFO tailwindcss_oxide::scanner: Reading "/Users/williamwallacepro/Windsurf/TravelAIgentSvelte/TravelerAIgent-Svelte/package.json"
2025-05-18T01:07:06.315884Z  INFO tailwindcss_oxide::scanner: Reading "/Users/williamwallacepro/Windsurf/TravelAIgentSvelte/TravelerAIgent-Svelte/src/lib/components/theme-toggle/index.ts"
2025-05-18T01:07:06.315898Z  INFO tailwindcss_oxide::scanner: Reading "/Users/williamwallacepro/Windsurf/TravelAIgentSvelte/TravelerAIgent-Svelte/src/lib/components/ui/select/select-item.svelte"
2025-05-18T01:07:06.315894Z  INFO tailwindcss_oxide::scanner: Reading "/Users/williamwallacepro/Windsurf/TravelAIgentSvelte/TravelerAIgent-Svelte/static/Documentation/ImplementationDesignandDetails/CurrentChecklistRequirementsImplementations.md"
2025-05-18T01:07:06.315924Z  INFO tailwindcss_oxide::scanner: Reading "/Users/williamwallacepro/Windsurf/TravelAIgentSvelte/TravelerAIgent-Svelte/Documentation/ImplementationDesignandDetails/CurrentChecklistRequirementsImplementations.md"
2025-05-18T01:07:06.315936Z  INFO tailwindcss_oxide::scanner: Reading "/Users/williamwallacepro/Windsurf/TravelAIgentSvelte/TravelerAIgent-Svelte/static/Documentation/implementationofreviews.md"
2025-05-18T01:07:06.316193Z  INFO tailwindcss_oxide::scanner: Reading "/Users/williamwallacepro/Windsurf/TravelAIgentSvelte/TravelerAIgent-Svelte/src/lib/components/ui/form/form-description.svelte"
2025-05-18T01:07:06.316199Z  INFO tailwindcss_oxide::scanner: Reading "/Users/williamwallacepro/Windsurf/TravelAIgentSvelte/TravelerAIgent-Svelte/static/Documentation/ImplementationDesignandDetail/BudgetHeatmap.md"
2025-05-18T01:07:06.316220Z  INFO tailwindcss_oxide::scanner: Reading "/Users/williamwallacepro/Windsurf/TravelAIgentSvelte/TravelerAIgent-Svelte/Documentation/ImplementationDesignandDetail/OnboardingTutorial.md"
2025-05-18T01:07:06.316208Z  INFO tailwindcss_oxide::scanner: Reading "/Users/williamwallacepro/Windsurf/TravelAIgentSvelte/TravelerAIgent-Svelte/src/lib/components/ui/form/form-label.svelte"
2025-05-18T01:07:06.316241Z  INFO tailwindcss_oxide::scanner: Reading "/Users/williamwallacepro/Windsurf/TravelAIgentSvelte/TravelerAIgent-Svelte/src/lib/components/ui/label/label.svelte"
2025-05-18T01:07:06.316201Z  INFO tailwindcss_oxide::scanner: Reading "/Users/williamwallacepro/Windsurf/TravelAIgentSvelte/TravelerAIgent-Svelte/src/lib/components/ui/card/card-title.svelte"
2025-05-18T01:07:06.316263Z  INFO tailwindcss_oxide::scanner: Reading "/Users/williamwallacepro/Windsurf/TravelAIgentSvelte/TravelerAIgent-Svelte/src/lib/components/theme-toggle/theme-toggle.svelte"
2025-05-18T01:07:06.316290Z  INFO tailwindcss_oxide::scanner: Reading "/Users/williamwallacepro/Windsurf/TravelAIgentSvelte/TravelerAIgent-Svelte/src/lib/components/ui/sheet/sheet-content.svelte"
2025-05-18T01:07:06.316298Z  INFO tailwindcss_oxide::scanner: Reading "/Users/williamwallacepro/Windsurf/TravelAIgentSvelte/TravelerAIgent-Svelte/src/lib/components/ui/alert/alert-title.svelte"
2025-05-18T01:07:06.316214Z  INFO tailwindcss_oxide::scanner: Reading "/Users/williamwallacepro/Windsurf/TravelAIgentSvelte/TravelerAIgent-Svelte/src/lib/components/ui/card/card-content.svelte"
2025-05-18T01:07:06.316726Z  INFO tailwindcss_oxide::scanner: Reading "/Users/williamwallacepro/Windsurf/TravelAIgentSvelte/TravelerAIgent-Svelte/static/Documentation/Implemented/enhancedresponsivedesignfortablets.md"
2025-05-18T01:07:06.316741Z  INFO tailwindcss_oxide::scanner: Reading "/Users/williamwallacepro/Windsurf/TravelAIgentSvelte/TravelerAIgent-Svelte/tailwind.config.js"
2025-05-18T01:07:06.316756Z  INFO tailwindcss_oxide::scanner: Reading "/Users/williamwallacepro/Windsurf/TravelAIgentSvelte/TravelerAIgent-Svelte/src/lib/components/ui/card/card-header.svelte"
2025-05-18T01:07:06.316772Z  INFO tailwindcss_oxide::scanner: Reading "/Users/williamwallacepro/Windsurf/TravelAIgentSvelte/TravelerAIgent-Svelte/src/lib/index.ts"
2025-05-18T01:07:06.316781Z  INFO tailwindcss_oxide::scanner: Reading "/Users/williamwallacepro/Windsurf/TravelAIgentSvelte/TravelerAIgent-Svelte/src/lib/components/ui/sheet/sheet-header.svelte"
2025-05-18T01:07:06.316793Z  INFO tailwindcss_oxide::scanner: Reading "/Users/williamwallacepro/Windsurf/TravelAIgentSvelte/TravelerAIgent-Svelte/src/lib/components/ui/alert/index.ts"
2025-05-18T01:07:06.316801Z  INFO tailwindcss_oxide::scanner: Reading "/Users/williamwallacepro/Windsurf/TravelAIgentSvelte/TravelerAIgent-Svelte/src/lib/components/ui/card/card-footer.svelte"
2025-05-18T01:07:06.316810Z  INFO tailwindcss_oxide::scanner: Reading "/Users/williamwallacepro/Windsurf/TravelAIgentSvelte/TravelerAIgent-Svelte/src/lib/components/ui/form/form-fieldset.svelte"
2025-05-18T01:07:06.316732Z  INFO tailwindcss_oxide::scanner: Reading "/Users/williamwallacepro/Windsurf/TravelAIgentSvelte/TravelerAIgent-Svelte/src/lib/components/ui/select/select-content.svelte"
2025-05-18T01:07:06.316827Z  INFO tailwindcss_oxide::scanner: Reading "/Users/williamwallacepro/Windsurf/TravelAIgentSvelte/TravelerAIgent-Svelte/src/lib/components/ui/dropdown-menu/dropdown-separator.svelte"
2025-05-18T01:07:06.316841Z  INFO tailwindcss_oxide::scanner: Reading "/Users/williamwallacepro/Windsurf/TravelAIgentSvelte/TravelerAIgent-Svelte/src/lib/components/ui/select/select-trigger.svelte"
2025-05-18T01:07:06.316852Z  INFO tailwindcss_oxide::scanner: Reading "/Users/williamwallacepro/Windsurf/TravelAIgentSvelte/TravelerAIgent-Svelte/src/lib/components/ui/dialog/dialog-portal.svelte"
2025-05-18T01:07:06.316871Z  INFO tailwindcss_oxide::scanner: Reading "/Users/williamwallacepro/Windsurf/TravelAIgentSvelte/TravelerAIgent-Svelte/src/lib/components/ui/select/index.ts"
2025-05-18T01:07:06.316848Z  INFO tailwindcss_oxide::scanner: Reading "/Users/williamwallacepro/Windsurf/TravelAIgentSvelte/TravelerAIgent-Svelte/static/Documentation/ImplementationDesignandDetail/OnboardingTutorial.md"
2025-05-18T01:07:06.316756Z  INFO tailwindcss_oxide::scanner: Reading "/Users/williamwallacepro/Windsurf/TravelAIgentSvelte/TravelerAIgent-Svelte/static/Documentation/Svelte Conversion/Svelte Conversion Cascade Assessment.md"
2025-05-18T01:07:06.316983Z  INFO tailwindcss_oxide::scanner: Reading "/Users/williamwallacepro/Windsurf/TravelAIgentSvelte/TravelerAIgent-Svelte/src/lib/components/ui/alert/alert.svelte"
2025-05-18T01:07:06.316898Z  INFO tailwindcss_oxide::scanner: Reading "/Users/williamwallacepro/Windsurf/TravelAIgentSvelte/TravelerAIgent-Svelte/src/lib/components/ui/sheet/sheet-title.svelte"
2025-05-18T01:07:06.316876Z  INFO tailwindcss_oxide::scanner: Reading "/Users/williamwallacepro/Windsurf/TravelAIgentSvelte/TravelerAIgent-Svelte/src/lib/components/ui/dialog/index.ts"
2025-05-18T01:07:06.316904Z  INFO tailwindcss_oxide::scanner: Reading "/Users/williamwallacepro/Windsurf/TravelAIgentSvelte/TravelerAIgent-Svelte/src/app.html"
2025-05-18T01:07:06.316787Z  INFO tailwindcss_oxide::scanner: Reading "/Users/williamwallacepro/Windsurf/TravelAIgentSvelte/TravelerAIgent-Svelte/src/lib/components/ui/sheet/sheet-footer.svelte"
2025-05-18T01:07:06.317107Z  INFO tailwindcss_oxide::scanner: Reading "/Users/williamwallacepro/Windsurf/TravelAIgentSvelte/TravelerAIgent-Svelte/src/lib/components/ui/sheet/index.ts"
2025-05-18T01:07:06.317249Z  INFO tailwindcss_oxide::scanner: Reading "/Users/williamwallacepro/Windsurf/TravelAIgentSvelte/TravelerAIgent-Svelte/src/lib/components/ui/input/input.svelte"
2025-05-18T01:07:06.317409Z  INFO tailwindcss_oxide::scanner: Reading "/Users/williamwallacepro/Windsurf/TravelAIgentSvelte/TravelerAIgent-Svelte/src/hooks.server.ts"
2025-05-18T01:07:06.317413Z  INFO tailwindcss_oxide::scanner: Reading "/Users/williamwallacepro/Windsurf/TravelAIgentSvelte/TravelerAIgent-Svelte/src/lib/components/ui/skeleton/skeleton.svelte"
2025-05-18T01:07:06.317423Z  INFO tailwindcss_oxide::scanner: Reading "/Users/williamwallacepro/Windsurf/TravelAIgentSvelte/TravelerAIgent-Svelte/src/lib/components/ui/dropdown-menu/dropdown-label.svelte"
2025-05-18T01:07:06.317434Z  INFO tailwindcss_oxide::scanner: Reading "/Users/williamwallacepro/Windsurf/TravelAIgentSvelte/TravelerAIgent-Svelte/src/lib/components/ui/sheet/sheet-overlay.svelte"
2025-05-18T01:07:06.317425Z  INFO tailwindcss_oxide::scanner: Reading "/Users/williamwallacepro/Windsurf/TravelAIgentSvelte/TravelerAIgent-Svelte/src/lib/components/ui/dialog/dialog-title.svelte"
2025-05-18T01:07:06.317454Z  INFO tailwindcss_oxide::scanner: Reading "/Users/williamwallacepro/Windsurf/TravelAIgentSvelte/TravelerAIgent-Svelte/src/lib/components/ui/input/index.ts"
2025-05-18T01:07:06.317458Z  INFO tailwindcss_oxide::scanner: Reading "/Users/williamwallacepro/Windsurf/TravelAIgentSvelte/TravelerAIgent-Svelte/src/lib/components/ui/dialog/dialog-overlay.svelte"
2025-05-18T01:07:06.317442Z  INFO tailwindcss_oxide::scanner: Reading "/Users/williamwallacepro/Windsurf/TravelAIgentSvelte/TravelerAIgent-Svelte/components.json"
2025-05-18T01:07:06.317467Z  INFO tailwindcss_oxide::scanner: Reading "/Users/williamwallacepro/Windsurf/TravelAIgentSvelte/TravelerAIgent-Svelte/src/lib/components/ui/sheet/sheet-description.svelte"
2025-05-18T01:07:06.317495Z  INFO tailwindcss_oxide::scanner: Reading "/Users/williamwallacepro/Windsurf/TravelAIgentSvelte/TravelerAIgent-Svelte/src/lib/components/ui/sheet/sheet-portal.svelte"
2025-05-18T01:07:06.317498Z  INFO tailwindcss_oxide::scanner: Reading "/Users/williamwallacepro/Windsurf/TravelAIgentSvelte/TravelerAIgent-Svelte/.prettierrc"
2025-05-18T01:07:06.317509Z  INFO tailwindcss_oxide::scanner: Reading "/Users/williamwallacepro/Windsurf/TravelAIgentSvelte/TravelerAIgent-Svelte/src/lib/components/ui/dialog/dialog-header.svelte"
2025-05-18T01:07:06.317483Z  INFO tailwindcss_oxide::scanner: Reading "/Users/williamwallacepro/Windsurf/TravelAIgentSvelte/TravelerAIgent-Svelte/src/lib/components/ui/dropdown-menu/dropdown-item.svelte"
2025-05-18T01:07:06.317512Z  INFO tailwindcss_oxide::scanner: Reading "/Users/williamwallacepro/Windsurf/TravelAIgentSvelte/TravelerAIgent-Svelte/src/routes/+page.svelte"
2025-05-18T01:07:06.317485Z  INFO tailwindcss_oxide::scanner: Reading "/Users/williamwallacepro/Windsurf/TravelAIgentSvelte/TravelerAIgent-Svelte/src/lib/components/ui/dialog/dialog-footer.svelte"
2025-05-18T01:07:06.317526Z  INFO tailwindcss_oxide::scanner: Reading "/Users/williamwallacepro/Windsurf/TravelAIgentSvelte/TravelerAIgent-Svelte/src/routes/auth/signin/+page.server.ts"
2025-05-18T01:07:06.317581Z  INFO tailwindcss_oxide::scanner: Reading "/Users/williamwallacepro/Windsurf/TravelAIgentSvelte/TravelerAIgent-Svelte/src/lib/components/ui/textarea/index.ts"
2025-05-18T01:07:06.317532Z  INFO tailwindcss_oxide::scanner: Reading "/Users/williamwallacepro/Windsurf/TravelAIgentSvelte/TravelerAIgent-Svelte/src/lib/components/ui/dropdown-menu/dropdown-content.svelte"
2025-05-18T01:07:06.317546Z  INFO tailwindcss_oxide::scanner: Reading "/Users/williamwallacepro/Windsurf/TravelAIgentSvelte/TravelerAIgent-Svelte/src/routes/page.svelte.test.ts"
2025-05-18T01:07:06.317619Z  INFO tailwindcss_oxide::scanner: Reading "/Users/williamwallacepro/Windsurf/TravelAIgentSvelte/TravelerAIgent-Svelte/src/lib/components/ui/dropdown-menu/dropdown-trigger.svelte"
2025-05-18T01:07:06.317572Z  INFO tailwindcss_oxide::scanner: Reading "/Users/williamwallacepro/Windsurf/TravelAIgentSvelte/TravelerAIgent-Svelte/tsconfig.json"
2025-05-18T01:07:06.317647Z  INFO tailwindcss_oxide::scanner: Reading "/Users/williamwallacepro/Windsurf/TravelAIgentSvelte/TravelerAIgent-Svelte/src/routes/auth/signin/+page.svelte"
2025-05-18T01:07:06.317528Z  INFO tailwindcss_oxide::scanner: Reading "/Users/williamwallacepro/Windsurf/TravelAIgentSvelte/TravelerAIgent-Svelte/src/lib/components/ui/skeleton/index.ts"
2025-05-18T01:07:06.317662Z  INFO tailwindcss_oxide::scanner: Reading "/Users/williamwallacepro/Windsurf/TravelAIgentSvelte/TravelerAIgent-Svelte/src/routes/auth/signin/github/+server.ts"
2025-05-18T01:07:06.317596Z  INFO tailwindcss_oxide::scanner: Reading "/Users/williamwallacepro/Windsurf/TravelAIgentSvelte/TravelerAIgent-Svelte/src/routes/trips/+page.server.ts"
2025-05-18T01:07:06.317602Z  INFO tailwindcss_oxide::scanner: Reading "/Users/williamwallacepro/Windsurf/TravelAIgentSvelte/TravelerAIgent-Svelte/src/lib/components/ui/separator/index.ts"
2025-05-18T01:07:06.317626Z  INFO tailwindcss_oxide::scanner: Reading "/Users/williamwallacepro/Windsurf/TravelAIgentSvelte/TravelerAIgent-Svelte/src/lib/components/ui/dialog/dialog-description.svelte"
2025-05-18T01:07:06.317700Z  INFO tailwindcss_oxide::scanner: Reading "/Users/williamwallacepro/Windsurf/TravelAIgentSvelte/TravelerAIgent-Svelte/src/lib/components/ui/label/index.ts"
2025-05-18T01:07:06.317626Z  INFO tailwindcss_oxide::scanner: Reading "/Users/williamwallacepro/Windsurf/TravelAIgentSvelte/TravelerAIgent-Svelte/src/lib/components/ui/dropdown-menu/index.ts"
2025-05-18T01:07:06.317638Z  INFO tailwindcss_oxide::scanner: Reading "/Users/williamwallacepro/Windsurf/TravelAIgentSvelte/TravelerAIgent-Svelte/src/lib/components/ui/dialog/dialog-content.svelte"
2025-05-18T01:07:06.317723Z  INFO tailwindcss_oxide::scanner: Reading "/Users/williamwallacepro/Windsurf/TravelAIgentSvelte/TravelerAIgent-Svelte/src/lib/components/ui/separator/separator.svelte"
2025-05-18T01:07:06.317681Z  INFO tailwindcss_oxide::scanner: Reading "/Users/williamwallacepro/Windsurf/TravelAIgentSvelte/TravelerAIgent-Svelte/src/routes/trips/+page.svelte"
2025-05-18T01:07:06.317557Z  INFO tailwindcss_oxide::scanner: Reading "/Users/williamwallacepro/Windsurf/TravelAIgentSvelte/TravelerAIgent-Svelte/src/lib/components/ui/alert/alert-description.svelte"
2025-05-18T01:07:06.317715Z  INFO tailwindcss_oxide::scanner: Reading "/Users/williamwallacepro/Windsurf/TravelAIgentSvelte/TravelerAIgent-Svelte/src/routes/+layout.svelte"
2025-05-18T01:07:06.317573Z  INFO tailwindcss_oxide::scanner: Reading "/Users/williamwallacepro/Windsurf/TravelAIgentSvelte/TravelerAIgent-Svelte/src/lib/components/ui/textarea/textarea.svelte"
2025-05-18T01:07:06.317720Z  INFO tailwindcss_oxide::scanner: Reading "/Users/williamwallacepro/Windsurf/TravelAIgentSvelte/TravelerAIgent-Svelte/src/routes/auth/callback/[provider]/+server.ts"
2025-05-18T01:07:06.317672Z  INFO tailwindcss_oxide::scanner: Reading "/Users/williamwallacepro/Windsurf/TravelAIgentSvelte/TravelerAIgent-Svelte/src/routes/+layout.server.ts"
2025-05-18T01:07:06.317892Z  INFO extract_candidates:read_all_files: tailwindcss_oxide::scanner: exit
2025-05-18T01:07:06.317899Z  INFO extract_candidates:parse_all_blobs: tailwindcss_oxide::scanner: enter
2025-05-18T01:07:06.317902Z  INFO extract_candidates:parse_all_blobs:extract: tailwindcss_oxide::scanner: enter
2025-05-18T01:07:06.318901Z  INFO extract_candidates:parse_all_blobs:extract: tailwindcss_oxide::scanner: exit
2025-05-18T01:07:06.318936Z  INFO extract_candidates:parse_all_blobs: tailwindcss_oxide::scanner: exit
2025-05-18T01:07:06.318939Z  INFO extract_candidates:read_all_files: tailwindcss_oxide::scanner: enter
2025-05-18T01:07:06.318941Z  INFO extract_candidates:read_all_files: tailwindcss_oxide::scanner: Reading 1 file(s)
2025-05-18T01:07:06.319023Z  INFO extract_candidates:read_all_files: tailwindcss_oxide::scanner: Reading "/Users/williamwallacepro/Windsurf/TravelAIgentSvelte/TravelerAIgent-Svelte/src/app.css"
2025-05-18T01:07:06.319028Z  INFO extract_candidates:read_all_files: tailwindcss_oxide::scanner: exit
2025-05-18T01:07:06.319034Z  INFO extract_candidates:extract_css_variables: tailwindcss_oxide::scanner: enter
2025-05-18T01:07:06.319036Z  INFO extract_candidates:extract_css_variables:extract: tailwindcss_oxide::scanner: enter
2025-05-18T01:07:06.319165Z  INFO extract_candidates:extract_css_variables:extract: tailwindcss_oxide::scanner: exit
2025-05-18T01:07:06.319171Z  INFO extract_candidates:extract_css_variables: tailwindcss_oxide::scanner: exit
2025-05-18T01:07:06.319626Z  INFO extract_candidates: tailwindcss_oxide::scanner: exit
2025-05-18T01:07:06.320663Z  INFO get_files: tailwindcss_oxide::scanner: enter
2025-05-18T01:07:06.320667Z  INFO get_files:scan_sources: tailwindcss_oxide::scanner: enter
2025-05-18T01:07:06.321098Z  INFO get_files:scan_sources: tailwindcss_oxide::scanner: Discovering "/Users/williamwallacepro/Windsurf/TravelAIgentSvelte/TravelerAIgent-Svelte/Documentation"
2025-05-18T01:07:06.321167Z  INFO get_files:scan_sources: tailwindcss_oxide::scanner: Discovering "/Users/williamwallacepro/Windsurf/TravelAIgentSvelte/TravelerAIgent-Svelte/Documentation/Implemented"
2025-05-18T01:07:06.321274Z  INFO get_files:scan_sources: tailwindcss_oxide::scanner: Discovering "/Users/williamwallacepro/Windsurf/TravelAIgentSvelte/TravelerAIgent-Svelte/Documentation/ImplementationDesignandDetails"
2025-05-18T01:07:06.321366Z  INFO get_files:scan_sources: tailwindcss_oxide::scanner: Discovering "/Users/williamwallacepro/Windsurf/TravelAIgentSvelte/TravelerAIgent-Svelte/Documentation/Svelte Conversion"
2025-05-18T01:07:06.321482Z  INFO get_files:scan_sources: tailwindcss_oxide::scanner: Discovering "/Users/williamwallacepro/Windsurf/TravelAIgentSvelte/TravelerAIgent-Svelte/Documentation/Testing"
2025-05-18T01:07:06.321642Z  INFO get_files:scan_sources: tailwindcss_oxide::scanner: Discovering "/Users/williamwallacepro/Windsurf/TravelAIgentSvelte/TravelerAIgent-Svelte/Documentation/FutureFeatures"
2025-05-18T01:07:06.321734Z  INFO get_files:scan_sources: tailwindcss_oxide::scanner: Discovering "/Users/williamwallacepro/Windsurf/TravelAIgentSvelte/TravelerAIgent-Svelte/Documentation/ImplementationDesignandDetail"
2025-05-18T01:07:06.321939Z  INFO get_files:scan_sources: tailwindcss_oxide::scanner: Discovering "/Users/williamwallacepro/Windsurf/TravelAIgentSvelte/TravelerAIgent-Svelte/static"
2025-05-18T01:07:06.322002Z  INFO get_files:scan_sources: tailwindcss_oxide::scanner: Discovering "/Users/williamwallacepro/Windsurf/TravelAIgentSvelte/TravelerAIgent-Svelte/static/Documentation"
2025-05-18T01:07:06.322089Z  INFO get_files:scan_sources: tailwindcss_oxide::scanner: Discovering "/Users/williamwallacepro/Windsurf/TravelAIgentSvelte/TravelerAIgent-Svelte/static/Documentation/Implemented"
2025-05-18T01:07:06.322193Z  INFO get_files:scan_sources: tailwindcss_oxide::scanner: Discovering "/Users/williamwallacepro/Windsurf/TravelAIgentSvelte/TravelerAIgent-Svelte/static/Documentation/ImplementationDesignandDetails"
2025-05-18T01:07:06.322283Z  INFO get_files:scan_sources: tailwindcss_oxide::scanner: Discovering "/Users/williamwallacepro/Windsurf/TravelAIgentSvelte/TravelerAIgent-Svelte/static/Documentation/Svelte Conversion"
2025-05-18T01:07:06.322368Z  INFO get_files:scan_sources: tailwindcss_oxide::scanner: Discovering "/Users/williamwallacepro/Windsurf/TravelAIgentSvelte/TravelerAIgent-Svelte/static/Documentation/Testing"
2025-05-18T01:07:06.322445Z  INFO get_files:scan_sources: tailwindcss_oxide::scanner: Discovering "/Users/williamwallacepro/Windsurf/TravelAIgentSvelte/TravelerAIgent-Svelte/static/Documentation/FutureFeatures"
2025-05-18T01:07:06.322543Z  INFO get_files:scan_sources: tailwindcss_oxide::scanner: Discovering "/Users/williamwallacepro/Windsurf/TravelAIgentSvelte/TravelerAIgent-Svelte/static/Documentation/ImplementationDesignandDetail"
2025-05-18T01:07:06.322798Z  INFO get_files:scan_sources: tailwindcss_oxide::scanner: Discovering "/Users/williamwallacepro/Windsurf/TravelAIgentSvelte/TravelerAIgent-Svelte/e2e"
2025-05-18T01:07:06.322864Z  INFO get_files:scan_sources: tailwindcss_oxide::scanner: Discovering "/Users/williamwallacepro/Windsurf/TravelAIgentSvelte/TravelerAIgent-Svelte/src"
2025-05-18T01:07:06.322940Z  INFO get_files:scan_sources: tailwindcss_oxide::scanner: Discovering "/Users/williamwallacepro/Windsurf/TravelAIgentSvelte/TravelerAIgent-Svelte/src/lib"
2025-05-18T01:07:06.322997Z  INFO get_files:scan_sources: tailwindcss_oxide::scanner: Discovering "/Users/williamwallacepro/Windsurf/TravelAIgentSvelte/TravelerAIgent-Svelte/src/lib/auth"
2025-05-18T01:07:06.323070Z  INFO get_files:scan_sources: tailwindcss_oxide::scanner: Discovering "/Users/williamwallacepro/Windsurf/TravelAIgentSvelte/TravelerAIgent-Svelte/src/lib/server"
2025-05-18T01:07:06.323133Z  INFO get_files:scan_sources: tailwindcss_oxide::scanner: Discovering "/Users/williamwallacepro/Windsurf/TravelAIgentSvelte/TravelerAIgent-Svelte/src/lib/server/db"
2025-05-18T01:07:06.323215Z  INFO get_files:scan_sources: tailwindcss_oxide::scanner: Discovering "/Users/williamwallacepro/Windsurf/TravelAIgentSvelte/TravelerAIgent-Svelte/src/lib/components"
2025-05-18T01:07:06.323278Z  INFO get_files:scan_sources: tailwindcss_oxide::scanner: Discovering "/Users/williamwallacepro/Windsurf/TravelAIgentSvelte/TravelerAIgent-Svelte/src/lib/components/ui"
2025-05-18T01:07:06.323351Z  INFO get_files:scan_sources: tailwindcss_oxide::scanner: Discovering "/Users/williamwallacepro/Windsurf/TravelAIgentSvelte/TravelerAIgent-Svelte/src/lib/components/ui/form"
2025-05-18T01:07:06.323466Z  INFO get_files:scan_sources: tailwindcss_oxide::scanner: Discovering "/Users/williamwallacepro/Windsurf/TravelAIgentSvelte/TravelerAIgent-Svelte/src/lib/components/ui/card"
2025-05-18T01:07:06.323566Z  INFO get_files:scan_sources: tailwindcss_oxide::scanner: Discovering "/Users/williamwallacepro/Windsurf/TravelAIgentSvelte/TravelerAIgent-Svelte/src/lib/components/ui/input"
2025-05-18T01:07:06.323637Z  INFO get_files:scan_sources: tailwindcss_oxide::scanner: Discovering "/Users/williamwallacepro/Windsurf/TravelAIgentSvelte/TravelerAIgent-Svelte/src/lib/components/ui/alert"
2025-05-18T01:07:06.323730Z  INFO get_files:scan_sources: tailwindcss_oxide::scanner: Discovering "/Users/williamwallacepro/Windsurf/TravelAIgentSvelte/TravelerAIgent-Svelte/src/lib/components/ui/skeleton"
2025-05-18T01:07:06.323814Z  INFO get_files:scan_sources: tailwindcss_oxide::scanner: Discovering "/Users/williamwallacepro/Windsurf/TravelAIgentSvelte/TravelerAIgent-Svelte/src/lib/components/ui/separator"
2025-05-18T01:07:06.323885Z  INFO get_files:scan_sources: tailwindcss_oxide::scanner: Discovering "/Users/williamwallacepro/Windsurf/TravelAIgentSvelte/TravelerAIgent-Svelte/src/lib/components/ui/label"
2025-05-18T01:07:06.323971Z  INFO get_files:scan_sources: tailwindcss_oxide::scanner: Discovering "/Users/williamwallacepro/Windsurf/TravelAIgentSvelte/TravelerAIgent-Svelte/src/lib/components/ui/dropdown-menu"
2025-05-18T01:07:06.324070Z  INFO get_files:scan_sources: tailwindcss_oxide::scanner: Discovering "/Users/williamwallacepro/Windsurf/TravelAIgentSvelte/TravelerAIgent-Svelte/src/lib/components/ui/dialog"
2025-05-18T01:07:06.324173Z  INFO get_files:scan_sources: tailwindcss_oxide::scanner: Discovering "/Users/williamwallacepro/Windsurf/TravelAIgentSvelte/TravelerAIgent-Svelte/src/lib/components/ui/textarea"
2025-05-18T01:07:06.324246Z  INFO get_files:scan_sources: tailwindcss_oxide::scanner: Discovering "/Users/williamwallacepro/Windsurf/TravelAIgentSvelte/TravelerAIgent-Svelte/src/lib/components/ui/button"
2025-05-18T01:07:06.324330Z  INFO get_files:scan_sources: tailwindcss_oxide::scanner: Discovering "/Users/williamwallacepro/Windsurf/TravelAIgentSvelte/TravelerAIgent-Svelte/src/lib/components/ui/select"
2025-05-18T01:07:06.324442Z  INFO get_files:scan_sources: tailwindcss_oxide::scanner: Discovering "/Users/williamwallacepro/Windsurf/TravelAIgentSvelte/TravelerAIgent-Svelte/src/lib/components/ui/sheet"
2025-05-18T01:07:06.324549Z  INFO get_files:scan_sources: tailwindcss_oxide::scanner: Discovering "/Users/williamwallacepro/Windsurf/TravelAIgentSvelte/TravelerAIgent-Svelte/src/lib/components/layout"
2025-05-18T01:07:06.324629Z  INFO get_files:scan_sources: tailwindcss_oxide::scanner: Discovering "/Users/williamwallacepro/Windsurf/TravelAIgentSvelte/TravelerAIgent-Svelte/src/lib/components/theme-toggle"
2025-05-18T01:07:06.324734Z  INFO get_files:scan_sources: tailwindcss_oxide::scanner: Discovering "/Users/williamwallacepro/Windsurf/TravelAIgentSvelte/TravelerAIgent-Svelte/src/routes"
2025-05-18T01:07:06.324800Z  INFO get_files:scan_sources: tailwindcss_oxide::scanner: Discovering "/Users/williamwallacepro/Windsurf/TravelAIgentSvelte/TravelerAIgent-Svelte/src/routes/auth"
2025-05-18T01:07:06.324865Z  INFO get_files:scan_sources: tailwindcss_oxide::scanner: Discovering "/Users/williamwallacepro/Windsurf/TravelAIgentSvelte/TravelerAIgent-Svelte/src/routes/auth/signin"
2025-05-18T01:07:06.324940Z  INFO get_files:scan_sources: tailwindcss_oxide::scanner: Discovering "/Users/williamwallacepro/Windsurf/TravelAIgentSvelte/TravelerAIgent-Svelte/src/routes/auth/signin/github"
2025-05-18T01:07:06.325023Z  INFO get_files:scan_sources: tailwindcss_oxide::scanner: Discovering "/Users/williamwallacepro/Windsurf/TravelAIgentSvelte/TravelerAIgent-Svelte/src/routes/auth/callback"
2025-05-18T01:07:06.325088Z  INFO get_files:scan_sources: tailwindcss_oxide::scanner: Discovering "/Users/williamwallacepro/Windsurf/TravelAIgentSvelte/TravelerAIgent-Svelte/src/routes/auth/callback/[provider]"
2025-05-18T01:07:06.325174Z  INFO get_files:scan_sources: tailwindcss_oxide::scanner: Discovering "/Users/williamwallacepro/Windsurf/TravelAIgentSvelte/TravelerAIgent-Svelte/src/routes/trips"
2025-05-18T01:07:06.325243Z  INFO get_files:scan_sources: tailwindcss_oxide::scanner: exit
2025-05-18T01:07:06.325402Z  INFO get_files: tailwindcss_oxide::scanner: exit
2025-05-18T01:07:06.325619Z  INFO get_globs: tailwindcss_oxide::scanner: enter
2025-05-18T01:07:06.325623Z  INFO get_globs:scan_sources: tailwindcss_oxide::scanner: enter
2025-05-18T01:07:06.325998Z  INFO get_globs:scan_sources: tailwindcss_oxide::scanner: Discovering "/Users/williamwallacepro/Windsurf/TravelAIgentSvelte/TravelerAIgent-Svelte/Documentation"
2025-05-18T01:07:06.326063Z  INFO get_globs:scan_sources: tailwindcss_oxide::scanner: Discovering "/Users/williamwallacepro/Windsurf/TravelAIgentSvelte/TravelerAIgent-Svelte/Documentation/Implemented"
2025-05-18T01:07:06.326144Z  INFO get_globs:scan_sources: tailwindcss_oxide::scanner: Discovering "/Users/williamwallacepro/Windsurf/TravelAIgentSvelte/TravelerAIgent-Svelte/Documentation/ImplementationDesignandDetails"
2025-05-18T01:07:06.326221Z  INFO get_globs:scan_sources: tailwindcss_oxide::scanner: Discovering "/Users/williamwallacepro/Windsurf/TravelAIgentSvelte/TravelerAIgent-Svelte/Documentation/Svelte Conversion"
2025-05-18T01:07:06.326311Z  INFO get_globs:scan_sources: tailwindcss_oxide::scanner: Discovering "/Users/williamwallacepro/Windsurf/TravelAIgentSvelte/TravelerAIgent-Svelte/Documentation/Testing"
2025-05-18T01:07:06.326400Z  INFO get_globs:scan_sources: tailwindcss_oxide::scanner: Discovering "/Users/williamwallacepro/Windsurf/TravelAIgentSvelte/TravelerAIgent-Svelte/Documentation/FutureFeatures"
2025-05-18T01:07:06.326495Z  INFO get_globs:scan_sources: tailwindcss_oxide::scanner: Discovering "/Users/williamwallacepro/Windsurf/TravelAIgentSvelte/TravelerAIgent-Svelte/Documentation/ImplementationDesignandDetail"
2025-05-18T01:07:06.326666Z  INFO get_globs:scan_sources: tailwindcss_oxide::scanner: Discovering "/Users/williamwallacepro/Windsurf/TravelAIgentSvelte/TravelerAIgent-Svelte/static"
2025-05-18T01:07:06.326726Z  INFO get_globs:scan_sources: tailwindcss_oxide::scanner: Discovering "/Users/williamwallacepro/Windsurf/TravelAIgentSvelte/TravelerAIgent-Svelte/static/Documentation"
2025-05-18T01:07:06.326800Z  INFO get_globs:scan_sources: tailwindcss_oxide::scanner: Discovering "/Users/williamwallacepro/Windsurf/TravelAIgentSvelte/TravelerAIgent-Svelte/static/Documentation/Implemented"
2025-05-18T01:07:06.326875Z  INFO get_globs:scan_sources: tailwindcss_oxide::scanner: Discovering "/Users/williamwallacepro/Windsurf/TravelAIgentSvelte/TravelerAIgent-Svelte/static/Documentation/ImplementationDesignandDetails"
2025-05-18T01:07:06.326959Z  INFO get_globs:scan_sources: tailwindcss_oxide::scanner: Discovering "/Users/williamwallacepro/Windsurf/TravelAIgentSvelte/TravelerAIgent-Svelte/static/Documentation/Svelte Conversion"
2025-05-18T01:07:06.327031Z  INFO get_globs:scan_sources: tailwindcss_oxide::scanner: Discovering "/Users/williamwallacepro/Windsurf/TravelAIgentSvelte/TravelerAIgent-Svelte/static/Documentation/Testing"
2025-05-18T01:07:06.327107Z  INFO get_globs:scan_sources: tailwindcss_oxide::scanner: Discovering "/Users/williamwallacepro/Windsurf/TravelAIgentSvelte/TravelerAIgent-Svelte/static/Documentation/FutureFeatures"
2025-05-18T01:07:06.327220Z  INFO get_globs:scan_sources: tailwindcss_oxide::scanner: Discovering "/Users/williamwallacepro/Windsurf/TravelAIgentSvelte/TravelerAIgent-Svelte/static/Documentation/ImplementationDesignandDetail"
2025-05-18T01:07:06.327462Z  INFO get_globs:scan_sources: tailwindcss_oxide::scanner: Discovering "/Users/williamwallacepro/Windsurf/TravelAIgentSvelte/TravelerAIgent-Svelte/e2e"
2025-05-18T01:07:06.327532Z  INFO get_globs:scan_sources: tailwindcss_oxide::scanner: Discovering "/Users/williamwallacepro/Windsurf/TravelAIgentSvelte/TravelerAIgent-Svelte/src"
2025-05-18T01:07:06.327617Z  INFO get_globs:scan_sources: tailwindcss_oxide::scanner: Discovering "/Users/williamwallacepro/Windsurf/TravelAIgentSvelte/TravelerAIgent-Svelte/src/lib"
2025-05-18T01:07:06.327684Z  INFO get_globs:scan_sources: tailwindcss_oxide::scanner: Discovering "/Users/williamwallacepro/Windsurf/TravelAIgentSvelte/TravelerAIgent-Svelte/src/lib/auth"
2025-05-18T01:07:06.327772Z  INFO get_globs:scan_sources: tailwindcss_oxide::scanner: Discovering "/Users/williamwallacepro/Windsurf/TravelAIgentSvelte/TravelerAIgent-Svelte/src/lib/server"
2025-05-18T01:07:06.327855Z  INFO get_globs:scan_sources: tailwindcss_oxide::scanner: Discovering "/Users/williamwallacepro/Windsurf/TravelAIgentSvelte/TravelerAIgent-Svelte/src/lib/server/db"
2025-05-18T01:07:06.327935Z  INFO get_globs:scan_sources: tailwindcss_oxide::scanner: Discovering "/Users/williamwallacepro/Windsurf/TravelAIgentSvelte/TravelerAIgent-Svelte/src/lib/components"
2025-05-18T01:07:06.328007Z  INFO get_globs:scan_sources: tailwindcss_oxide::scanner: Discovering "/Users/williamwallacepro/Windsurf/TravelAIgentSvelte/TravelerAIgent-Svelte/src/lib/components/ui"
2025-05-18T01:07:06.328064Z  INFO get_globs:scan_sources: tailwindcss_oxide::scanner: Discovering "/Users/williamwallacepro/Windsurf/TravelAIgentSvelte/TravelerAIgent-Svelte/src/lib/components/ui/form"
2025-05-18T01:07:06.328182Z  INFO get_globs:scan_sources: tailwindcss_oxide::scanner: Discovering "/Users/williamwallacepro/Windsurf/TravelAIgentSvelte/TravelerAIgent-Svelte/src/lib/components/ui/card"
2025-05-18T01:07:06.328287Z  INFO get_globs:scan_sources: tailwindcss_oxide::scanner: Discovering "/Users/williamwallacepro/Windsurf/TravelAIgentSvelte/TravelerAIgent-Svelte/src/lib/components/ui/input"
2025-05-18T01:07:06.328355Z  INFO get_globs:scan_sources: tailwindcss_oxide::scanner: Discovering "/Users/williamwallacepro/Windsurf/TravelAIgentSvelte/TravelerAIgent-Svelte/src/lib/components/ui/alert"
2025-05-18T01:07:06.328435Z  INFO get_globs:scan_sources: tailwindcss_oxide::scanner: Discovering "/Users/williamwallacepro/Windsurf/TravelAIgentSvelte/TravelerAIgent-Svelte/src/lib/components/ui/skeleton"
2025-05-18T01:07:06.328509Z  INFO get_globs:scan_sources: tailwindcss_oxide::scanner: Discovering "/Users/williamwallacepro/Windsurf/TravelAIgentSvelte/TravelerAIgent-Svelte/src/lib/components/ui/separator"
2025-05-18T01:07:06.328578Z  INFO get_globs:scan_sources: tailwindcss_oxide::scanner: Discovering "/Users/williamwallacepro/Windsurf/TravelAIgentSvelte/TravelerAIgent-Svelte/src/lib/components/ui/label"
2025-05-18T01:07:06.328668Z  INFO get_globs:scan_sources: tailwindcss_oxide::scanner: Discovering "/Users/williamwallacepro/Windsurf/TravelAIgentSvelte/TravelerAIgent-Svelte/src/lib/components/ui/dropdown-menu"
2025-05-18T01:07:06.328766Z  INFO get_globs:scan_sources: tailwindcss_oxide::scanner: Discovering "/Users/williamwallacepro/Windsurf/TravelAIgentSvelte/TravelerAIgent-Svelte/src/lib/components/ui/dialog"
2025-05-18T01:07:06.328880Z  INFO get_globs:scan_sources: tailwindcss_oxide::scanner: Discovering "/Users/williamwallacepro/Windsurf/TravelAIgentSvelte/TravelerAIgent-Svelte/src/lib/components/ui/textarea"
2025-05-18T01:07:06.328958Z  INFO get_globs:scan_sources: tailwindcss_oxide::scanner: Discovering "/Users/williamwallacepro/Windsurf/TravelAIgentSvelte/TravelerAIgent-Svelte/src/lib/components/ui/button"
2025-05-18T01:07:06.329030Z  INFO get_globs:scan_sources: tailwindcss_oxide::scanner: Discovering "/Users/williamwallacepro/Windsurf/TravelAIgentSvelte/TravelerAIgent-Svelte/src/lib/components/ui/select"
2025-05-18T01:07:06.329133Z  INFO get_globs:scan_sources: tailwindcss_oxide::scanner: Discovering "/Users/williamwallacepro/Windsurf/TravelAIgentSvelte/TravelerAIgent-Svelte/src/lib/components/ui/sheet"
2025-05-18T01:07:06.329248Z  INFO get_globs:scan_sources: tailwindcss_oxide::scanner: Discovering "/Users/williamwallacepro/Windsurf/TravelAIgentSvelte/TravelerAIgent-Svelte/src/lib/components/layout"
2025-05-18T01:07:06.329325Z  INFO get_globs:scan_sources: tailwindcss_oxide::scanner: Discovering "/Users/williamwallacepro/Windsurf/TravelAIgentSvelte/TravelerAIgent-Svelte/src/lib/components/theme-toggle"
2025-05-18T01:07:06.329413Z  INFO get_globs:scan_sources: tailwindcss_oxide::scanner: Discovering "/Users/williamwallacepro/Windsurf/TravelAIgentSvelte/TravelerAIgent-Svelte/src/routes"
2025-05-18T01:07:06.329480Z  INFO get_globs:scan_sources: tailwindcss_oxide::scanner: Discovering "/Users/williamwallacepro/Windsurf/TravelAIgentSvelte/TravelerAIgent-Svelte/src/routes/auth"
2025-05-18T01:07:06.329550Z  INFO get_globs:scan_sources: tailwindcss_oxide::scanner: Discovering "/Users/williamwallacepro/Windsurf/TravelAIgentSvelte/TravelerAIgent-Svelte/src/routes/auth/signin"
2025-05-18T01:07:06.329628Z  INFO get_globs:scan_sources: tailwindcss_oxide::scanner: Discovering "/Users/williamwallacepro/Windsurf/TravelAIgentSvelte/TravelerAIgent-Svelte/src/routes/auth/signin/github"
2025-05-18T01:07:06.329734Z  INFO get_globs:scan_sources: tailwindcss_oxide::scanner: Discovering "/Users/williamwallacepro/Windsurf/TravelAIgentSvelte/TravelerAIgent-Svelte/src/routes/auth/callback"
2025-05-18T01:07:06.329802Z  INFO get_globs:scan_sources: tailwindcss_oxide::scanner: Discovering "/Users/williamwallacepro/Windsurf/TravelAIgentSvelte/TravelerAIgent-Svelte/src/routes/auth/callback/[provider]"
2025-05-18T01:07:06.329910Z  INFO get_globs:scan_sources: tailwindcss_oxide::scanner: Discovering "/Users/williamwallacepro/Windsurf/TravelAIgentSvelte/TravelerAIgent-Svelte/src/routes/trips"
2025-05-18T01:07:06.329976Z  INFO get_globs:scan_sources: tailwindcss_oxide::scanner: exit
2025-05-18T01:07:06.334106Z  INFO get_globs: tailwindcss_oxide::scanner: exit
