2025-05-18T01:13:38.563613Z  INFO tailwindcss_oxide::scanner: Provided sources:
2025-05-18T01:13:38.563664Z  INFO tailwindcss_oxide::scanner: Source: PublicSourceEntry { base: "/Users/williamwallacepro/Windsurf/TravelAIgentSvelte/TravelerAIgent-Svelte", pattern: "**/*", negated: false }
2025-05-18T01:13:38.563709Z  INFO tailwindcss_oxide::scanner: Optimized sources:
2025-05-18T01:13:38.563715Z  INFO tailwindcss_oxide::scanner: Source: Auto { base: "/Users/williamwallacepro/Windsurf/TravelAIgentSvelte/TravelerAIgent-Svelte" }
2025-05-18T01:13:38.564482Z  INFO scan_sources: tailwindcss_oxide::scanner: enter
2025-05-18T01:13:38.565024Z  INFO scan_sources: tailwindcss_oxide::scanner: Discovering "/Users/williamwallacepro/Windsurf/TravelAIgentSvelte/TravelerAIgent-Svelte/Documentation"
2025-05-18T01:13:38.565145Z  INFO scan_sources: tailwindcss_oxide::scanner: Discovering "/Users/williamwallacepro/Windsurf/TravelAIgentSvelte/TravelerAIgent-Svelte/Documentation/Implemented"
2025-05-18T01:13:38.565205Z  INFO scan_sources: tailwindcss_oxide::scanner: Discovering "/Users/williamwallacepro/Windsurf/TravelAIgentSvelte/TravelerAIgent-Svelte/Documentation/Implemented/enhancedresponsivedesignfortablets.md"
2025-05-18T01:13:38.565243Z  INFO scan_sources: tailwindcss_oxide::scanner: Discovering "/Users/williamwallacepro/Windsurf/TravelAIgentSvelte/TravelerAIgent-Svelte/Documentation/assistedtripcreation.md"
2025-05-18T01:13:38.565338Z  INFO scan_sources: tailwindcss_oxide::scanner: Discovering "/Users/williamwallacepro/Windsurf/TravelAIgentSvelte/TravelerAIgent-Svelte/Documentation/ImplementationDesignandDetails"
2025-05-18T01:13:38.565365Z  INFO scan_sources: tailwindcss_oxide::scanner: Discovering "/Users/williamwallacepro/Windsurf/TravelAIgentSvelte/TravelerAIgent-Svelte/Documentation/ImplementationDesignandDetails/AI-TripRecommendations.md"
2025-05-18T01:13:38.565382Z  INFO scan_sources: tailwindcss_oxide::scanner: Discovering "/Users/williamwallacepro/Windsurf/TravelAIgentSvelte/TravelerAIgent-Svelte/Documentation/ImplementationDesignandDetails/CurrentChecklistRequirementsImplementations.md"
2025-05-18T01:13:38.565477Z  INFO scan_sources: tailwindcss_oxide::scanner: Discovering "/Users/williamwallacepro/Windsurf/TravelAIgentSvelte/TravelerAIgent-Svelte/Documentation/Svelte Conversion"
2025-05-18T01:13:38.565513Z  INFO scan_sources: tailwindcss_oxide::scanner: Discovering "/Users/williamwallacepro/Windsurf/TravelAIgentSvelte/TravelerAIgent-Svelte/Documentation/Svelte Conversion/Svelte Conversion Cascade Assessment.md"
2025-05-18T01:13:38.565535Z  INFO scan_sources: tailwindcss_oxide::scanner: Discovering "/Users/williamwallacepro/Windsurf/TravelAIgentSvelte/TravelerAIgent-Svelte/Documentation/Svelte Conversion/Conversion Implementation Steps.md"
2025-05-18T01:13:38.565618Z  INFO scan_sources: tailwindcss_oxide::scanner: Discovering "/Users/williamwallacepro/Windsurf/TravelAIgentSvelte/TravelerAIgent-Svelte/Documentation/Testing"
2025-05-18T01:13:38.565655Z  INFO scan_sources: tailwindcss_oxide::scanner: Discovering "/Users/williamwallacepro/Windsurf/TravelAIgentSvelte/TravelerAIgent-Svelte/Documentation/Testing/Mobile vs Desktop"
2025-05-18T01:13:38.565679Z  INFO scan_sources: tailwindcss_oxide::scanner: Discovering "/Users/williamwallacepro/Windsurf/TravelAIgentSvelte/TravelerAIgent-Svelte/Documentation/implementationofreviews.md"
2025-05-18T01:13:38.565760Z  INFO scan_sources: tailwindcss_oxide::scanner: Discovering "/Users/williamwallacepro/Windsurf/TravelAIgentSvelte/TravelerAIgent-Svelte/Documentation/FutureFeatures"
2025-05-18T01:13:38.565782Z  INFO scan_sources: tailwindcss_oxide::scanner: Discovering "/Users/williamwallacepro/Windsurf/TravelAIgentSvelte/TravelerAIgent-Svelte/Documentation/FutureFeatures/searchingsocialmedia.md"
2025-05-18T01:13:38.565797Z  INFO scan_sources: tailwindcss_oxide::scanner: Discovering "/Users/williamwallacepro/Windsurf/TravelAIgentSvelte/TravelerAIgent-Svelte/Documentation/FutureFeatures/PersonalizedTravelAdvisor.md"
2025-05-18T01:13:38.565820Z  INFO scan_sources: tailwindcss_oxide::scanner: Discovering "/Users/williamwallacepro/Windsurf/TravelAIgentSvelte/TravelerAIgent-Svelte/Documentation/FutureFeatures/augmentedrealitydestinationpreview.md"
2025-05-18T01:13:38.565837Z  INFO scan_sources: tailwindcss_oxide::scanner: Discovering "/Users/williamwallacepro/Windsurf/TravelAIgentSvelte/TravelerAIgent-Svelte/Documentation/FutureFeatures/interactivetripmemoryscrapbookwithAI-generatedcaptions.md"
2025-05-18T01:13:38.565920Z  INFO scan_sources: tailwindcss_oxide::scanner: Discovering "/Users/williamwallacepro/Windsurf/TravelAIgentSvelte/TravelerAIgent-Svelte/Documentation/ImplementationDesignandDetail"
2025-05-18T01:13:38.565948Z  INFO scan_sources: tailwindcss_oxide::scanner: Discovering "/Users/williamwallacepro/Windsurf/TravelAIgentSvelte/TravelerAIgent-Svelte/Documentation/ImplementationDesignandDetail/BudgetHeatmap.md"
2025-05-18T01:13:38.565959Z  INFO scan_sources: tailwindcss_oxide::scanner: Discovering "/Users/williamwallacepro/Windsurf/TravelAIgentSvelte/TravelerAIgent-Svelte/Documentation/ImplementationDesignandDetail/OnboardingTutorial.md"
2025-05-18T01:13:38.565981Z  INFO scan_sources: tailwindcss_oxide::scanner: Discovering "/Users/williamwallacepro/Windsurf/TravelAIgentSvelte/TravelerAIgent-Svelte/svelte.config.js"
2025-05-18T01:13:38.565992Z  INFO scan_sources: tailwindcss_oxide::scanner: Discovering "/Users/williamwallacepro/Windsurf/TravelAIgentSvelte/TravelerAIgent-Svelte/tailwind.config.js"
2025-05-18T01:13:38.566002Z  INFO scan_sources: tailwindcss_oxide::scanner: Discovering "/Users/williamwallacepro/Windsurf/TravelAIgentSvelte/TravelerAIgent-Svelte/LICENSE"
2025-05-18T01:13:38.566116Z  INFO scan_sources: tailwindcss_oxide::scanner: Discovering "/Users/williamwallacepro/Windsurf/TravelAIgentSvelte/TravelerAIgent-Svelte/vitest-setup-client.ts"
2025-05-18T01:13:38.566127Z  INFO scan_sources: tailwindcss_oxide::scanner: Discovering "/Users/williamwallacepro/Windsurf/TravelAIgentSvelte/TravelerAIgent-Svelte/.npmrc"
2025-05-18T01:13:38.566136Z  INFO scan_sources: tailwindcss_oxide::scanner: Discovering "/Users/williamwallacepro/Windsurf/TravelAIgentSvelte/TravelerAIgent-Svelte/.prettierignore"
2025-05-18T01:13:38.566146Z  INFO scan_sources: tailwindcss_oxide::scanner: Discovering "/Users/williamwallacepro/Windsurf/TravelAIgentSvelte/TravelerAIgent-Svelte/README.md"
2025-05-18T01:13:38.566155Z  INFO scan_sources: tailwindcss_oxide::scanner: Discovering "/Users/williamwallacepro/Windsurf/TravelAIgentSvelte/TravelerAIgent-Svelte/TravelerAIgent-Svelte.code-workspace"
2025-05-18T01:13:38.566177Z  INFO scan_sources: tailwindcss_oxide::scanner: Discovering "/Users/williamwallacepro/Windsurf/TravelAIgentSvelte/TravelerAIgent-Svelte/package.json"
2025-05-18T01:13:38.566236Z  INFO scan_sources: tailwindcss_oxide::scanner: Discovering "/Users/williamwallacepro/Windsurf/TravelAIgentSvelte/TravelerAIgent-Svelte/static"
2025-05-18T01:13:38.566307Z  INFO scan_sources: tailwindcss_oxide::scanner: Discovering "/Users/williamwallacepro/Windsurf/TravelAIgentSvelte/TravelerAIgent-Svelte/static/Documentation"
2025-05-18T01:13:38.566385Z  INFO scan_sources: tailwindcss_oxide::scanner: Discovering "/Users/williamwallacepro/Windsurf/TravelAIgentSvelte/TravelerAIgent-Svelte/static/Documentation/Implemented"
2025-05-18T01:13:38.566406Z  INFO scan_sources: tailwindcss_oxide::scanner: Discovering "/Users/williamwallacepro/Windsurf/TravelAIgentSvelte/TravelerAIgent-Svelte/static/Documentation/Implemented/enhancedresponsivedesignfortablets.md"
2025-05-18T01:13:38.566422Z  INFO scan_sources: tailwindcss_oxide::scanner: Discovering "/Users/williamwallacepro/Windsurf/TravelAIgentSvelte/TravelerAIgent-Svelte/static/Documentation/assistedtripcreation.md"
2025-05-18T01:13:38.566482Z  INFO scan_sources: tailwindcss_oxide::scanner: Discovering "/Users/williamwallacepro/Windsurf/TravelAIgentSvelte/TravelerAIgent-Svelte/static/Documentation/ImplementationDesignandDetails"
2025-05-18T01:13:38.566502Z  INFO scan_sources: tailwindcss_oxide::scanner: Discovering "/Users/williamwallacepro/Windsurf/TravelAIgentSvelte/TravelerAIgent-Svelte/static/Documentation/ImplementationDesignandDetails/AI-TripRecommendations.md"
2025-05-18T01:13:38.566517Z  INFO scan_sources: tailwindcss_oxide::scanner: Discovering "/Users/williamwallacepro/Windsurf/TravelAIgentSvelte/TravelerAIgent-Svelte/static/Documentation/ImplementationDesignandDetails/CurrentChecklistRequirementsImplementations.md"
2025-05-18T01:13:38.566577Z  INFO scan_sources: tailwindcss_oxide::scanner: Discovering "/Users/williamwallacepro/Windsurf/TravelAIgentSvelte/TravelerAIgent-Svelte/static/Documentation/Svelte Conversion"
2025-05-18T01:13:38.566596Z  INFO scan_sources: tailwindcss_oxide::scanner: Discovering "/Users/williamwallacepro/Windsurf/TravelAIgentSvelte/TravelerAIgent-Svelte/static/Documentation/Svelte Conversion/Svelte Conversion Cascade Assessment.md"
2025-05-18T01:13:38.566609Z  INFO scan_sources: tailwindcss_oxide::scanner: Discovering "/Users/williamwallacepro/Windsurf/TravelAIgentSvelte/TravelerAIgent-Svelte/static/Documentation/Svelte Conversion/Conversion Implementation Steps.md"
2025-05-18T01:13:38.566672Z  INFO scan_sources: tailwindcss_oxide::scanner: Discovering "/Users/williamwallacepro/Windsurf/TravelAIgentSvelte/TravelerAIgent-Svelte/static/Documentation/Testing"
2025-05-18T01:13:38.566691Z  INFO scan_sources: tailwindcss_oxide::scanner: Discovering "/Users/williamwallacepro/Windsurf/TravelAIgentSvelte/TravelerAIgent-Svelte/static/Documentation/Testing/Mobile vs Desktop"
2025-05-18T01:13:38.566726Z  INFO scan_sources: tailwindcss_oxide::scanner: Discovering "/Users/williamwallacepro/Windsurf/TravelAIgentSvelte/TravelerAIgent-Svelte/static/Documentation/implementationofreviews.md"
2025-05-18T01:13:38.566782Z  INFO scan_sources: tailwindcss_oxide::scanner: Discovering "/Users/williamwallacepro/Windsurf/TravelAIgentSvelte/TravelerAIgent-Svelte/static/Documentation/FutureFeatures"
2025-05-18T01:13:38.566809Z  INFO scan_sources: tailwindcss_oxide::scanner: Discovering "/Users/williamwallacepro/Windsurf/TravelAIgentSvelte/TravelerAIgent-Svelte/static/Documentation/FutureFeatures/searchingsocialmedia.md"
2025-05-18T01:13:38.566820Z  INFO scan_sources: tailwindcss_oxide::scanner: Discovering "/Users/williamwallacepro/Windsurf/TravelAIgentSvelte/TravelerAIgent-Svelte/static/Documentation/FutureFeatures/PersonalizedTravelAdvisor.md"
2025-05-18T01:13:38.566832Z  INFO scan_sources: tailwindcss_oxide::scanner: Discovering "/Users/williamwallacepro/Windsurf/TravelAIgentSvelte/TravelerAIgent-Svelte/static/Documentation/FutureFeatures/augmentedrealitydestinationpreview.md"
2025-05-18T01:13:38.566845Z  INFO scan_sources: tailwindcss_oxide::scanner: Discovering "/Users/williamwallacepro/Windsurf/TravelAIgentSvelte/TravelerAIgent-Svelte/static/Documentation/FutureFeatures/interactivetripmemoryscrapbookwithAI-generatedcaptions.md"
2025-05-18T01:13:38.566904Z  INFO scan_sources: tailwindcss_oxide::scanner: Discovering "/Users/williamwallacepro/Windsurf/TravelAIgentSvelte/TravelerAIgent-Svelte/static/Documentation/ImplementationDesignandDetail"
2025-05-18T01:13:38.566925Z  INFO scan_sources: tailwindcss_oxide::scanner: Discovering "/Users/williamwallacepro/Windsurf/TravelAIgentSvelte/TravelerAIgent-Svelte/static/Documentation/ImplementationDesignandDetail/BudgetHeatmap.md"
2025-05-18T01:13:38.566938Z  INFO scan_sources: tailwindcss_oxide::scanner: Discovering "/Users/williamwallacepro/Windsurf/TravelAIgentSvelte/TravelerAIgent-Svelte/static/Documentation/ImplementationDesignandDetail/OnboardingTutorial.md"
2025-05-18T01:13:38.566961Z  INFO scan_sources: tailwindcss_oxide::scanner: Discovering "/Users/williamwallacepro/Windsurf/TravelAIgentSvelte/TravelerAIgent-Svelte/.prettierrc"
2025-05-18T01:13:38.566970Z  INFO scan_sources: tailwindcss_oxide::scanner: Discovering "/Users/williamwallacepro/Windsurf/TravelAIgentSvelte/TravelerAIgent-Svelte/components.json"
2025-05-18T01:13:38.566978Z  INFO scan_sources: tailwindcss_oxide::scanner: Discovering "/Users/williamwallacepro/Windsurf/TravelAIgentSvelte/TravelerAIgent-Svelte/tsconfig.json"
2025-05-18T01:13:38.567049Z  INFO scan_sources: tailwindcss_oxide::scanner: Discovering "/Users/williamwallacepro/Windsurf/TravelAIgentSvelte/TravelerAIgent-Svelte/playwright.config.ts"
2025-05-18T01:13:38.567062Z  INFO scan_sources: tailwindcss_oxide::scanner: Discovering "/Users/williamwallacepro/Windsurf/TravelAIgentSvelte/TravelerAIgent-Svelte/eslint.config.js"
2025-05-18T01:13:38.567074Z  INFO scan_sources: tailwindcss_oxide::scanner: Discovering "/Users/williamwallacepro/Windsurf/TravelAIgentSvelte/TravelerAIgent-Svelte/.env.example"
2025-05-18T01:13:38.567083Z  INFO scan_sources: tailwindcss_oxide::scanner: Discovering "/Users/williamwallacepro/Windsurf/TravelAIgentSvelte/TravelerAIgent-Svelte/drizzle.config.ts"
2025-05-18T01:13:38.567093Z  INFO scan_sources: tailwindcss_oxide::scanner: Discovering "/Users/williamwallacepro/Windsurf/TravelAIgentSvelte/TravelerAIgent-Svelte/vite.config.ts"
2025-05-18T01:13:38.567207Z  INFO scan_sources: tailwindcss_oxide::scanner: Discovering "/Users/williamwallacepro/Windsurf/TravelAIgentSvelte/TravelerAIgent-Svelte/e2e"
2025-05-18T01:13:38.567225Z  INFO scan_sources: tailwindcss_oxide::scanner: Discovering "/Users/williamwallacepro/Windsurf/TravelAIgentSvelte/TravelerAIgent-Svelte/e2e/demo.test.ts"
2025-05-18T01:13:38.567238Z  INFO scan_sources: tailwindcss_oxide::scanner: Discovering "/Users/williamwallacepro/Windsurf/TravelAIgentSvelte/TravelerAIgent-Svelte/postcss.config.js"
2025-05-18T01:13:38.567294Z  INFO scan_sources: tailwindcss_oxide::scanner: Discovering "/Users/williamwallacepro/Windsurf/TravelAIgentSvelte/TravelerAIgent-Svelte/src"
2025-05-18T01:13:38.567316Z  INFO scan_sources: tailwindcss_oxide::scanner: Discovering "/Users/williamwallacepro/Windsurf/TravelAIgentSvelte/TravelerAIgent-Svelte/src/demo.spec.ts"
2025-05-18T01:13:38.567324Z  INFO scan_sources: tailwindcss_oxide::scanner: Discovering "/Users/williamwallacepro/Windsurf/TravelAIgentSvelte/TravelerAIgent-Svelte/src/app.d.ts"
2025-05-18T01:13:38.567332Z  INFO scan_sources: tailwindcss_oxide::scanner: Discovering "/Users/williamwallacepro/Windsurf/TravelAIgentSvelte/TravelerAIgent-Svelte/src/app.css"
2025-05-18T01:13:38.567340Z  INFO scan_sources: tailwindcss_oxide::scanner: Discovering "/Users/williamwallacepro/Windsurf/TravelAIgentSvelte/TravelerAIgent-Svelte/src/hooks.client.ts"
2025-05-18T01:13:38.567394Z  INFO scan_sources: tailwindcss_oxide::scanner: Discovering "/Users/williamwallacepro/Windsurf/TravelAIgentSvelte/TravelerAIgent-Svelte/src/lib"
2025-05-18T01:13:38.567457Z  INFO scan_sources: tailwindcss_oxide::scanner: Discovering "/Users/williamwallacepro/Windsurf/TravelAIgentSvelte/TravelerAIgent-Svelte/src/lib/auth"
2025-05-18T01:13:38.567482Z  INFO scan_sources: tailwindcss_oxide::scanner: Discovering "/Users/williamwallacepro/Windsurf/TravelAIgentSvelte/TravelerAIgent-Svelte/src/lib/utils.ts"
2025-05-18T01:13:38.567534Z  INFO scan_sources: tailwindcss_oxide::scanner: Discovering "/Users/williamwallacepro/Windsurf/TravelAIgentSvelte/TravelerAIgent-Svelte/src/lib/server"
2025-05-18T01:13:38.567596Z  INFO scan_sources: tailwindcss_oxide::scanner: Discovering "/Users/williamwallacepro/Windsurf/TravelAIgentSvelte/TravelerAIgent-Svelte/src/lib/server/db"
2025-05-18T01:13:38.567615Z  INFO scan_sources: tailwindcss_oxide::scanner: Discovering "/Users/williamwallacepro/Windsurf/TravelAIgentSvelte/TravelerAIgent-Svelte/src/lib/server/db/schema.ts"
2025-05-18T01:13:38.567623Z  INFO scan_sources: tailwindcss_oxide::scanner: Discovering "/Users/williamwallacepro/Windsurf/TravelAIgentSvelte/TravelerAIgent-Svelte/src/lib/server/db/index.ts"
2025-05-18T01:13:38.567636Z  INFO scan_sources: tailwindcss_oxide::scanner: Discovering "/Users/williamwallacepro/Windsurf/TravelAIgentSvelte/TravelerAIgent-Svelte/src/lib/server/auth.ts"
2025-05-18T01:13:38.567707Z  INFO scan_sources: tailwindcss_oxide::scanner: Discovering "/Users/williamwallacepro/Windsurf/TravelAIgentSvelte/TravelerAIgent-Svelte/src/lib/components"
2025-05-18T01:13:38.567788Z  INFO scan_sources: tailwindcss_oxide::scanner: Discovering "/Users/williamwallacepro/Windsurf/TravelAIgentSvelte/TravelerAIgent-Svelte/src/lib/components/ui"
2025-05-18T01:13:38.567903Z  INFO scan_sources: tailwindcss_oxide::scanner: Discovering "/Users/williamwallacepro/Windsurf/TravelAIgentSvelte/TravelerAIgent-Svelte/src/lib/components/ui/form"
2025-05-18T01:13:38.567942Z  INFO scan_sources: tailwindcss_oxide::scanner: Discovering "/Users/williamwallacepro/Windsurf/TravelAIgentSvelte/TravelerAIgent-Svelte/src/lib/components/ui/form/form-label.svelte"
2025-05-18T01:13:38.567958Z  INFO scan_sources: tailwindcss_oxide::scanner: Discovering "/Users/williamwallacepro/Windsurf/TravelAIgentSvelte/TravelerAIgent-Svelte/src/lib/components/ui/form/form-fieldset.svelte"
2025-05-18T01:13:38.567968Z  INFO scan_sources: tailwindcss_oxide::scanner: Discovering "/Users/williamwallacepro/Windsurf/TravelAIgentSvelte/TravelerAIgent-Svelte/src/lib/components/ui/form/form-button.svelte"
2025-05-18T01:13:38.567977Z  INFO scan_sources: tailwindcss_oxide::scanner: Discovering "/Users/williamwallacepro/Windsurf/TravelAIgentSvelte/TravelerAIgent-Svelte/src/lib/components/ui/form/form-field-errors.svelte"
2025-05-18T01:13:38.567987Z  INFO scan_sources: tailwindcss_oxide::scanner: Discovering "/Users/williamwallacepro/Windsurf/TravelAIgentSvelte/TravelerAIgent-Svelte/src/lib/components/ui/form/form-description.svelte"
2025-05-18T01:13:38.567996Z  INFO scan_sources: tailwindcss_oxide::scanner: Discovering "/Users/williamwallacepro/Windsurf/TravelAIgentSvelte/TravelerAIgent-Svelte/src/lib/components/ui/form/form-field.svelte"
2025-05-18T01:13:38.568005Z  INFO scan_sources: tailwindcss_oxide::scanner: Discovering "/Users/williamwallacepro/Windsurf/TravelAIgentSvelte/TravelerAIgent-Svelte/src/lib/components/ui/form/index.ts"
2025-05-18T01:13:38.568014Z  INFO scan_sources: tailwindcss_oxide::scanner: Discovering "/Users/williamwallacepro/Windsurf/TravelAIgentSvelte/TravelerAIgent-Svelte/src/lib/components/ui/form/form-element-field.svelte"
2025-05-18T01:13:38.568024Z  INFO scan_sources: tailwindcss_oxide::scanner: Discovering "/Users/williamwallacepro/Windsurf/TravelAIgentSvelte/TravelerAIgent-Svelte/src/lib/components/ui/form/form-legend.svelte"
2025-05-18T01:13:38.568105Z  INFO scan_sources: tailwindcss_oxide::scanner: Discovering "/Users/williamwallacepro/Windsurf/TravelAIgentSvelte/TravelerAIgent-Svelte/src/lib/components/ui/card"
2025-05-18T01:13:38.568130Z  INFO scan_sources: tailwindcss_oxide::scanner: Discovering "/Users/williamwallacepro/Windsurf/TravelAIgentSvelte/TravelerAIgent-Svelte/src/lib/components/ui/card/card-title.svelte"
2025-05-18T01:13:38.568138Z  INFO scan_sources: tailwindcss_oxide::scanner: Discovering "/Users/williamwallacepro/Windsurf/TravelAIgentSvelte/TravelerAIgent-Svelte/src/lib/components/ui/card/card-header.svelte"
2025-05-18T01:13:38.568147Z  INFO scan_sources: tailwindcss_oxide::scanner: Discovering "/Users/williamwallacepro/Windsurf/TravelAIgentSvelte/TravelerAIgent-Svelte/src/lib/components/ui/card/card-description.svelte"
2025-05-18T01:13:38.568155Z  INFO scan_sources: tailwindcss_oxide::scanner: Discovering "/Users/williamwallacepro/Windsurf/TravelAIgentSvelte/TravelerAIgent-Svelte/src/lib/components/ui/card/card.svelte"
2025-05-18T01:13:38.568163Z  INFO scan_sources: tailwindcss_oxide::scanner: Discovering "/Users/williamwallacepro/Windsurf/TravelAIgentSvelte/TravelerAIgent-Svelte/src/lib/components/ui/card/index.ts"
2025-05-18T01:13:38.568171Z  INFO scan_sources: tailwindcss_oxide::scanner: Discovering "/Users/williamwallacepro/Windsurf/TravelAIgentSvelte/TravelerAIgent-Svelte/src/lib/components/ui/card/card-content.svelte"
2025-05-18T01:13:38.568179Z  INFO scan_sources: tailwindcss_oxide::scanner: Discovering "/Users/williamwallacepro/Windsurf/TravelAIgentSvelte/TravelerAIgent-Svelte/src/lib/components/ui/card/card-footer.svelte"
2025-05-18T01:13:38.568253Z  INFO scan_sources: tailwindcss_oxide::scanner: Discovering "/Users/williamwallacepro/Windsurf/TravelAIgentSvelte/TravelerAIgent-Svelte/src/lib/components/ui/input"
2025-05-18T01:13:38.568275Z  INFO scan_sources: tailwindcss_oxide::scanner: Discovering "/Users/williamwallacepro/Windsurf/TravelAIgentSvelte/TravelerAIgent-Svelte/src/lib/components/ui/input/input.svelte"
2025-05-18T01:13:38.568298Z  INFO scan_sources: tailwindcss_oxide::scanner: Discovering "/Users/williamwallacepro/Windsurf/TravelAIgentSvelte/TravelerAIgent-Svelte/src/lib/components/ui/input/index.ts"
2025-05-18T01:13:38.568372Z  INFO scan_sources: tailwindcss_oxide::scanner: Discovering "/Users/williamwallacepro/Windsurf/TravelAIgentSvelte/TravelerAIgent-Svelte/src/lib/components/ui/alert"
2025-05-18T01:13:38.568403Z  INFO scan_sources: tailwindcss_oxide::scanner: Discovering "/Users/williamwallacepro/Windsurf/TravelAIgentSvelte/TravelerAIgent-Svelte/src/lib/components/ui/alert/alert-description.svelte"
2025-05-18T01:13:38.568412Z  INFO scan_sources: tailwindcss_oxide::scanner: Discovering "/Users/williamwallacepro/Windsurf/TravelAIgentSvelte/TravelerAIgent-Svelte/src/lib/components/ui/alert/alert-title.svelte"
2025-05-18T01:13:38.568421Z  INFO scan_sources: tailwindcss_oxide::scanner: Discovering "/Users/williamwallacepro/Windsurf/TravelAIgentSvelte/TravelerAIgent-Svelte/src/lib/components/ui/alert/index.ts"
2025-05-18T01:13:38.568430Z  INFO scan_sources: tailwindcss_oxide::scanner: Discovering "/Users/williamwallacepro/Windsurf/TravelAIgentSvelte/TravelerAIgent-Svelte/src/lib/components/ui/alert/alert.svelte"
2025-05-18T01:13:38.568507Z  INFO scan_sources: tailwindcss_oxide::scanner: Discovering "/Users/williamwallacepro/Windsurf/TravelAIgentSvelte/TravelerAIgent-Svelte/src/lib/components/ui/skeleton"
2025-05-18T01:13:38.568526Z  INFO scan_sources: tailwindcss_oxide::scanner: Discovering "/Users/williamwallacepro/Windsurf/TravelAIgentSvelte/TravelerAIgent-Svelte/src/lib/components/ui/skeleton/skeleton.svelte"
2025-05-18T01:13:38.568534Z  INFO scan_sources: tailwindcss_oxide::scanner: Discovering "/Users/williamwallacepro/Windsurf/TravelAIgentSvelte/TravelerAIgent-Svelte/src/lib/components/ui/skeleton/index.ts"
2025-05-18T01:13:38.568622Z  INFO scan_sources: tailwindcss_oxide::scanner: Discovering "/Users/williamwallacepro/Windsurf/TravelAIgentSvelte/TravelerAIgent-Svelte/src/lib/components/ui/separator"
2025-05-18T01:13:38.568639Z  INFO scan_sources: tailwindcss_oxide::scanner: Discovering "/Users/williamwallacepro/Windsurf/TravelAIgentSvelte/TravelerAIgent-Svelte/src/lib/components/ui/separator/separator.svelte"
2025-05-18T01:13:38.568647Z  INFO scan_sources: tailwindcss_oxide::scanner: Discovering "/Users/williamwallacepro/Windsurf/TravelAIgentSvelte/TravelerAIgent-Svelte/src/lib/components/ui/separator/index.ts"
2025-05-18T01:13:38.568723Z  INFO scan_sources: tailwindcss_oxide::scanner: Discovering "/Users/williamwallacepro/Windsurf/TravelAIgentSvelte/TravelerAIgent-Svelte/src/lib/components/ui/label"
2025-05-18T01:13:38.568743Z  INFO scan_sources: tailwindcss_oxide::scanner: Discovering "/Users/williamwallacepro/Windsurf/TravelAIgentSvelte/TravelerAIgent-Svelte/src/lib/components/ui/label/index.ts"
2025-05-18T01:13:38.568753Z  INFO scan_sources: tailwindcss_oxide::scanner: Discovering "/Users/williamwallacepro/Windsurf/TravelAIgentSvelte/TravelerAIgent-Svelte/src/lib/components/ui/label/label.svelte"
2025-05-18T01:13:38.568832Z  INFO scan_sources: tailwindcss_oxide::scanner: Discovering "/Users/williamwallacepro/Windsurf/TravelAIgentSvelte/TravelerAIgent-Svelte/src/lib/components/ui/dropdown-menu"
2025-05-18T01:13:38.568861Z  INFO scan_sources: tailwindcss_oxide::scanner: Discovering "/Users/williamwallacepro/Windsurf/TravelAIgentSvelte/TravelerAIgent-Svelte/src/lib/components/ui/dropdown-menu/dropdown-separator.svelte"
2025-05-18T01:13:38.568871Z  INFO scan_sources: tailwindcss_oxide::scanner: Discovering "/Users/williamwallacepro/Windsurf/TravelAIgentSvelte/TravelerAIgent-Svelte/src/lib/components/ui/dropdown-menu/dropdown-label.svelte"
2025-05-18T01:13:38.568880Z  INFO scan_sources: tailwindcss_oxide::scanner: Discovering "/Users/williamwallacepro/Windsurf/TravelAIgentSvelte/TravelerAIgent-Svelte/src/lib/components/ui/dropdown-menu/dropdown-content.svelte"
2025-05-18T01:13:38.568889Z  INFO scan_sources: tailwindcss_oxide::scanner: Discovering "/Users/williamwallacepro/Windsurf/TravelAIgentSvelte/TravelerAIgent-Svelte/src/lib/components/ui/dropdown-menu/dropdown-item.svelte"
2025-05-18T01:13:38.568909Z  INFO scan_sources: tailwindcss_oxide::scanner: Discovering "/Users/williamwallacepro/Windsurf/TravelAIgentSvelte/TravelerAIgent-Svelte/src/lib/components/ui/dropdown-menu/index.ts"
2025-05-18T01:13:38.568919Z  INFO scan_sources: tailwindcss_oxide::scanner: Discovering "/Users/williamwallacepro/Windsurf/TravelAIgentSvelte/TravelerAIgent-Svelte/src/lib/components/ui/dropdown-menu/dropdown-trigger.svelte"
2025-05-18T01:13:38.569005Z  INFO scan_sources: tailwindcss_oxide::scanner: Discovering "/Users/williamwallacepro/Windsurf/TravelAIgentSvelte/TravelerAIgent-Svelte/src/lib/components/ui/dialog"
2025-05-18T01:13:38.569029Z  INFO scan_sources: tailwindcss_oxide::scanner: Discovering "/Users/williamwallacepro/Windsurf/TravelAIgentSvelte/TravelerAIgent-Svelte/src/lib/components/ui/dialog/dialog-description.svelte"
2025-05-18T01:13:38.569042Z  INFO scan_sources: tailwindcss_oxide::scanner: Discovering "/Users/williamwallacepro/Windsurf/TravelAIgentSvelte/TravelerAIgent-Svelte/src/lib/components/ui/dialog/dialog-portal.svelte"
2025-05-18T01:13:38.569050Z  INFO scan_sources: tailwindcss_oxide::scanner: Discovering "/Users/williamwallacepro/Windsurf/TravelAIgentSvelte/TravelerAIgent-Svelte/src/lib/components/ui/dialog/dialog-title.svelte"
2025-05-18T01:13:38.569058Z  INFO scan_sources: tailwindcss_oxide::scanner: Discovering "/Users/williamwallacepro/Windsurf/TravelAIgentSvelte/TravelerAIgent-Svelte/src/lib/components/ui/dialog/dialog-footer.svelte"
2025-05-18T01:13:38.569066Z  INFO scan_sources: tailwindcss_oxide::scanner: Discovering "/Users/williamwallacepro/Windsurf/TravelAIgentSvelte/TravelerAIgent-Svelte/src/lib/components/ui/dialog/dialog-content.svelte"
2025-05-18T01:13:38.569073Z  INFO scan_sources: tailwindcss_oxide::scanner: Discovering "/Users/williamwallacepro/Windsurf/TravelAIgentSvelte/TravelerAIgent-Svelte/src/lib/components/ui/dialog/index.ts"
2025-05-18T01:13:38.569081Z  INFO scan_sources: tailwindcss_oxide::scanner: Discovering "/Users/williamwallacepro/Windsurf/TravelAIgentSvelte/TravelerAIgent-Svelte/src/lib/components/ui/dialog/dialog-header.svelte"
2025-05-18T01:13:38.569089Z  INFO scan_sources: tailwindcss_oxide::scanner: Discovering "/Users/williamwallacepro/Windsurf/TravelAIgentSvelte/TravelerAIgent-Svelte/src/lib/components/ui/dialog/dialog-overlay.svelte"
2025-05-18T01:13:38.569181Z  INFO scan_sources: tailwindcss_oxide::scanner: Discovering "/Users/williamwallacepro/Windsurf/TravelAIgentSvelte/TravelerAIgent-Svelte/src/lib/components/ui/textarea"
2025-05-18T01:13:38.569203Z  INFO scan_sources: tailwindcss_oxide::scanner: Discovering "/Users/williamwallacepro/Windsurf/TravelAIgentSvelte/TravelerAIgent-Svelte/src/lib/components/ui/textarea/textarea.svelte"
2025-05-18T01:13:38.569213Z  INFO scan_sources: tailwindcss_oxide::scanner: Discovering "/Users/williamwallacepro/Windsurf/TravelAIgentSvelte/TravelerAIgent-Svelte/src/lib/components/ui/textarea/index.ts"
2025-05-18T01:13:38.569301Z  INFO scan_sources: tailwindcss_oxide::scanner: Discovering "/Users/williamwallacepro/Windsurf/TravelAIgentSvelte/TravelerAIgent-Svelte/src/lib/components/ui/button"
2025-05-18T01:13:38.569327Z  INFO scan_sources: tailwindcss_oxide::scanner: Discovering "/Users/williamwallacepro/Windsurf/TravelAIgentSvelte/TravelerAIgent-Svelte/src/lib/components/ui/button/button.svelte"
2025-05-18T01:13:38.569337Z  INFO scan_sources: tailwindcss_oxide::scanner: Discovering "/Users/williamwallacepro/Windsurf/TravelAIgentSvelte/TravelerAIgent-Svelte/src/lib/components/ui/button/index.ts"
2025-05-18T01:13:38.569436Z  INFO scan_sources: tailwindcss_oxide::scanner: Discovering "/Users/williamwallacepro/Windsurf/TravelAIgentSvelte/TravelerAIgent-Svelte/src/lib/components/ui/select"
2025-05-18T01:13:38.569487Z  INFO scan_sources: tailwindcss_oxide::scanner: Discovering "/Users/williamwallacepro/Windsurf/TravelAIgentSvelte/TravelerAIgent-Svelte/src/lib/components/ui/select/select-separator.svelte"
2025-05-18T01:13:38.569515Z  INFO scan_sources: tailwindcss_oxide::scanner: Discovering "/Users/williamwallacepro/Windsurf/TravelAIgentSvelte/TravelerAIgent-Svelte/src/lib/components/ui/select/select-label.svelte"
2025-05-18T01:13:38.569526Z  INFO scan_sources: tailwindcss_oxide::scanner: Discovering "/Users/williamwallacepro/Windsurf/TravelAIgentSvelte/TravelerAIgent-Svelte/src/lib/components/ui/select/select-item.svelte"
2025-05-18T01:13:38.569535Z  INFO scan_sources: tailwindcss_oxide::scanner: Discovering "/Users/williamwallacepro/Windsurf/TravelAIgentSvelte/TravelerAIgent-Svelte/src/lib/components/ui/select/select-content.svelte"
2025-05-18T01:13:38.569544Z  INFO scan_sources: tailwindcss_oxide::scanner: Discovering "/Users/williamwallacepro/Windsurf/TravelAIgentSvelte/TravelerAIgent-Svelte/src/lib/components/ui/select/select-trigger.svelte"
2025-05-18T01:13:38.569555Z  INFO scan_sources: tailwindcss_oxide::scanner: Discovering "/Users/williamwallacepro/Windsurf/TravelAIgentSvelte/TravelerAIgent-Svelte/src/lib/components/ui/select/index.ts"
2025-05-18T01:13:38.569660Z  INFO scan_sources: tailwindcss_oxide::scanner: Discovering "/Users/williamwallacepro/Windsurf/TravelAIgentSvelte/TravelerAIgent-Svelte/src/lib/components/ui/sheet"
2025-05-18T01:13:38.569683Z  INFO scan_sources: tailwindcss_oxide::scanner: Discovering "/Users/williamwallacepro/Windsurf/TravelAIgentSvelte/TravelerAIgent-Svelte/src/lib/components/ui/sheet/sheet-content.svelte"
2025-05-18T01:13:38.569691Z  INFO scan_sources: tailwindcss_oxide::scanner: Discovering "/Users/williamwallacepro/Windsurf/TravelAIgentSvelte/TravelerAIgent-Svelte/src/lib/components/ui/sheet/sheet-footer.svelte"
2025-05-18T01:13:38.569699Z  INFO scan_sources: tailwindcss_oxide::scanner: Discovering "/Users/williamwallacepro/Windsurf/TravelAIgentSvelte/TravelerAIgent-Svelte/src/lib/components/ui/sheet/sheet-portal.svelte"
2025-05-18T01:13:38.569706Z  INFO scan_sources: tailwindcss_oxide::scanner: Discovering "/Users/williamwallacepro/Windsurf/TravelAIgentSvelte/TravelerAIgent-Svelte/src/lib/components/ui/sheet/sheet-overlay.svelte"
2025-05-18T01:13:38.569713Z  INFO scan_sources: tailwindcss_oxide::scanner: Discovering "/Users/williamwallacepro/Windsurf/TravelAIgentSvelte/TravelerAIgent-Svelte/src/lib/components/ui/sheet/sheet-header.svelte"
2025-05-18T01:13:38.569729Z  INFO scan_sources: tailwindcss_oxide::scanner: Discovering "/Users/williamwallacepro/Windsurf/TravelAIgentSvelte/TravelerAIgent-Svelte/src/lib/components/ui/sheet/sheet-title.svelte"
2025-05-18T01:13:38.569737Z  INFO scan_sources: tailwindcss_oxide::scanner: Discovering "/Users/williamwallacepro/Windsurf/TravelAIgentSvelte/TravelerAIgent-Svelte/src/lib/components/ui/sheet/index.ts"
2025-05-18T01:13:38.569746Z  INFO scan_sources: tailwindcss_oxide::scanner: Discovering "/Users/williamwallacepro/Windsurf/TravelAIgentSvelte/TravelerAIgent-Svelte/src/lib/components/ui/sheet/sheet-description.svelte"
2025-05-18T01:13:38.569834Z  INFO scan_sources: tailwindcss_oxide::scanner: Discovering "/Users/williamwallacepro/Windsurf/TravelAIgentSvelte/TravelerAIgent-Svelte/src/lib/components/layout"
2025-05-18T01:13:38.569862Z  INFO scan_sources: tailwindcss_oxide::scanner: Discovering "/Users/williamwallacepro/Windsurf/TravelAIgentSvelte/TravelerAIgent-Svelte/src/lib/components/layout/Header.svelte"
2025-05-18T01:13:38.569871Z  INFO scan_sources: tailwindcss_oxide::scanner: Discovering "/Users/williamwallacepro/Windsurf/TravelAIgentSvelte/TravelerAIgent-Svelte/src/lib/components/layout/Footer.svelte"
2025-05-18T01:13:38.569951Z  INFO scan_sources: tailwindcss_oxide::scanner: Discovering "/Users/williamwallacepro/Windsurf/TravelAIgentSvelte/TravelerAIgent-Svelte/src/lib/components/theme-toggle"
2025-05-18T01:13:38.569985Z  INFO scan_sources: tailwindcss_oxide::scanner: Discovering "/Users/williamwallacepro/Windsurf/TravelAIgentSvelte/TravelerAIgent-Svelte/src/lib/components/theme-toggle/index.ts"
2025-05-18T01:13:38.569997Z  INFO scan_sources: tailwindcss_oxide::scanner: Discovering "/Users/williamwallacepro/Windsurf/TravelAIgentSvelte/TravelerAIgent-Svelte/src/lib/components/theme-toggle/theme-toggle.svelte"
2025-05-18T01:13:38.570027Z  INFO scan_sources: tailwindcss_oxide::scanner: Discovering "/Users/williamwallacepro/Windsurf/TravelAIgentSvelte/TravelerAIgent-Svelte/src/lib/index.ts"
2025-05-18T01:13:38.570043Z  INFO scan_sources: tailwindcss_oxide::scanner: Discovering "/Users/williamwallacepro/Windsurf/TravelAIgentSvelte/TravelerAIgent-Svelte/src/app.html"
2025-05-18T01:13:38.570052Z  INFO scan_sources: tailwindcss_oxide::scanner: Discovering "/Users/williamwallacepro/Windsurf/TravelAIgentSvelte/TravelerAIgent-Svelte/src/hooks.server.ts"
2025-05-18T01:13:38.570128Z  INFO scan_sources: tailwindcss_oxide::scanner: Discovering "/Users/williamwallacepro/Windsurf/TravelAIgentSvelte/TravelerAIgent-Svelte/src/routes"
2025-05-18T01:13:38.570153Z  INFO scan_sources: tailwindcss_oxide::scanner: Discovering "/Users/williamwallacepro/Windsurf/TravelAIgentSvelte/TravelerAIgent-Svelte/src/routes/+page.server.ts"
2025-05-18T01:13:38.570160Z  INFO scan_sources: tailwindcss_oxide::scanner: Discovering "/Users/williamwallacepro/Windsurf/TravelAIgentSvelte/TravelerAIgent-Svelte/src/routes/+page.svelte"
2025-05-18T01:13:38.570236Z  INFO scan_sources: tailwindcss_oxide::scanner: Discovering "/Users/williamwallacepro/Windsurf/TravelAIgentSvelte/TravelerAIgent-Svelte/src/routes/auth"
2025-05-18T01:13:38.570333Z  INFO scan_sources: tailwindcss_oxide::scanner: Discovering "/Users/williamwallacepro/Windsurf/TravelAIgentSvelte/TravelerAIgent-Svelte/src/routes/auth/signin"
2025-05-18T01:13:38.570357Z  INFO scan_sources: tailwindcss_oxide::scanner: Discovering "/Users/williamwallacepro/Windsurf/TravelAIgentSvelte/TravelerAIgent-Svelte/src/routes/auth/signin/+page.server.ts"
2025-05-18T01:13:38.570368Z  INFO scan_sources: tailwindcss_oxide::scanner: Discovering "/Users/williamwallacepro/Windsurf/TravelAIgentSvelte/TravelerAIgent-Svelte/src/routes/auth/signin/+page.svelte"
2025-05-18T01:13:38.570445Z  INFO scan_sources: tailwindcss_oxide::scanner: Discovering "/Users/williamwallacepro/Windsurf/TravelAIgentSvelte/TravelerAIgent-Svelte/src/routes/auth/signin/github"
2025-05-18T01:13:38.570470Z  INFO scan_sources: tailwindcss_oxide::scanner: Discovering "/Users/williamwallacepro/Windsurf/TravelAIgentSvelte/TravelerAIgent-Svelte/src/routes/auth/signin/github/+server.ts"
2025-05-18T01:13:38.570553Z  INFO scan_sources: tailwindcss_oxide::scanner: Discovering "/Users/williamwallacepro/Windsurf/TravelAIgentSvelte/TravelerAIgent-Svelte/src/routes/auth/callback"
2025-05-18T01:13:38.570636Z  INFO scan_sources: tailwindcss_oxide::scanner: Discovering "/Users/williamwallacepro/Windsurf/TravelAIgentSvelte/TravelerAIgent-Svelte/src/routes/auth/callback/[provider]"
2025-05-18T01:13:38.570655Z  INFO scan_sources: tailwindcss_oxide::scanner: Discovering "/Users/williamwallacepro/Windsurf/TravelAIgentSvelte/TravelerAIgent-Svelte/src/routes/auth/callback/[provider]/+server.ts"
2025-05-18T01:13:38.570741Z  INFO scan_sources: tailwindcss_oxide::scanner: Discovering "/Users/williamwallacepro/Windsurf/TravelAIgentSvelte/TravelerAIgent-Svelte/src/routes/auth/error"
2025-05-18T01:13:38.570759Z  INFO scan_sources: tailwindcss_oxide::scanner: Discovering "/Users/williamwallacepro/Windsurf/TravelAIgentSvelte/TravelerAIgent-Svelte/src/routes/auth/error/+page.svelte"
2025-05-18T01:13:38.570777Z  INFO scan_sources: tailwindcss_oxide::scanner: Discovering "/Users/williamwallacepro/Windsurf/TravelAIgentSvelte/TravelerAIgent-Svelte/src/routes/page.svelte.test.ts"
2025-05-18T01:13:38.570785Z  INFO scan_sources: tailwindcss_oxide::scanner: Discovering "/Users/williamwallacepro/Windsurf/TravelAIgentSvelte/TravelerAIgent-Svelte/src/routes/+layout.server.ts"
2025-05-18T01:13:38.570857Z  INFO scan_sources: tailwindcss_oxide::scanner: Discovering "/Users/williamwallacepro/Windsurf/TravelAIgentSvelte/TravelerAIgent-Svelte/src/routes/trips"
2025-05-18T01:13:38.570875Z  INFO scan_sources: tailwindcss_oxide::scanner: Discovering "/Users/williamwallacepro/Windsurf/TravelAIgentSvelte/TravelerAIgent-Svelte/src/routes/trips/+page.server.ts"
2025-05-18T01:13:38.570886Z  INFO scan_sources: tailwindcss_oxide::scanner: Discovering "/Users/williamwallacepro/Windsurf/TravelAIgentSvelte/TravelerAIgent-Svelte/src/routes/trips/+page.svelte"
2025-05-18T01:13:38.570898Z  INFO scan_sources: tailwindcss_oxide::scanner: Discovering "/Users/williamwallacepro/Windsurf/TravelAIgentSvelte/TravelerAIgent-Svelte/src/routes/+layout.svelte"
2025-05-18T01:13:38.570944Z  INFO scan_sources: tailwindcss_oxide::scanner: exit
2025-05-18T01:13:38.570948Z  INFO extract_candidates: tailwindcss_oxide::scanner: enter
2025-05-18T01:13:38.570952Z  INFO extract_candidates:read_all_files: tailwindcss_oxide::scanner: enter
2025-05-18T01:13:38.570954Z  INFO extract_candidates:read_all_files: tailwindcss_oxide::scanner: Reading 133 file(s)
2025-05-18T01:13:38.571586Z  INFO tailwindcss_oxide::scanner: Reading "/Users/williamwallacepro/Windsurf/TravelAIgentSvelte/TravelerAIgent-Svelte/TravelerAIgent-Svelte.code-workspace"
2025-05-18T01:13:38.571587Z  INFO tailwindcss_oxide::scanner: Reading "/Users/williamwallacepro/Windsurf/TravelAIgentSvelte/TravelerAIgent-Svelte/package.json"
2025-05-18T01:13:38.571586Z  INFO tailwindcss_oxide::scanner: Reading "/Users/williamwallacepro/Windsurf/TravelAIgentSvelte/TravelerAIgent-Svelte/static/Documentation/implementationofreviews.md"
2025-05-18T01:13:38.571599Z  INFO tailwindcss_oxide::scanner: Reading "/Users/williamwallacepro/Windsurf/TravelAIgentSvelte/TravelerAIgent-Svelte/static/Documentation/Implemented/enhancedresponsivedesignfortablets.md"
2025-05-18T01:13:38.571979Z  INFO tailwindcss_oxide::scanner: Reading "/Users/williamwallacepro/Windsurf/TravelAIgentSvelte/TravelerAIgent-Svelte/LICENSE"
2025-05-18T01:13:38.571992Z  INFO tailwindcss_oxide::scanner: Reading "/Users/williamwallacepro/Windsurf/TravelAIgentSvelte/TravelerAIgent-Svelte/static/Documentation/Svelte Conversion/Conversion Implementation Steps.md"
2025-05-18T01:13:38.571984Z  INFO tailwindcss_oxide::scanner: Reading "/Users/williamwallacepro/Windsurf/TravelAIgentSvelte/TravelerAIgent-Svelte/static/Documentation/assistedtripcreation.md"
2025-05-18T01:13:38.572013Z  INFO tailwindcss_oxide::scanner: Reading "/Users/williamwallacepro/Windsurf/TravelAIgentSvelte/TravelerAIgent-Svelte/Documentation/Implemented/enhancedresponsivedesignfortablets.md"
2025-05-18T01:13:38.572030Z  INFO tailwindcss_oxide::scanner: Reading "/Users/williamwallacepro/Windsurf/TravelAIgentSvelte/TravelerAIgent-Svelte/src/lib/components/ui/card/card.svelte"
2025-05-18T01:13:38.572050Z  INFO tailwindcss_oxide::scanner: Reading "/Users/williamwallacepro/Windsurf/TravelAIgentSvelte/TravelerAIgent-Svelte/static/Documentation/Testing/Mobile vs Desktop"
2025-05-18T01:13:38.572065Z  INFO tailwindcss_oxide::scanner: Reading "/Users/williamwallacepro/Windsurf/TravelAIgentSvelte/TravelerAIgent-Svelte/Documentation/FutureFeatures/searchingsocialmedia.md"
2025-05-18T01:13:38.572052Z  INFO tailwindcss_oxide::scanner: Reading "/Users/williamwallacepro/Windsurf/TravelAIgentSvelte/TravelerAIgent-Svelte/static/Documentation/FutureFeatures/augmentedrealitydestinationpreview.md"
2025-05-18T01:13:38.572090Z  INFO tailwindcss_oxide::scanner: Reading "/Users/williamwallacepro/Windsurf/TravelAIgentSvelte/TravelerAIgent-Svelte/Documentation/Svelte Conversion/Svelte Conversion Cascade Assessment.md"
2025-05-18T01:13:38.572100Z  INFO tailwindcss_oxide::scanner: Reading "/Users/williamwallacepro/Windsurf/TravelAIgentSvelte/TravelerAIgent-Svelte/static/Documentation/ImplementationDesignandDetails/AI-TripRecommendations.md"
2025-05-18T01:13:38.572105Z  INFO tailwindcss_oxide::scanner: Reading "/Users/williamwallacepro/Windsurf/TravelAIgentSvelte/TravelerAIgent-Svelte/src/lib/components/ui/button/index.ts"
2025-05-18T01:13:38.572016Z  INFO tailwindcss_oxide::scanner: Reading "/Users/williamwallacepro/Windsurf/TravelAIgentSvelte/TravelerAIgent-Svelte/static/Documentation/ImplementationDesignandDetails/CurrentChecklistRequirementsImplementations.md"
2025-05-18T01:13:38.572155Z  INFO tailwindcss_oxide::scanner: Reading "/Users/williamwallacepro/Windsurf/TravelAIgentSvelte/TravelerAIgent-Svelte/Documentation/ImplementationDesignandDetails/AI-TripRecommendations.md"
2025-05-18T01:13:38.572117Z  INFO tailwindcss_oxide::scanner: Reading "/Users/williamwallacepro/Windsurf/TravelAIgentSvelte/TravelerAIgent-Svelte/vitest-setup-client.ts"
2025-05-18T01:13:38.572131Z  INFO tailwindcss_oxide::scanner: Reading "/Users/williamwallacepro/Windsurf/TravelAIgentSvelte/TravelerAIgent-Svelte/static/Documentation/FutureFeatures/PersonalizedTravelAdvisor.md"
2025-05-18T01:13:38.572080Z  INFO tailwindcss_oxide::scanner: Reading "/Users/williamwallacepro/Windsurf/TravelAIgentSvelte/TravelerAIgent-Svelte/static/Documentation/FutureFeatures/searchingsocialmedia.md"
2025-05-18T01:13:38.572163Z  INFO tailwindcss_oxide::scanner: Reading "/Users/williamwallacepro/Windsurf/TravelAIgentSvelte/TravelerAIgent-Svelte/src/lib/components/ui/card/index.ts"
2025-05-18T01:13:38.572038Z  INFO tailwindcss_oxide::scanner: Reading "/Users/williamwallacepro/Windsurf/TravelAIgentSvelte/TravelerAIgent-Svelte/README.md"
2025-05-18T01:13:38.572162Z  INFO tailwindcss_oxide::scanner: Reading "/Users/williamwallacepro/Windsurf/TravelAIgentSvelte/TravelerAIgent-Svelte/Documentation/assistedtripcreation.md"
2025-05-18T01:13:38.572178Z  INFO tailwindcss_oxide::scanner: Reading "/Users/williamwallacepro/Windsurf/TravelAIgentSvelte/TravelerAIgent-Svelte/src/lib/components/theme-toggle/index.ts"
2025-05-18T01:13:38.572772Z  INFO tailwindcss_oxide::scanner: Reading "/Users/williamwallacepro/Windsurf/TravelAIgentSvelte/TravelerAIgent-Svelte/Documentation/Svelte Conversion/Conversion Implementation Steps.md"
2025-05-18T01:13:38.572780Z  INFO tailwindcss_oxide::scanner: Reading "/Users/williamwallacepro/Windsurf/TravelAIgentSvelte/TravelerAIgent-Svelte/src/lib/components/ui/select/select-separator.svelte"
2025-05-18T01:13:38.572775Z  INFO tailwindcss_oxide::scanner: Reading "/Users/williamwallacepro/Windsurf/TravelAIgentSvelte/TravelerAIgent-Svelte/static/Documentation/Svelte Conversion/Svelte Conversion Cascade Assessment.md"
2025-05-18T01:13:38.572797Z  INFO tailwindcss_oxide::scanner: Reading "/Users/williamwallacepro/Windsurf/TravelAIgentSvelte/TravelerAIgent-Svelte/src/lib/components/ui/dropdown-menu/dropdown-separator.svelte"
2025-05-18T01:13:38.572815Z  INFO tailwindcss_oxide::scanner: Reading "/Users/williamwallacepro/Windsurf/TravelAIgentSvelte/TravelerAIgent-Svelte/Documentation/FutureFeatures/PersonalizedTravelAdvisor.md"
2025-05-18T01:13:38.572824Z  INFO tailwindcss_oxide::scanner: Reading "/Users/williamwallacepro/Windsurf/TravelAIgentSvelte/TravelerAIgent-Svelte/Documentation/ImplementationDesignandDetails/CurrentChecklistRequirementsImplementations.md"
2025-05-18T01:13:38.572829Z  INFO tailwindcss_oxide::scanner: Reading "/Users/williamwallacepro/Windsurf/TravelAIgentSvelte/TravelerAIgent-Svelte/.npmrc"
2025-05-18T01:13:38.572794Z  INFO tailwindcss_oxide::scanner: Reading "/Users/williamwallacepro/Windsurf/TravelAIgentSvelte/TravelerAIgent-Svelte/static/Documentation/FutureFeatures/interactivetripmemoryscrapbookwithAI-generatedcaptions.md"
2025-05-18T01:13:38.572860Z  INFO tailwindcss_oxide::scanner: Reading "/Users/williamwallacepro/Windsurf/TravelAIgentSvelte/TravelerAIgent-Svelte/src/lib/components/ui/sheet/sheet-footer.svelte"
2025-05-18T01:13:38.572840Z  INFO tailwindcss_oxide::scanner: Reading "/Users/williamwallacepro/Windsurf/TravelAIgentSvelte/TravelerAIgent-Svelte/src/lib/components/ui/alert/index.ts"
2025-05-18T01:13:38.572886Z  INFO tailwindcss_oxide::scanner: Reading "/Users/williamwallacepro/Windsurf/TravelAIgentSvelte/TravelerAIgent-Svelte/src/lib/components/ui/select/select-label.svelte"
2025-05-18T01:13:38.572901Z  INFO tailwindcss_oxide::scanner: Reading "/Users/williamwallacepro/Windsurf/TravelAIgentSvelte/TravelerAIgent-Svelte/Documentation/Testing/Mobile vs Desktop"
2025-05-18T01:13:38.572875Z  INFO tailwindcss_oxide::scanner: Reading "/Users/williamwallacepro/Windsurf/TravelAIgentSvelte/TravelerAIgent-Svelte/src/lib/components/theme-toggle/theme-toggle.svelte"
2025-05-18T01:13:38.572851Z  INFO tailwindcss_oxide::scanner: Reading "/Users/williamwallacepro/Windsurf/TravelAIgentSvelte/TravelerAIgent-Svelte/src/lib/components/ui/card/card-content.svelte"
2025-05-18T01:13:38.572895Z  INFO tailwindcss_oxide::scanner: Reading "/Users/williamwallacepro/Windsurf/TravelAIgentSvelte/TravelerAIgent-Svelte/src/lib/components/ui/sheet/sheet-title.svelte"
2025-05-18T01:13:38.572908Z  INFO tailwindcss_oxide::scanner: Reading "/Users/williamwallacepro/Windsurf/TravelAIgentSvelte/TravelerAIgent-Svelte/src/lib/components/ui/dropdown-menu/dropdown-label.svelte"
2025-05-18T01:13:38.572879Z  INFO tailwindcss_oxide::scanner: Reading "/Users/williamwallacepro/Windsurf/TravelAIgentSvelte/TravelerAIgent-Svelte/src/routes/auth/signin/+page.svelte"
2025-05-18T01:13:38.572981Z  INFO tailwindcss_oxide::scanner: Reading "/Users/williamwallacepro/Windsurf/TravelAIgentSvelte/TravelerAIgent-Svelte/src/lib/components/ui/sheet/sheet-portal.svelte"
2025-05-18T01:13:38.572988Z  INFO tailwindcss_oxide::scanner: Reading "/Users/williamwallacepro/Windsurf/TravelAIgentSvelte/TravelerAIgent-Svelte/src/lib/components/ui/alert/alert.svelte"
2025-05-18T01:13:38.572945Z  INFO tailwindcss_oxide::scanner: Reading "/Users/williamwallacepro/Windsurf/TravelAIgentSvelte/TravelerAIgent-Svelte/src/lib/components/ui/sheet/sheet-overlay.svelte"
2025-05-18T01:13:38.572956Z  INFO tailwindcss_oxide::scanner: Reading "/Users/williamwallacepro/Windsurf/TravelAIgentSvelte/TravelerAIgent-Svelte/.prettierignore"
2025-05-18T01:13:38.572968Z  INFO tailwindcss_oxide::scanner: Reading "/Users/williamwallacepro/Windsurf/TravelAIgentSvelte/TravelerAIgent-Svelte/static/Documentation/ImplementationDesignandDetail/BudgetHeatmap.md"
2025-05-18T01:13:38.573035Z  INFO tailwindcss_oxide::scanner: Reading "/Users/williamwallacepro/Windsurf/TravelAIgentSvelte/TravelerAIgent-Svelte/src/lib/components/ui/card/card-footer.svelte"
2025-05-18T01:13:38.573042Z  INFO tailwindcss_oxide::scanner: Reading "/Users/williamwallacepro/Windsurf/TravelAIgentSvelte/TravelerAIgent-Svelte/src/lib/components/ui/sheet/index.ts"
2025-05-18T01:13:38.573017Z  INFO tailwindcss_oxide::scanner: Reading "/Users/williamwallacepro/Windsurf/TravelAIgentSvelte/TravelerAIgent-Svelte/src/lib/components/ui/select/select-item.svelte"
2025-05-18T01:13:38.573019Z  INFO tailwindcss_oxide::scanner: Reading "/Users/williamwallacepro/Windsurf/TravelAIgentSvelte/TravelerAIgent-Svelte/src/lib/index.ts"
2025-05-18T01:13:38.573017Z  INFO tailwindcss_oxide::scanner: Reading "/Users/williamwallacepro/Windsurf/TravelAIgentSvelte/TravelerAIgent-Svelte/src/hooks.server.ts"
2025-05-18T01:13:38.572928Z  INFO tailwindcss_oxide::scanner: Reading "/Users/williamwallacepro/Windsurf/TravelAIgentSvelte/TravelerAIgent-Svelte/Documentation/implementationofreviews.md"
2025-05-18T01:13:38.572942Z  INFO tailwindcss_oxide::scanner: Reading "/Users/williamwallacepro/Windsurf/TravelAIgentSvelte/TravelerAIgent-Svelte/Documentation/FutureFeatures/augmentedrealitydestinationpreview.md"
2025-05-18T01:13:38.573059Z  INFO tailwindcss_oxide::scanner: Reading "/Users/williamwallacepro/Windsurf/TravelAIgentSvelte/TravelerAIgent-Svelte/src/lib/components/ui/dropdown-menu/dropdown-content.svelte"
2025-05-18T01:13:38.573076Z  INFO tailwindcss_oxide::scanner: Reading "/Users/williamwallacepro/Windsurf/TravelAIgentSvelte/TravelerAIgent-Svelte/src/routes/auth/signin/github/+server.ts"
2025-05-18T01:13:38.573147Z  INFO tailwindcss_oxide::scanner: Reading "/Users/williamwallacepro/Windsurf/TravelAIgentSvelte/TravelerAIgent-Svelte/src/app.html"
2025-05-18T01:13:38.573084Z  INFO tailwindcss_oxide::scanner: Reading "/Users/williamwallacepro/Windsurf/TravelAIgentSvelte/TravelerAIgent-Svelte/src/lib/components/ui/dialog/dialog-title.svelte"
2025-05-18T01:13:38.573170Z  INFO tailwindcss_oxide::scanner: Reading "/Users/williamwallacepro/Windsurf/TravelAIgentSvelte/TravelerAIgent-Svelte/src/lib/components/ui/skeleton/skeleton.svelte"
2025-05-18T01:13:38.573331Z  INFO tailwindcss_oxide::scanner: Reading "/Users/williamwallacepro/Windsurf/TravelAIgentSvelte/TravelerAIgent-Svelte/src/routes/+page.server.ts"
2025-05-18T01:13:38.573469Z  INFO tailwindcss_oxide::scanner: Reading "/Users/williamwallacepro/Windsurf/TravelAIgentSvelte/TravelerAIgent-Svelte/src/lib/components/ui/select/select-content.svelte"
2025-05-18T01:13:38.573520Z  INFO tailwindcss_oxide::scanner: Reading "/Users/williamwallacepro/Windsurf/TravelAIgentSvelte/TravelerAIgent-Svelte/src/lib/components/ui/sheet/sheet-header.svelte"
2025-05-18T01:13:38.573524Z  INFO tailwindcss_oxide::scanner: Reading "/Users/williamwallacepro/Windsurf/TravelAIgentSvelte/TravelerAIgent-Svelte/Documentation/FutureFeatures/interactivetripmemoryscrapbookwithAI-generatedcaptions.md"
2025-05-18T01:13:38.573569Z  INFO tailwindcss_oxide::scanner: Reading "/Users/williamwallacepro/Windsurf/TravelAIgentSvelte/TravelerAIgent-Svelte/src/routes/+page.svelte"
2025-05-18T01:13:38.573584Z  INFO tailwindcss_oxide::scanner: Reading "/Users/williamwallacepro/Windsurf/TravelAIgentSvelte/TravelerAIgent-Svelte/src/lib/components/ui/dialog/dialog-footer.svelte"
2025-05-18T01:13:38.573589Z  INFO tailwindcss_oxide::scanner: Reading "/Users/williamwallacepro/Windsurf/TravelAIgentSvelte/TravelerAIgent-Svelte/src/lib/components/ui/skeleton/index.ts"
2025-05-18T01:13:38.573659Z  INFO tailwindcss_oxide::scanner: Reading "/Users/williamwallacepro/Windsurf/TravelAIgentSvelte/TravelerAIgent-Svelte/src/lib/components/ui/input/input.svelte"
2025-05-18T01:13:38.573717Z  INFO tailwindcss_oxide::scanner: Reading "/Users/williamwallacepro/Windsurf/TravelAIgentSvelte/TravelerAIgent-Svelte/static/Documentation/ImplementationDesignandDetail/OnboardingTutorial.md"
2025-05-18T01:13:38.573727Z  INFO tailwindcss_oxide::scanner: Reading "/Users/williamwallacepro/Windsurf/TravelAIgentSvelte/TravelerAIgent-Svelte/Documentation/ImplementationDesignandDetail/BudgetHeatmap.md"
2025-05-18T01:13:38.573736Z  INFO tailwindcss_oxide::scanner: Reading "/Users/williamwallacepro/Windsurf/TravelAIgentSvelte/TravelerAIgent-Svelte/src/lib/components/ui/sheet/sheet-description.svelte"
2025-05-18T01:13:38.573738Z  INFO tailwindcss_oxide::scanner: Reading "/Users/williamwallacepro/Windsurf/TravelAIgentSvelte/TravelerAIgent-Svelte/src/lib/components/ui/select/index.ts"
2025-05-18T01:13:38.573762Z  INFO tailwindcss_oxide::scanner: Reading "/Users/williamwallacepro/Windsurf/TravelAIgentSvelte/TravelerAIgent-Svelte/svelte.config.js"
2025-05-18T01:13:38.573928Z  INFO tailwindcss_oxide::scanner: Reading "/Users/williamwallacepro/Windsurf/TravelAIgentSvelte/TravelerAIgent-Svelte/src/lib/components/ui/dropdown-menu/dropdown-item.svelte"
2025-05-18T01:13:38.573939Z  INFO tailwindcss_oxide::scanner: Reading "/Users/williamwallacepro/Windsurf/TravelAIgentSvelte/TravelerAIgent-Svelte/src/lib/components/ui/sheet/sheet-content.svelte"
2025-05-18T01:13:38.573955Z  INFO tailwindcss_oxide::scanner: Reading "/Users/williamwallacepro/Windsurf/TravelAIgentSvelte/TravelerAIgent-Svelte/src/lib/components/ui/select/select-trigger.svelte"
2025-05-18T01:13:38.573958Z  INFO tailwindcss_oxide::scanner: Reading "/Users/williamwallacepro/Windsurf/TravelAIgentSvelte/TravelerAIgent-Svelte/src/lib/components/ui/separator/separator.svelte"
2025-05-18T01:13:38.573939Z  INFO tailwindcss_oxide::scanner: Reading "/Users/williamwallacepro/Windsurf/TravelAIgentSvelte/TravelerAIgent-Svelte/src/routes/auth/callback/[provider]/+server.ts"
2025-05-18T01:13:38.573984Z  INFO tailwindcss_oxide::scanner: Reading "/Users/williamwallacepro/Windsurf/TravelAIgentSvelte/TravelerAIgent-Svelte/src/routes/auth/signin/+page.server.ts"
2025-05-18T01:13:38.573994Z  INFO tailwindcss_oxide::scanner: Reading "/Users/williamwallacepro/Windsurf/TravelAIgentSvelte/TravelerAIgent-Svelte/src/lib/components/ui/dialog/dialog-content.svelte"
2025-05-18T01:13:38.573978Z  INFO tailwindcss_oxide::scanner: Reading "/Users/williamwallacepro/Windsurf/TravelAIgentSvelte/TravelerAIgent-Svelte/src/lib/components/ui/dialog/dialog-header.svelte"
2025-05-18T01:13:38.574013Z  INFO tailwindcss_oxide::scanner: Reading "/Users/williamwallacepro/Windsurf/TravelAIgentSvelte/TravelerAIgent-Svelte/tailwind.config.js"
2025-05-18T01:13:38.574056Z  INFO tailwindcss_oxide::scanner: Reading "/Users/williamwallacepro/Windsurf/TravelAIgentSvelte/TravelerAIgent-Svelte/src/lib/components/ui/dropdown-menu/index.ts"
2025-05-18T01:13:38.573998Z  INFO tailwindcss_oxide::scanner: Reading "/Users/williamwallacepro/Windsurf/TravelAIgentSvelte/TravelerAIgent-Svelte/src/lib/components/ui/input/index.ts"
2025-05-18T01:13:38.574072Z  INFO tailwindcss_oxide::scanner: Reading "/Users/williamwallacepro/Windsurf/TravelAIgentSvelte/TravelerAIgent-Svelte/src/lib/components/ui/dialog/dialog-description.svelte"
2025-05-18T01:13:38.574083Z  INFO tailwindcss_oxide::scanner: Reading "/Users/williamwallacepro/Windsurf/TravelAIgentSvelte/TravelerAIgent-Svelte/src/lib/components/ui/separator/index.ts"
2025-05-18T01:13:38.574027Z  INFO tailwindcss_oxide::scanner: Reading "/Users/williamwallacepro/Windsurf/TravelAIgentSvelte/TravelerAIgent-Svelte/Documentation/ImplementationDesignandDetail/OnboardingTutorial.md"
2025-05-18T01:13:38.574027Z  INFO tailwindcss_oxide::scanner: Reading "/Users/williamwallacepro/Windsurf/TravelAIgentSvelte/TravelerAIgent-Svelte/src/lib/components/layout/Header.svelte"
2025-05-18T01:13:38.574131Z  INFO tailwindcss_oxide::scanner: Reading "/Users/williamwallacepro/Windsurf/TravelAIgentSvelte/TravelerAIgent-Svelte/src/lib/components/layout/Footer.svelte"
2025-05-18T01:13:38.574144Z  INFO tailwindcss_oxide::scanner: Reading "/Users/williamwallacepro/Windsurf/TravelAIgentSvelte/TravelerAIgent-Svelte/src/lib/components/ui/dialog/dialog-overlay.svelte"
2025-05-18T01:13:38.574043Z  INFO tailwindcss_oxide::scanner: Reading "/Users/williamwallacepro/Windsurf/TravelAIgentSvelte/TravelerAIgent-Svelte/src/lib/components/ui/dialog/index.ts"
2025-05-18T01:13:38.574016Z  INFO tailwindcss_oxide::scanner: Reading "/Users/williamwallacepro/Windsurf/TravelAIgentSvelte/TravelerAIgent-Svelte/.prettierrc"
2025-05-18T01:13:38.574134Z  INFO tailwindcss_oxide::scanner: Reading "/Users/williamwallacepro/Windsurf/TravelAIgentSvelte/TravelerAIgent-Svelte/src/lib/components/ui/textarea/textarea.svelte"
2025-05-18T01:13:38.574096Z  INFO tailwindcss_oxide::scanner: Reading "/Users/williamwallacepro/Windsurf/TravelAIgentSvelte/TravelerAIgent-Svelte/src/lib/components/ui/label/index.ts"
2025-05-18T01:13:38.574098Z  INFO tailwindcss_oxide::scanner: Reading "/Users/williamwallacepro/Windsurf/TravelAIgentSvelte/TravelerAIgent-Svelte/src/routes/auth/error/+page.svelte"
2025-05-18T01:13:38.574157Z  INFO tailwindcss_oxide::scanner: Reading "/Users/williamwallacepro/Windsurf/TravelAIgentSvelte/TravelerAIgent-Svelte/src/lib/components/ui/alert/alert-description.svelte"
2025-05-18T01:13:38.574173Z  INFO tailwindcss_oxide::scanner: Reading "/Users/williamwallacepro/Windsurf/TravelAIgentSvelte/TravelerAIgent-Svelte/src/lib/components/ui/dropdown-menu/dropdown-trigger.svelte"
2025-05-18T01:13:38.574184Z  INFO tailwindcss_oxide::scanner: Reading "/Users/williamwallacepro/Windsurf/TravelAIgentSvelte/TravelerAIgent-Svelte/src/lib/components/ui/alert/alert-title.svelte"
2025-05-18T01:13:38.574278Z  INFO tailwindcss_oxide::scanner: Reading "/Users/williamwallacepro/Windsurf/TravelAIgentSvelte/TravelerAIgent-Svelte/src/routes/+layout.server.ts"
2025-05-18T01:13:38.574301Z  INFO tailwindcss_oxide::scanner: Reading "/Users/williamwallacepro/Windsurf/TravelAIgentSvelte/TravelerAIgent-Svelte/src/lib/components/ui/label/label.svelte"
2025-05-18T01:13:38.574818Z  INFO tailwindcss_oxide::scanner: Reading "/Users/williamwallacepro/Windsurf/TravelAIgentSvelte/TravelerAIgent-Svelte/src/routes/trips/+page.server.ts"
2025-05-18T01:13:38.574830Z  INFO tailwindcss_oxide::scanner: Reading "/Users/williamwallacepro/Windsurf/TravelAIgentSvelte/TravelerAIgent-Svelte/src/lib/components/ui/button/button.svelte"
2025-05-18T01:13:38.574842Z  INFO tailwindcss_oxide::scanner: Reading "/Users/williamwallacepro/Windsurf/TravelAIgentSvelte/TravelerAIgent-Svelte/src/lib/components/ui/textarea/index.ts"
2025-05-18T01:13:38.574847Z  INFO tailwindcss_oxide::scanner: Reading "/Users/williamwallacepro/Windsurf/TravelAIgentSvelte/TravelerAIgent-Svelte/src/routes/page.svelte.test.ts"
2025-05-18T01:13:38.574875Z  INFO tailwindcss_oxide::scanner: Reading "/Users/williamwallacepro/Windsurf/TravelAIgentSvelte/TravelerAIgent-Svelte/src/lib/components/ui/form/form-field-errors.svelte"
2025-05-18T01:13:38.574860Z  INFO tailwindcss_oxide::scanner: Reading "/Users/williamwallacepro/Windsurf/TravelAIgentSvelte/TravelerAIgent-Svelte/src/routes/trips/+page.svelte"
2025-05-18T01:13:38.574895Z  INFO tailwindcss_oxide::scanner: Reading "/Users/williamwallacepro/Windsurf/TravelAIgentSvelte/TravelerAIgent-Svelte/src/hooks.client.ts"
2025-05-18T01:13:38.574907Z  INFO tailwindcss_oxide::scanner: Reading "/Users/williamwallacepro/Windsurf/TravelAIgentSvelte/TravelerAIgent-Svelte/src/lib/server/auth.ts"
2025-05-18T01:13:38.574914Z  INFO tailwindcss_oxide::scanner: Reading "/Users/williamwallacepro/Windsurf/TravelAIgentSvelte/TravelerAIgent-Svelte/e2e/demo.test.ts"
2025-05-18T01:13:38.574870Z  INFO tailwindcss_oxide::scanner: Reading "/Users/williamwallacepro/Windsurf/TravelAIgentSvelte/TravelerAIgent-Svelte/components.json"
2025-05-18T01:13:38.574831Z  INFO tailwindcss_oxide::scanner: Reading "/Users/williamwallacepro/Windsurf/TravelAIgentSvelte/TravelerAIgent-Svelte/src/lib/components/ui/dialog/dialog-portal.svelte"
2025-05-18T01:13:38.574899Z  INFO tailwindcss_oxide::scanner: Reading "/Users/williamwallacepro/Windsurf/TravelAIgentSvelte/TravelerAIgent-Svelte/src/lib/components/ui/form/form-button.svelte"
2025-05-18T01:13:38.574957Z  INFO tailwindcss_oxide::scanner: Reading "/Users/williamwallacepro/Windsurf/TravelAIgentSvelte/TravelerAIgent-Svelte/src/lib/components/ui/form/form-label.svelte"
2025-05-18T01:13:38.574919Z  INFO tailwindcss_oxide::scanner: Reading "/Users/williamwallacepro/Windsurf/TravelAIgentSvelte/TravelerAIgent-Svelte/eslint.config.js"
2025-05-18T01:13:38.574981Z  INFO tailwindcss_oxide::scanner: Reading "/Users/williamwallacepro/Windsurf/TravelAIgentSvelte/TravelerAIgent-Svelte/src/lib/server/db/schema.ts"
2025-05-18T01:13:38.574997Z  INFO tailwindcss_oxide::scanner: Reading "/Users/williamwallacepro/Windsurf/TravelAIgentSvelte/TravelerAIgent-Svelte/src/lib/components/ui/form/form-element-field.svelte"
2025-05-18T01:13:38.575007Z  INFO tailwindcss_oxide::scanner: Reading "/Users/williamwallacepro/Windsurf/TravelAIgentSvelte/TravelerAIgent-Svelte/src/lib/components/ui/form/form-description.svelte"
2025-05-18T01:13:38.575023Z  INFO tailwindcss_oxide::scanner: Reading "/Users/williamwallacepro/Windsurf/TravelAIgentSvelte/TravelerAIgent-Svelte/src/lib/utils.ts"
2025-05-18T01:13:38.574925Z  INFO tailwindcss_oxide::scanner: Reading "/Users/williamwallacepro/Windsurf/TravelAIgentSvelte/TravelerAIgent-Svelte/src/lib/components/ui/form/form-fieldset.svelte"
2025-05-18T01:13:38.575016Z  INFO tailwindcss_oxide::scanner: Reading "/Users/williamwallacepro/Windsurf/TravelAIgentSvelte/TravelerAIgent-Svelte/src/routes/+layout.svelte"
2025-05-18T01:13:38.574969Z  INFO tailwindcss_oxide::scanner: Reading "/Users/williamwallacepro/Windsurf/TravelAIgentSvelte/TravelerAIgent-Svelte/src/demo.spec.ts"
2025-05-18T01:13:38.575073Z  INFO tailwindcss_oxide::scanner: Reading "/Users/williamwallacepro/Windsurf/TravelAIgentSvelte/TravelerAIgent-Svelte/postcss.config.js"
2025-05-18T01:13:38.575085Z  INFO tailwindcss_oxide::scanner: Reading "/Users/williamwallacepro/Windsurf/TravelAIgentSvelte/TravelerAIgent-Svelte/tsconfig.json"
2025-05-18T01:13:38.575051Z  INFO tailwindcss_oxide::scanner: Reading "/Users/williamwallacepro/Windsurf/TravelAIgentSvelte/TravelerAIgent-Svelte/src/lib/server/db/index.ts"
2025-05-18T01:13:38.575104Z  INFO tailwindcss_oxide::scanner: Reading "/Users/williamwallacepro/Windsurf/TravelAIgentSvelte/TravelerAIgent-Svelte/drizzle.config.ts"
2025-05-18T01:13:38.575101Z  INFO tailwindcss_oxide::scanner: Reading "/Users/williamwallacepro/Windsurf/TravelAIgentSvelte/TravelerAIgent-Svelte/src/lib/components/ui/form/form-field.svelte"
2025-05-18T01:13:38.575115Z  INFO tailwindcss_oxide::scanner: Reading "/Users/williamwallacepro/Windsurf/TravelAIgentSvelte/TravelerAIgent-Svelte/src/lib/components/ui/form/index.ts"
2025-05-18T01:13:38.575131Z  INFO tailwindcss_oxide::scanner: Reading "/Users/williamwallacepro/Windsurf/TravelAIgentSvelte/TravelerAIgent-Svelte/.env.example"
2025-05-18T01:13:38.575144Z  INFO tailwindcss_oxide::scanner: Reading "/Users/williamwallacepro/Windsurf/TravelAIgentSvelte/TravelerAIgent-Svelte/src/lib/components/ui/card/card-title.svelte"
2025-05-18T01:13:38.575160Z  INFO tailwindcss_oxide::scanner: Reading "/Users/williamwallacepro/Windsurf/TravelAIgentSvelte/TravelerAIgent-Svelte/playwright.config.ts"
2025-05-18T01:13:38.575175Z  INFO tailwindcss_oxide::scanner: Reading "/Users/williamwallacepro/Windsurf/TravelAIgentSvelte/TravelerAIgent-Svelte/vite.config.ts"
2025-05-18T01:13:38.575147Z  INFO tailwindcss_oxide::scanner: Reading "/Users/williamwallacepro/Windsurf/TravelAIgentSvelte/TravelerAIgent-Svelte/src/lib/components/ui/form/form-legend.svelte"
2025-05-18T01:13:38.575189Z  INFO tailwindcss_oxide::scanner: Reading "/Users/williamwallacepro/Windsurf/TravelAIgentSvelte/TravelerAIgent-Svelte/src/lib/components/ui/card/card-header.svelte"
2025-05-18T01:13:38.575204Z  INFO tailwindcss_oxide::scanner: Reading "/Users/williamwallacepro/Windsurf/TravelAIgentSvelte/TravelerAIgent-Svelte/src/app.d.ts"
2025-05-18T01:13:38.575217Z  INFO tailwindcss_oxide::scanner: Reading "/Users/williamwallacepro/Windsurf/TravelAIgentSvelte/TravelerAIgent-Svelte/src/lib/components/ui/card/card-description.svelte"
2025-05-18T01:13:38.575417Z  INFO extract_candidates:read_all_files: tailwindcss_oxide::scanner: exit
2025-05-18T01:13:38.575424Z  INFO extract_candidates:parse_all_blobs: tailwindcss_oxide::scanner: enter
2025-05-18T01:13:38.575427Z  INFO extract_candidates:parse_all_blobs:extract: tailwindcss_oxide::scanner: enter
2025-05-18T01:13:38.576592Z  INFO extract_candidates:parse_all_blobs:extract: tailwindcss_oxide::scanner: exit
2025-05-18T01:13:38.576613Z  INFO extract_candidates:parse_all_blobs: tailwindcss_oxide::scanner: exit
2025-05-18T01:13:38.576616Z  INFO extract_candidates:read_all_files: tailwindcss_oxide::scanner: enter
2025-05-18T01:13:38.576619Z  INFO extract_candidates:read_all_files: tailwindcss_oxide::scanner: Reading 1 file(s)
2025-05-18T01:13:38.576685Z  INFO extract_candidates:read_all_files: tailwindcss_oxide::scanner: Reading "/Users/williamwallacepro/Windsurf/TravelAIgentSvelte/TravelerAIgent-Svelte/src/app.css"
2025-05-18T01:13:38.576690Z  INFO extract_candidates:read_all_files: tailwindcss_oxide::scanner: exit
2025-05-18T01:13:38.576692Z  INFO extract_candidates:extract_css_variables: tailwindcss_oxide::scanner: enter
2025-05-18T01:13:38.576695Z  INFO extract_candidates:extract_css_variables:extract: tailwindcss_oxide::scanner: enter
2025-05-18T01:13:38.576823Z  INFO extract_candidates:extract_css_variables:extract: tailwindcss_oxide::scanner: exit
2025-05-18T01:13:38.576829Z  INFO extract_candidates:extract_css_variables: tailwindcss_oxide::scanner: exit
2025-05-18T01:13:38.577300Z  INFO extract_candidates: tailwindcss_oxide::scanner: exit
2025-05-18T01:13:38.578158Z  INFO get_files: tailwindcss_oxide::scanner: enter
2025-05-18T01:13:38.578163Z  INFO get_files:scan_sources: tailwindcss_oxide::scanner: enter
2025-05-18T01:13:38.578567Z  INFO get_files:scan_sources: tailwindcss_oxide::scanner: Discovering "/Users/williamwallacepro/Windsurf/TravelAIgentSvelte/TravelerAIgent-Svelte/Documentation"
2025-05-18T01:13:38.578624Z  INFO get_files:scan_sources: tailwindcss_oxide::scanner: Discovering "/Users/williamwallacepro/Windsurf/TravelAIgentSvelte/TravelerAIgent-Svelte/Documentation/Implemented"
2025-05-18T01:13:38.578712Z  INFO get_files:scan_sources: tailwindcss_oxide::scanner: Discovering "/Users/williamwallacepro/Windsurf/TravelAIgentSvelte/TravelerAIgent-Svelte/Documentation/ImplementationDesignandDetails"
2025-05-18T01:13:38.578781Z  INFO get_files:scan_sources: tailwindcss_oxide::scanner: Discovering "/Users/williamwallacepro/Windsurf/TravelAIgentSvelte/TravelerAIgent-Svelte/Documentation/Svelte Conversion"
2025-05-18T01:13:38.578865Z  INFO get_files:scan_sources: tailwindcss_oxide::scanner: Discovering "/Users/williamwallacepro/Windsurf/TravelAIgentSvelte/TravelerAIgent-Svelte/Documentation/Testing"
2025-05-18T01:13:38.578975Z  INFO get_files:scan_sources: tailwindcss_oxide::scanner: Discovering "/Users/williamwallacepro/Windsurf/TravelAIgentSvelte/TravelerAIgent-Svelte/Documentation/FutureFeatures"
2025-05-18T01:13:38.579055Z  INFO get_files:scan_sources: tailwindcss_oxide::scanner: Discovering "/Users/williamwallacepro/Windsurf/TravelAIgentSvelte/TravelerAIgent-Svelte/Documentation/ImplementationDesignandDetail"
2025-05-18T01:13:38.579243Z  INFO get_files:scan_sources: tailwindcss_oxide::scanner: Discovering "/Users/williamwallacepro/Windsurf/TravelAIgentSvelte/TravelerAIgent-Svelte/static"
2025-05-18T01:13:38.579305Z  INFO get_files:scan_sources: tailwindcss_oxide::scanner: Discovering "/Users/williamwallacepro/Windsurf/TravelAIgentSvelte/TravelerAIgent-Svelte/static/Documentation"
2025-05-18T01:13:38.579379Z  INFO get_files:scan_sources: tailwindcss_oxide::scanner: Discovering "/Users/williamwallacepro/Windsurf/TravelAIgentSvelte/TravelerAIgent-Svelte/static/Documentation/Implemented"
2025-05-18T01:13:38.579459Z  INFO get_files:scan_sources: tailwindcss_oxide::scanner: Discovering "/Users/williamwallacepro/Windsurf/TravelAIgentSvelte/TravelerAIgent-Svelte/static/Documentation/ImplementationDesignandDetails"
2025-05-18T01:13:38.579531Z  INFO get_files:scan_sources: tailwindcss_oxide::scanner: Discovering "/Users/williamwallacepro/Windsurf/TravelAIgentSvelte/TravelerAIgent-Svelte/static/Documentation/Svelte Conversion"
2025-05-18T01:13:38.579603Z  INFO get_files:scan_sources: tailwindcss_oxide::scanner: Discovering "/Users/williamwallacepro/Windsurf/TravelAIgentSvelte/TravelerAIgent-Svelte/static/Documentation/Testing"
2025-05-18T01:13:38.579673Z  INFO get_files:scan_sources: tailwindcss_oxide::scanner: Discovering "/Users/williamwallacepro/Windsurf/TravelAIgentSvelte/TravelerAIgent-Svelte/static/Documentation/FutureFeatures"
2025-05-18T01:13:38.579768Z  INFO get_files:scan_sources: tailwindcss_oxide::scanner: Discovering "/Users/williamwallacepro/Windsurf/TravelAIgentSvelte/TravelerAIgent-Svelte/static/Documentation/ImplementationDesignandDetail"
2025-05-18T01:13:38.580005Z  INFO get_files:scan_sources: tailwindcss_oxide::scanner: Discovering "/Users/williamwallacepro/Windsurf/TravelAIgentSvelte/TravelerAIgent-Svelte/e2e"
2025-05-18T01:13:38.580070Z  INFO get_files:scan_sources: tailwindcss_oxide::scanner: Discovering "/Users/williamwallacepro/Windsurf/TravelAIgentSvelte/TravelerAIgent-Svelte/src"
2025-05-18T01:13:38.580145Z  INFO get_files:scan_sources: tailwindcss_oxide::scanner: Discovering "/Users/williamwallacepro/Windsurf/TravelAIgentSvelte/TravelerAIgent-Svelte/src/lib"
2025-05-18T01:13:38.580211Z  INFO get_files:scan_sources: tailwindcss_oxide::scanner: Discovering "/Users/williamwallacepro/Windsurf/TravelAIgentSvelte/TravelerAIgent-Svelte/src/lib/auth"
2025-05-18T01:13:38.580275Z  INFO get_files:scan_sources: tailwindcss_oxide::scanner: Discovering "/Users/williamwallacepro/Windsurf/TravelAIgentSvelte/TravelerAIgent-Svelte/src/lib/server"
2025-05-18T01:13:38.580330Z  INFO get_files:scan_sources: tailwindcss_oxide::scanner: Discovering "/Users/williamwallacepro/Windsurf/TravelAIgentSvelte/TravelerAIgent-Svelte/src/lib/server/db"
2025-05-18T01:13:38.580407Z  INFO get_files:scan_sources: tailwindcss_oxide::scanner: Discovering "/Users/williamwallacepro/Windsurf/TravelAIgentSvelte/TravelerAIgent-Svelte/src/lib/components"
2025-05-18T01:13:38.580476Z  INFO get_files:scan_sources: tailwindcss_oxide::scanner: Discovering "/Users/williamwallacepro/Windsurf/TravelAIgentSvelte/TravelerAIgent-Svelte/src/lib/components/ui"
2025-05-18T01:13:38.580552Z  INFO get_files:scan_sources: tailwindcss_oxide::scanner: Discovering "/Users/williamwallacepro/Windsurf/TravelAIgentSvelte/TravelerAIgent-Svelte/src/lib/components/ui/form"
2025-05-18T01:13:38.580649Z  INFO get_files:scan_sources: tailwindcss_oxide::scanner: Discovering "/Users/williamwallacepro/Windsurf/TravelAIgentSvelte/TravelerAIgent-Svelte/src/lib/components/ui/card"
2025-05-18T01:13:38.580754Z  INFO get_files:scan_sources: tailwindcss_oxide::scanner: Discovering "/Users/williamwallacepro/Windsurf/TravelAIgentSvelte/TravelerAIgent-Svelte/src/lib/components/ui/input"
2025-05-18T01:13:38.580824Z  INFO get_files:scan_sources: tailwindcss_oxide::scanner: Discovering "/Users/williamwallacepro/Windsurf/TravelAIgentSvelte/TravelerAIgent-Svelte/src/lib/components/ui/alert"
2025-05-18T01:13:38.580942Z  INFO get_files:scan_sources: tailwindcss_oxide::scanner: Discovering "/Users/williamwallacepro/Windsurf/TravelAIgentSvelte/TravelerAIgent-Svelte/src/lib/components/ui/skeleton"
2025-05-18T01:13:38.581027Z  INFO get_files:scan_sources: tailwindcss_oxide::scanner: Discovering "/Users/williamwallacepro/Windsurf/TravelAIgentSvelte/TravelerAIgent-Svelte/src/lib/components/ui/separator"
2025-05-18T01:13:38.581162Z  INFO get_files:scan_sources: tailwindcss_oxide::scanner: Discovering "/Users/williamwallacepro/Windsurf/TravelAIgentSvelte/TravelerAIgent-Svelte/src/lib/components/ui/label"
2025-05-18T01:13:38.581294Z  INFO get_files:scan_sources: tailwindcss_oxide::scanner: Discovering "/Users/williamwallacepro/Windsurf/TravelAIgentSvelte/TravelerAIgent-Svelte/src/lib/components/ui/dropdown-menu"
2025-05-18T01:13:38.581482Z  INFO get_files:scan_sources: tailwindcss_oxide::scanner: Discovering "/Users/williamwallacepro/Windsurf/TravelAIgentSvelte/TravelerAIgent-Svelte/src/lib/components/ui/dialog"
2025-05-18T01:13:38.581578Z  INFO get_files:scan_sources: tailwindcss_oxide::scanner: Discovering "/Users/williamwallacepro/Windsurf/TravelAIgentSvelte/TravelerAIgent-Svelte/src/lib/components/ui/textarea"
2025-05-18T01:13:38.581660Z  INFO get_files:scan_sources: tailwindcss_oxide::scanner: Discovering "/Users/williamwallacepro/Windsurf/TravelAIgentSvelte/TravelerAIgent-Svelte/src/lib/components/ui/button"
2025-05-18T01:13:38.581735Z  INFO get_files:scan_sources: tailwindcss_oxide::scanner: Discovering "/Users/williamwallacepro/Windsurf/TravelAIgentSvelte/TravelerAIgent-Svelte/src/lib/components/ui/select"
2025-05-18T01:13:38.581838Z  INFO get_files:scan_sources: tailwindcss_oxide::scanner: Discovering "/Users/williamwallacepro/Windsurf/TravelAIgentSvelte/TravelerAIgent-Svelte/src/lib/components/ui/sheet"
2025-05-18T01:13:38.581964Z  INFO get_files:scan_sources: tailwindcss_oxide::scanner: Discovering "/Users/williamwallacepro/Windsurf/TravelAIgentSvelte/TravelerAIgent-Svelte/src/lib/components/layout"
2025-05-18T01:13:38.582050Z  INFO get_files:scan_sources: tailwindcss_oxide::scanner: Discovering "/Users/williamwallacepro/Windsurf/TravelAIgentSvelte/TravelerAIgent-Svelte/src/lib/components/theme-toggle"
2025-05-18T01:13:38.582156Z  INFO get_files:scan_sources: tailwindcss_oxide::scanner: Discovering "/Users/williamwallacepro/Windsurf/TravelAIgentSvelte/TravelerAIgent-Svelte/src/routes"
2025-05-18T01:13:38.582283Z  INFO get_files:scan_sources: tailwindcss_oxide::scanner: Discovering "/Users/williamwallacepro/Windsurf/TravelAIgentSvelte/TravelerAIgent-Svelte/src/routes/auth"
2025-05-18T01:13:38.582357Z  INFO get_files:scan_sources: tailwindcss_oxide::scanner: Discovering "/Users/williamwallacepro/Windsurf/TravelAIgentSvelte/TravelerAIgent-Svelte/src/routes/auth/signin"
2025-05-18T01:13:38.582439Z  INFO get_files:scan_sources: tailwindcss_oxide::scanner: Discovering "/Users/williamwallacepro/Windsurf/TravelAIgentSvelte/TravelerAIgent-Svelte/src/routes/auth/signin/github"
2025-05-18T01:13:38.582524Z  INFO get_files:scan_sources: tailwindcss_oxide::scanner: Discovering "/Users/williamwallacepro/Windsurf/TravelAIgentSvelte/TravelerAIgent-Svelte/src/routes/auth/callback"
2025-05-18T01:13:38.582591Z  INFO get_files:scan_sources: tailwindcss_oxide::scanner: Discovering "/Users/williamwallacepro/Windsurf/TravelAIgentSvelte/TravelerAIgent-Svelte/src/routes/auth/callback/[provider]"
2025-05-18T01:13:38.582672Z  INFO get_files:scan_sources: tailwindcss_oxide::scanner: Discovering "/Users/williamwallacepro/Windsurf/TravelAIgentSvelte/TravelerAIgent-Svelte/src/routes/auth/error"
2025-05-18T01:13:38.582768Z  INFO get_files:scan_sources: tailwindcss_oxide::scanner: Discovering "/Users/williamwallacepro/Windsurf/TravelAIgentSvelte/TravelerAIgent-Svelte/src/routes/trips"
2025-05-18T01:13:38.582855Z  INFO get_files:scan_sources: tailwindcss_oxide::scanner: exit
2025-05-18T01:13:38.583035Z  INFO get_files: tailwindcss_oxide::scanner: exit
2025-05-18T01:13:38.583320Z  INFO get_globs: tailwindcss_oxide::scanner: enter
2025-05-18T01:13:38.583323Z  INFO get_globs:scan_sources: tailwindcss_oxide::scanner: enter
2025-05-18T01:13:38.583739Z  INFO get_globs:scan_sources: tailwindcss_oxide::scanner: Discovering "/Users/williamwallacepro/Windsurf/TravelAIgentSvelte/TravelerAIgent-Svelte/Documentation"
2025-05-18T01:13:38.583802Z  INFO get_globs:scan_sources: tailwindcss_oxide::scanner: Discovering "/Users/williamwallacepro/Windsurf/TravelAIgentSvelte/TravelerAIgent-Svelte/Documentation/Implemented"
2025-05-18T01:13:38.583901Z  INFO get_globs:scan_sources: tailwindcss_oxide::scanner: Discovering "/Users/williamwallacepro/Windsurf/TravelAIgentSvelte/TravelerAIgent-Svelte/Documentation/ImplementationDesignandDetails"
2025-05-18T01:13:38.583974Z  INFO get_globs:scan_sources: tailwindcss_oxide::scanner: Discovering "/Users/williamwallacepro/Windsurf/TravelAIgentSvelte/TravelerAIgent-Svelte/Documentation/Svelte Conversion"
2025-05-18T01:13:38.584048Z  INFO get_globs:scan_sources: tailwindcss_oxide::scanner: Discovering "/Users/williamwallacepro/Windsurf/TravelAIgentSvelte/TravelerAIgent-Svelte/Documentation/Testing"
2025-05-18T01:13:38.584121Z  INFO get_globs:scan_sources: tailwindcss_oxide::scanner: Discovering "/Users/williamwallacepro/Windsurf/TravelAIgentSvelte/TravelerAIgent-Svelte/Documentation/FutureFeatures"
2025-05-18T01:13:38.584211Z  INFO get_globs:scan_sources: tailwindcss_oxide::scanner: Discovering "/Users/williamwallacepro/Windsurf/TravelAIgentSvelte/TravelerAIgent-Svelte/Documentation/ImplementationDesignandDetail"
2025-05-18T01:13:38.584434Z  INFO get_globs:scan_sources: tailwindcss_oxide::scanner: Discovering "/Users/williamwallacepro/Windsurf/TravelAIgentSvelte/TravelerAIgent-Svelte/static"
2025-05-18T01:13:38.584511Z  INFO get_globs:scan_sources: tailwindcss_oxide::scanner: Discovering "/Users/williamwallacepro/Windsurf/TravelAIgentSvelte/TravelerAIgent-Svelte/static/Documentation"
2025-05-18T01:13:38.584596Z  INFO get_globs:scan_sources: tailwindcss_oxide::scanner: Discovering "/Users/williamwallacepro/Windsurf/TravelAIgentSvelte/TravelerAIgent-Svelte/static/Documentation/Implemented"
2025-05-18T01:13:38.584695Z  INFO get_globs:scan_sources: tailwindcss_oxide::scanner: Discovering "/Users/williamwallacepro/Windsurf/TravelAIgentSvelte/TravelerAIgent-Svelte/static/Documentation/ImplementationDesignandDetails"
2025-05-18T01:13:38.584793Z  INFO get_globs:scan_sources: tailwindcss_oxide::scanner: Discovering "/Users/williamwallacepro/Windsurf/TravelAIgentSvelte/TravelerAIgent-Svelte/static/Documentation/Svelte Conversion"
2025-05-18T01:13:38.584871Z  INFO get_globs:scan_sources: tailwindcss_oxide::scanner: Discovering "/Users/williamwallacepro/Windsurf/TravelAIgentSvelte/TravelerAIgent-Svelte/static/Documentation/Testing"
2025-05-18T01:13:38.584948Z  INFO get_globs:scan_sources: tailwindcss_oxide::scanner: Discovering "/Users/williamwallacepro/Windsurf/TravelAIgentSvelte/TravelerAIgent-Svelte/static/Documentation/FutureFeatures"
2025-05-18T01:13:38.585042Z  INFO get_globs:scan_sources: tailwindcss_oxide::scanner: Discovering "/Users/williamwallacepro/Windsurf/TravelAIgentSvelte/TravelerAIgent-Svelte/static/Documentation/ImplementationDesignandDetail"
2025-05-18T01:13:38.585273Z  INFO get_globs:scan_sources: tailwindcss_oxide::scanner: Discovering "/Users/williamwallacepro/Windsurf/TravelAIgentSvelte/TravelerAIgent-Svelte/e2e"
2025-05-18T01:13:38.585339Z  INFO get_globs:scan_sources: tailwindcss_oxide::scanner: Discovering "/Users/williamwallacepro/Windsurf/TravelAIgentSvelte/TravelerAIgent-Svelte/src"
2025-05-18T01:13:38.585414Z  INFO get_globs:scan_sources: tailwindcss_oxide::scanner: Discovering "/Users/williamwallacepro/Windsurf/TravelAIgentSvelte/TravelerAIgent-Svelte/src/lib"
2025-05-18T01:13:38.585475Z  INFO get_globs:scan_sources: tailwindcss_oxide::scanner: Discovering "/Users/williamwallacepro/Windsurf/TravelAIgentSvelte/TravelerAIgent-Svelte/src/lib/auth"
2025-05-18T01:13:38.585540Z  INFO get_globs:scan_sources: tailwindcss_oxide::scanner: Discovering "/Users/williamwallacepro/Windsurf/TravelAIgentSvelte/TravelerAIgent-Svelte/src/lib/server"
2025-05-18T01:13:38.585593Z  INFO get_globs:scan_sources: tailwindcss_oxide::scanner: Discovering "/Users/williamwallacepro/Windsurf/TravelAIgentSvelte/TravelerAIgent-Svelte/src/lib/server/db"
2025-05-18T01:13:38.585698Z  INFO get_globs:scan_sources: tailwindcss_oxide::scanner: Discovering "/Users/williamwallacepro/Windsurf/TravelAIgentSvelte/TravelerAIgent-Svelte/src/lib/components"
2025-05-18T01:13:38.585756Z  INFO get_globs:scan_sources: tailwindcss_oxide::scanner: Discovering "/Users/williamwallacepro/Windsurf/TravelAIgentSvelte/TravelerAIgent-Svelte/src/lib/components/ui"
2025-05-18T01:13:38.585816Z  INFO get_globs:scan_sources: tailwindcss_oxide::scanner: Discovering "/Users/williamwallacepro/Windsurf/TravelAIgentSvelte/TravelerAIgent-Svelte/src/lib/components/ui/form"
2025-05-18T01:13:38.585916Z  INFO get_globs:scan_sources: tailwindcss_oxide::scanner: Discovering "/Users/williamwallacepro/Windsurf/TravelAIgentSvelte/TravelerAIgent-Svelte/src/lib/components/ui/card"
2025-05-18T01:13:38.586005Z  INFO get_globs:scan_sources: tailwindcss_oxide::scanner: Discovering "/Users/williamwallacepro/Windsurf/TravelAIgentSvelte/TravelerAIgent-Svelte/src/lib/components/ui/input"
2025-05-18T01:13:38.586075Z  INFO get_globs:scan_sources: tailwindcss_oxide::scanner: Discovering "/Users/williamwallacepro/Windsurf/TravelAIgentSvelte/TravelerAIgent-Svelte/src/lib/components/ui/alert"
2025-05-18T01:13:38.586150Z  INFO get_globs:scan_sources: tailwindcss_oxide::scanner: Discovering "/Users/williamwallacepro/Windsurf/TravelAIgentSvelte/TravelerAIgent-Svelte/src/lib/components/ui/skeleton"
2025-05-18T01:13:38.586221Z  INFO get_globs:scan_sources: tailwindcss_oxide::scanner: Discovering "/Users/williamwallacepro/Windsurf/TravelAIgentSvelte/TravelerAIgent-Svelte/src/lib/components/ui/separator"
2025-05-18T01:13:38.586301Z  INFO get_globs:scan_sources: tailwindcss_oxide::scanner: Discovering "/Users/williamwallacepro/Windsurf/TravelAIgentSvelte/TravelerAIgent-Svelte/src/lib/components/ui/label"
2025-05-18T01:13:38.586366Z  INFO get_globs:scan_sources: tailwindcss_oxide::scanner: Discovering "/Users/williamwallacepro/Windsurf/TravelAIgentSvelte/TravelerAIgent-Svelte/src/lib/components/ui/dropdown-menu"
2025-05-18T01:13:38.586453Z  INFO get_globs:scan_sources: tailwindcss_oxide::scanner: Discovering "/Users/williamwallacepro/Windsurf/TravelAIgentSvelte/TravelerAIgent-Svelte/src/lib/components/ui/dialog"
2025-05-18T01:13:38.586544Z  INFO get_globs:scan_sources: tailwindcss_oxide::scanner: Discovering "/Users/williamwallacepro/Windsurf/TravelAIgentSvelte/TravelerAIgent-Svelte/src/lib/components/ui/textarea"
2025-05-18T01:13:38.586616Z  INFO get_globs:scan_sources: tailwindcss_oxide::scanner: Discovering "/Users/williamwallacepro/Windsurf/TravelAIgentSvelte/TravelerAIgent-Svelte/src/lib/components/ui/button"
2025-05-18T01:13:38.586682Z  INFO get_globs:scan_sources: tailwindcss_oxide::scanner: Discovering "/Users/williamwallacepro/Windsurf/TravelAIgentSvelte/TravelerAIgent-Svelte/src/lib/components/ui/select"
2025-05-18T01:13:38.586765Z  INFO get_globs:scan_sources: tailwindcss_oxide::scanner: Discovering "/Users/williamwallacepro/Windsurf/TravelAIgentSvelte/TravelerAIgent-Svelte/src/lib/components/ui/sheet"
2025-05-18T01:13:38.586858Z  INFO get_globs:scan_sources: tailwindcss_oxide::scanner: Discovering "/Users/williamwallacepro/Windsurf/TravelAIgentSvelte/TravelerAIgent-Svelte/src/lib/components/layout"
2025-05-18T01:13:38.586933Z  INFO get_globs:scan_sources: tailwindcss_oxide::scanner: Discovering "/Users/williamwallacepro/Windsurf/TravelAIgentSvelte/TravelerAIgent-Svelte/src/lib/components/theme-toggle"
2025-05-18T01:13:38.587026Z  INFO get_globs:scan_sources: tailwindcss_oxide::scanner: Discovering "/Users/williamwallacepro/Windsurf/TravelAIgentSvelte/TravelerAIgent-Svelte/src/routes"
2025-05-18T01:13:38.587090Z  INFO get_globs:scan_sources: tailwindcss_oxide::scanner: Discovering "/Users/williamwallacepro/Windsurf/TravelAIgentSvelte/TravelerAIgent-Svelte/src/routes/auth"
2025-05-18T01:13:38.587142Z  INFO get_globs:scan_sources: tailwindcss_oxide::scanner: Discovering "/Users/williamwallacepro/Windsurf/TravelAIgentSvelte/TravelerAIgent-Svelte/src/routes/auth/signin"
2025-05-18T01:13:38.587203Z  INFO get_globs:scan_sources: tailwindcss_oxide::scanner: Discovering "/Users/williamwallacepro/Windsurf/TravelAIgentSvelte/TravelerAIgent-Svelte/src/routes/auth/signin/github"
2025-05-18T01:13:38.587269Z  INFO get_globs:scan_sources: tailwindcss_oxide::scanner: Discovering "/Users/williamwallacepro/Windsurf/TravelAIgentSvelte/TravelerAIgent-Svelte/src/routes/auth/callback"
2025-05-18T01:13:38.587327Z  INFO get_globs:scan_sources: tailwindcss_oxide::scanner: Discovering "/Users/williamwallacepro/Windsurf/TravelAIgentSvelte/TravelerAIgent-Svelte/src/routes/auth/callback/[provider]"
2025-05-18T01:13:38.587394Z  INFO get_globs:scan_sources: tailwindcss_oxide::scanner: Discovering "/Users/williamwallacepro/Windsurf/TravelAIgentSvelte/TravelerAIgent-Svelte/src/routes/auth/error"
2025-05-18T01:13:38.587471Z  INFO get_globs:scan_sources: tailwindcss_oxide::scanner: Discovering "/Users/williamwallacepro/Windsurf/TravelAIgentSvelte/TravelerAIgent-Svelte/src/routes/trips"
2025-05-18T01:13:38.587539Z  INFO get_globs:scan_sources: tailwindcss_oxide::scanner: exit
2025-05-18T01:13:38.591897Z  INFO get_globs: tailwindcss_oxide::scanner: exit
